2023-09-21 15:36:45.794 [info] Extension host with pid 17936 started
2023-09-21 15:36:45.794 [info] Skipping acquiring lock for /home/user/webpages_tech/lab-04-201/~/.vscode-root/User/workspaceStorage/770755a10cf3677851391e9881332ce3.
2023-09-21 15:36:46.100 [info] ExtensionService#_doActivateExtension vscode.emmet, startup: false, activationEvent: 'onLanguage'
2023-09-21 15:36:46.117 [info] ExtensionService#_doActivateExtension vscode.html-language-features, startup: false, activationEvent: 'onLanguage:html'
2023-09-21 15:36:46.189 [info] ExtensionService#_doActivateExtension ms-edgedevtools.vscode-edge-devtools, startup: false, activationEvent: 'onLanguage:html'
2023-09-21 15:36:46.299 [info] ExtensionService#_doActivateExtension vscode.typescript-language-features, startup: false, activationEvent: 'onLanguage:javascript'
2023-09-21 15:36:47.169 [info] ExtensionService#_doActivateExtension vscode.git-base, startup: true, activationEvent: '*', root cause: vscode.git
2023-09-21 15:36:47.178 [info] ExtensionService#_doActivateExtension oderwat.indent-rainbow, startup: true, activationEvent: '*'
2023-09-21 15:36:47.289 [info] ExtensionService#_doActivateExtension vscode.git, startup: true, activationEvent: '*'
2023-09-21 15:36:47.408 [info] ExtensionService#_doActivateExtension vscode.github, startup: true, activationEvent: '*'
2023-09-21 15:36:47.880 [info] Eager extensions activated
2023-09-21 15:36:48.277 [info] ExtensionService#_doActivateExtension vscode.debug-auto-launch, startup: false, activationEvent: 'onStartupFinished'
2023-09-21 15:36:48.279 [info] ExtensionService#_doActivateExtension vscode.merge-conflict, startup: false, activationEvent: 'onStartupFinished'
2023-09-21 15:36:48.378 [info] ExtensionService#_doActivateExtension aaron-bond.better-comments, startup: false, activationEvent: 'onStartupFinished'
2023-09-21 15:36:48.385 [info] ExtensionService#_doActivateExtension esbenp.prettier-vscode, startup: false, activationEvent: 'onStartupFinished'
2023-09-21 15:36:48.635 [info] ExtensionService#_doActivateExtension ritwickdey.LiveServer, startup: false, activationEvent: 'onStartupFinished'
2023-09-21 15:36:48.741 [info] ExtensionService#_doActivateExtension usernamehw.errorlens, startup: false, activationEvent: 'onStartupFinished'
2023-09-21 15:36:48.769 [info] ExtensionService#_doActivateExtension vscode-icons-team.vscode-icons, startup: false, activationEvent: 'onStartupFinished'
2023-09-21 15:36:52.915 [info] ExtensionService#_doActivateExtension vscode.github-authentication, startup: false, activationEvent: 'onAuthenticationRequest:github'
2023-09-21 15:36:56.117 [info] ExtensionService#_doActivateExtension vscode.microsoft-authentication, startup: false, activationEvent: 'onAuthenticationRequest:microsoft'
2023-09-21 15:40:09.425 [info] Extension host terminating: renderer closed the MessagePort
2023-09-21 15:40:09.480 [error] Canceled: Canceled
	at new h (/snap/code/140/usr/share/code/resources/app/out/vs/workbench/api/node/extensionHostProcess.js:107:57382)
	at i.O (/snap/code/140/usr/share/code/resources/app/out/vs/workbench/api/node/extensionHostProcess.js:116:10850)
	at j.<computed>.T.charCodeAt.j.<computed> (/snap/code/140/usr/share/code/resources/app/out/vs/workbench/api/node/extensionHostProcess.js:116:8289)
	at r.g (/snap/code/140/usr/share/code/resources/app/out/vs/workbench/api/node/extensionHostProcess.js:107:82208)
	at r.executeCommand (/snap/code/140/usr/share/code/resources/app/out/vs/workbench/api/node/extensionHostProcess.js:107:81646)
	at u.registerCommand.description (/snap/code/140/usr/share/code/resources/app/out/vs/workbench/api/node/extensionHostProcess.js:107:80967)
	at r.h (/snap/code/140/usr/share/code/resources/app/out/vs/workbench/api/node/extensionHostProcess.js:107:82744)
	at r.g (/snap/code/140/usr/share/code/resources/app/out/vs/workbench/api/node/extensionHostProcess.js:107:81739)
	at r.executeCommand (/snap/code/140/usr/share/code/resources/app/out/vs/workbench/api/node/extensionHostProcess.js:107:81646)
	at Object.executeCommand (/snap/code/140/usr/share/code/resources/app/out/vs/workbench/api/node/extensionHostProcess.js:122:21247)
	at n.D [as value] (/snap/code/140/usr/share/code/resources/app/extensions/git/dist/main.js:2:1309000)
	at m.w (/snap/code/140/usr/share/code/resources/app/out/vs/workbench/api/node/extensionHostProcess.js:63:1902)
	at m.x (/snap/code/140/usr/share/code/resources/app/out/vs/workbench/api/node/extensionHostProcess.js:63:1972)
	at m.fire (/snap/code/140/usr/share/code/resources/app/out/vs/workbench/api/node/extensionHostProcess.js:63:2188)
	at Object.m [as dispose] (/snap/code/140/usr/share/code/resources/app/extensions/git/dist/main.js:2:1324784)
	at /snap/code/140/usr/share/code/resources/app/extensions/git/dist/main.js:2:1329625
	at Array.forEach (<anonymous>)
	at g.dispose (/snap/code/140/usr/share/code/resources/app/extensions/git/dist/main.js:2:1329611)
	at E.<anonymous> (/snap/code/140/usr/share/code/resources/app/out/vs/workbench/api/node/extensionHostProcess.js:103:3484)
	at E.dispose (/snap/code/140/usr/share/code/resources/app/out/vs/workbench/api/node/extensionHostProcess.js:103:3581)
	at E.<anonymous> (/snap/code/140/usr/share/code/resources/app/extensions/git/dist/main.js:2:1311012)
	at E.dispose (/snap/code/140/usr/share/code/resources/app/out/vs/workbench/api/node/extensionHostProcess.js:103:3581)
	at k (/snap/code/140/usr/share/code/resources/app/out/vs/workbench/api/node/extensionHostProcess.js:13:11730)
	at n.Z (/snap/code/140/usr/share/code/resources/app/out/vs/workbench/api/node/extensionHostProcess.js:118:9652)
	at /snap/code/140/usr/share/code/resources/app/out/vs/workbench/api/node/extensionHostProcess.js:118:7585
	at Array.map (<anonymous>)
	at n.S (/snap/code/140/usr/share/code/resources/app/out/vs/workbench/api/node/extensionHostProcess.js:118:7572)
	at n.terminate (/snap/code/140/usr/share/code/resources/app/out/vs/workbench/api/node/extensionHostProcess.js:118:7844)
	at o.terminate (/snap/code/140/usr/share/code/resources/app/out/vs/workbench/api/node/extensionHostProcess.js:122:1513)
	at D (/snap/code/140/usr/share/code/resources/app/out/vs/workbench/api/node/extensionHostProcess.js:135:9800)
	at MessagePortMain.<anonymous> (/snap/code/140/usr/share/code/resources/app/out/vs/workbench/api/node/extensionHostProcess.js:135:6225)
	at MessagePortMain.emit (node:events:513:28)
	at MessagePortMain._internalPort.emit (node:electron/js2c/utility_init:2:367) setContext undefined
2023-09-21 15:40:09.497 [error] Canceled: Canceled
	at new h (/snap/code/140/usr/share/code/resources/app/out/vs/workbench/api/node/extensionHostProcess.js:107:57382)
	at i.O (/snap/code/140/usr/share/code/resources/app/out/vs/workbench/api/node/extensionHostProcess.js:116:10850)
	at j.<computed>.T.charCodeAt.j.<computed> (/snap/code/140/usr/share/code/resources/app/out/vs/workbench/api/node/extensionHostProcess.js:116:8289)
	at r.g (/snap/code/140/usr/share/code/resources/app/out/vs/workbench/api/node/extensionHostProcess.js:107:82208)
	at r.executeCommand (/snap/code/140/usr/share/code/resources/app/out/vs/workbench/api/node/extensionHostProcess.js:107:81646)
	at u.registerCommand.description (/snap/code/140/usr/share/code/resources/app/out/vs/workbench/api/node/extensionHostProcess.js:107:80967)
	at r.h (/snap/code/140/usr/share/code/resources/app/out/vs/workbench/api/node/extensionHostProcess.js:107:82744)
	at r.g (/snap/code/140/usr/share/code/resources/app/out/vs/workbench/api/node/extensionHostProcess.js:107:81739)
	at r.executeCommand (/snap/code/140/usr/share/code/resources/app/out/vs/workbench/api/node/extensionHostProcess.js:107:81646)
	at Object.executeCommand (/snap/code/140/usr/share/code/resources/app/out/vs/workbench/api/node/extensionHostProcess.js:122:21247)
	at set b [as b] (/snap/code/140/usr/share/code/resources/app/extensions/github/dist/extension.js:2:714434)
	at /snap/code/140/usr/share/code/resources/app/extensions/github/dist/extension.js:2:715075
	at n.value (/snap/code/140/usr/share/code/resources/app/extensions/git/dist/main.js:2:1396602)
	at m.w (/snap/code/140/usr/share/code/resources/app/out/vs/workbench/api/node/extensionHostProcess.js:63:1902)
	at m.x (/snap/code/140/usr/share/code/resources/app/out/vs/workbench/api/node/extensionHostProcess.js:63:1972)
	at m.fire (/snap/code/140/usr/share/code/resources/app/out/vs/workbench/api/node/extensionHostProcess.js:63:2188)
	at Object.m [as dispose] (/snap/code/140/usr/share/code/resources/app/extensions/git/dist/main.js:2:1324784)
	at /snap/code/140/usr/share/code/resources/app/extensions/git/dist/main.js:2:1329625
	at Array.forEach (<anonymous>)
	at g.dispose (/snap/code/140/usr/share/code/resources/app/extensions/git/dist/main.js:2:1329611)
	at E.<anonymous> (/snap/code/140/usr/share/code/resources/app/out/vs/workbench/api/node/extensionHostProcess.js:103:3484)
	at E.dispose (/snap/code/140/usr/share/code/resources/app/out/vs/workbench/api/node/extensionHostProcess.js:103:3581)
	at E.<anonymous> (/snap/code/140/usr/share/code/resources/app/extensions/git/dist/main.js:2:1311012)
	at E.dispose (/snap/code/140/usr/share/code/resources/app/out/vs/workbench/api/node/extensionHostProcess.js:103:3581)
	at k (/snap/code/140/usr/share/code/resources/app/out/vs/workbench/api/node/extensionHostProcess.js:13:11730)
	at n.Z (/snap/code/140/usr/share/code/resources/app/out/vs/workbench/api/node/extensionHostProcess.js:118:9652)
	at /snap/code/140/usr/share/code/resources/app/out/vs/workbench/api/node/extensionHostProcess.js:118:7585
	at Array.map (<anonymous>)
	at n.S (/snap/code/140/usr/share/code/resources/app/out/vs/workbench/api/node/extensionHostProcess.js:118:7572)
	at n.terminate (/snap/code/140/usr/share/code/resources/app/out/vs/workbench/api/node/extensionHostProcess.js:118:7844)
	at o.terminate (/snap/code/140/usr/share/code/resources/app/out/vs/workbench/api/node/extensionHostProcess.js:122:1513)
	at D (/snap/code/140/usr/share/code/resources/app/out/vs/workbench/api/node/extensionHostProcess.js:135:9800)
	at MessagePortMain.<anonymous> (/snap/code/140/usr/share/code/resources/app/out/vs/workbench/api/node/extensionHostProcess.js:135:6225)
	at MessagePortMain.emit (node:events:513:28)
	at MessagePortMain._internalPort.emit (node:electron/js2c/utility_init:2:367) setContext undefined
2023-09-21 15:40:13.507 [error] Error: Channel has been closed
	at i (/snap/code/140/usr/share/code/resources/app/out/vs/workbench/api/node/extensionHostProcess.js:117:2880)
	at Object.trace (/snap/code/140/usr/share/code/resources/app/out/vs/workbench/api/node/extensionHostProcess.js:117:3145)
	at t.$b.start (/snap/code/140/usr/share/code/resources/app/extensions/git/dist/main.js:2:1334547)
	at R.Y (/snap/code/140/usr/share/code/resources/app/extensions/git/dist/main.js:2:1373087)
	at R.status (/snap/code/140/usr/share/code/resources/app/extensions/git/dist/main.js:2:1358547)
	at R.o (/snap/code/140/usr/share/code/resources/app/extensions/git/dist/main.js:2:1265270)
	at R.lb (/snap/code/140/usr/share/code/resources/app/extensions/git/dist/main.js:2:1379082)
2023-09-21 15:40:14.486 [info] Extension host with pid 17936 exiting with code 0
