2023-09-21 15:47:53.339 [info] Log level: Info
2023-09-21 15:47:53.339 [info] Validating found git in: "git"
2023-09-21 15:47:53.339 [info] Using git "2.34.1" from "git"
2023-09-21 15:47:53.339 [info] > git rev-parse --show-toplevel [7ms]
2023-09-21 15:47:53.339 [info] > git rev-parse --git-dir --git-common-dir [62ms]
2023-09-21 15:47:53.339 [info] Open repository: /home/user/webpages_tech/lab-04-201
2023-09-21 15:47:53.339 [info] > git config --get commit.template [43ms]
2023-09-21 15:47:53.339 [info] > git rev-parse --show-toplevel [225ms]
2023-09-21 15:47:53.339 [info] > git for-each-ref --format=%(refname)%00%(upstream:short)%00%(objectname)%00%(upstream:track)%00%(upstream:remotename)%00%(upstream:remoteref) refs/heads/main refs/remotes/main [133ms]
2023-09-21 15:47:53.339 [info] > git rev-parse --show-toplevel [214ms]
2023-09-21 15:47:53.339 [info] > git rev-parse --show-toplevel [54ms]
2023-09-21 15:47:53.339 [info] > git status -z -uall [231ms]
2023-09-21 15:47:53.339 [info] > git config --get commit.template [62ms]
2023-09-21 15:47:53.339 [info] > git for-each-ref --format=%(refname)%00%(upstream:short)%00%(objectname)%00%(upstream:track)%00%(upstream:remotename)%00%(upstream:remoteref) refs/heads/main refs/remotes/main [554ms]
2023-09-21 15:47:53.364 [info] > git status -z -uall [34ms]
2023-09-21 15:47:54.112 [info] > git check-ignore -v -z --stdin [32ms]
2023-09-21 15:47:58.272 [info] > git show --textconv :index.html [68ms]
2023-09-21 15:47:58.274 [info] > git ls-files --stage -- /home/user/webpages_tech/lab-04-201/index.html [48ms]
2023-09-21 15:47:58.344 [info] > git cat-file -s 364cac54dcfc03db7653fd701ba68c7cb98613b4 [36ms]
2023-09-21 15:47:59.723 [info] > git show --textconv :app.js [39ms]
2023-09-21 15:47:59.733 [info] > git ls-files --stage -- /home/user/webpages_tech/lab-04-201/app.js [10ms]
2023-09-21 15:47:59.748 [info] > git cat-file -s 07516f440a0d70153c3dbda888ea0f67de27bf73 [4ms]
2023-09-21 15:48:00.920 [info] > git config --get commit.template [14ms]
2023-09-21 15:48:00.934 [info] > git for-each-ref --format=%(refname)%00%(upstream:short)%00%(objectname)%00%(upstream:track)%00%(upstream:remotename)%00%(upstream:remoteref) refs/heads/main refs/remotes/main [15ms]
2023-09-21 15:48:00.958 [info] > git status -z -uall [18ms]
2023-09-21 15:48:06.016 [info] > git config --get commit.template [8ms]
2023-09-21 15:48:06.022 [info] > git for-each-ref --format=%(refname)%00%(upstream:short)%00%(objectname)%00%(upstream:track)%00%(upstream:remotename)%00%(upstream:remoteref) refs/heads/main refs/remotes/main [5ms]
2023-09-21 15:48:06.041 [info] > git status -z -uall [14ms]
2023-09-21 15:48:12.528 [info] > git config --get commit.template [7ms]
2023-09-21 15:48:12.531 [info] > git for-each-ref --format=%(refname)%00%(upstream:short)%00%(objectname)%00%(upstream:track)%00%(upstream:remotename)%00%(upstream:remoteref) refs/heads/main refs/remotes/main [4ms]
2023-09-21 15:48:12.546 [info] > git status -z -uall [9ms]
2023-09-21 15:48:17.590 [info] > git for-each-ref --format=%(refname)%00%(upstream:short)%00%(objectname)%00%(upstream:track)%00%(upstream:remotename)%00%(upstream:remoteref) refs/heads/main refs/remotes/main [12ms]
2023-09-21 15:48:17.590 [info] > git config --get commit.template [27ms]
2023-09-21 15:48:17.612 [info] > git status -z -uall [14ms]
2023-09-21 15:48:26.818 [info] > git config --get commit.template [10ms]
2023-09-21 15:48:26.823 [info] > git for-each-ref --format=%(refname)%00%(upstream:short)%00%(objectname)%00%(upstream:track)%00%(upstream:remotename)%00%(upstream:remoteref) refs/heads/main refs/remotes/main [6ms]
2023-09-21 15:48:26.847 [info] > git status -z -uall [16ms]
2023-09-21 15:48:43.790 [info] > git config --get commit.template [10ms]
2023-09-21 15:48:43.794 [info] > git for-each-ref --format=%(refname)%00%(upstream:short)%00%(objectname)%00%(upstream:track)%00%(upstream:remotename)%00%(upstream:remoteref) refs/heads/main refs/remotes/main [6ms]
2023-09-21 15:48:43.817 [info] > git status -z -uall [9ms]
2023-09-21 15:48:55.330 [info] > git config --get commit.template [6ms]
2023-09-21 15:48:55.334 [info] > git for-each-ref --format=%(refname)%00%(upstream:short)%00%(objectname)%00%(upstream:track)%00%(upstream:remotename)%00%(upstream:remoteref) refs/heads/main refs/remotes/main [5ms]
2023-09-21 15:48:55.350 [info] > git status -z -uall [10ms]
2023-09-21 15:49:00.413 [info] > git config --get commit.template [8ms]
2023-09-21 15:49:00.430 [info] > git for-each-ref --format=%(refname)%00%(upstream:short)%00%(objectname)%00%(upstream:track)%00%(upstream:remotename)%00%(upstream:remoteref) refs/heads/main refs/remotes/main [17ms]
2023-09-21 15:49:00.454 [info] > git status -z -uall [10ms]
2023-09-21 15:49:05.510 [info] > git for-each-ref --format=%(refname)%00%(upstream:short)%00%(objectname)%00%(upstream:track)%00%(upstream:remotename)%00%(upstream:remoteref) refs/heads/main refs/remotes/main [10ms]
2023-09-21 15:49:05.510 [info] > git config --get commit.template [20ms]
2023-09-21 15:49:05.528 [info] > git status -z -uall [12ms]
2023-09-21 15:49:10.558 [info] > git config --get commit.template [10ms]
2023-09-21 15:49:10.560 [info] > git for-each-ref --format=%(refname)%00%(upstream:short)%00%(objectname)%00%(upstream:track)%00%(upstream:remotename)%00%(upstream:remoteref) refs/heads/main refs/remotes/main [6ms]
2023-09-21 15:49:10.588 [info] > git status -z -uall [18ms]
2023-09-21 15:49:22.850 [info] > git config --get commit.template [13ms]
2023-09-21 15:49:22.861 [info] > git for-each-ref --format=%(refname)%00%(upstream:short)%00%(objectname)%00%(upstream:track)%00%(upstream:remotename)%00%(upstream:remoteref) refs/heads/main refs/remotes/main [12ms]
2023-09-21 15:49:22.891 [info] > git status -z -uall [9ms]
2023-09-21 15:49:29.086 [info] > git config --get commit.template [8ms]
2023-09-21 15:49:29.089 [info] > git for-each-ref --format=%(refname)%00%(upstream:short)%00%(objectname)%00%(upstream:track)%00%(upstream:remotename)%00%(upstream:remoteref) refs/heads/main refs/remotes/main [3ms]
2023-09-21 15:49:29.105 [info] > git status -z -uall [9ms]
