2023-09-21 15:49:48.638 [info] Log level: Info
2023-09-21 15:49:48.638 [info] Validating found git in: "git"
2023-09-21 15:49:48.638 [info] Using git "2.34.1" from "git"
2023-09-21 15:49:48.638 [info] > git rev-parse --show-toplevel [190ms]
2023-09-21 15:49:48.641 [info] > git rev-parse --git-dir --git-common-dir [23ms]
2023-09-21 15:49:48.861 [info] Open repository: /home/user/webpages_tech/lab-04-201
2023-09-21 15:49:49.784 [info] > git rev-parse --show-toplevel [603ms]
2023-09-21 15:49:49.785 [info] > git config --get commit.template [686ms]
2023-09-21 15:49:49.873 [info] > git rev-parse --show-toplevel [57ms]
2023-09-21 15:49:50.018 [info] > git for-each-ref --format=%(refname)%00%(upstream:short)%00%(objectname)%00%(upstream:track)%00%(upstream:remotename)%00%(upstream:remoteref) refs/heads/main refs/remotes/main [159ms]
2023-09-21 15:49:50.217 [info] > git status -z -uall [178ms]
2023-09-21 15:49:50.303 [info] > git rev-parse --show-toplevel [287ms]
2023-09-21 15:49:50.492 [info] > git check-ignore -v -z --stdin [111ms]
2023-09-21 15:49:50.504 [info] > git config --get commit.template [105ms]
2023-09-21 15:49:50.598 [info] > git for-each-ref --format=%(refname)%00%(upstream:short)%00%(objectname)%00%(upstream:track)%00%(upstream:remotename)%00%(upstream:remoteref) refs/heads/main refs/remotes/main [34ms]
2023-09-21 15:49:50.972 [info] > git status -z -uall [338ms]
2023-09-21 15:49:54.018 [info] > git show --textconv :index.html [60ms]
2023-09-21 15:49:54.050 [info] > git ls-files --stage -- /home/user/webpages_tech/lab-04-201/index.html [25ms]
2023-09-21 15:49:54.127 [info] > git cat-file -s 364cac54dcfc03db7653fd701ba68c7cb98613b4 [50ms]
2023-09-21 15:49:58.030 [info] > git config --get commit.template [25ms]
2023-09-21 15:49:58.039 [info] > git for-each-ref --format=%(refname)%00%(upstream:short)%00%(objectname)%00%(upstream:track)%00%(upstream:remotename)%00%(upstream:remoteref) refs/heads/main refs/remotes/main [9ms]
2023-09-21 15:49:58.071 [info] > git status -z -uall [15ms]
2023-09-21 15:50:03.117 [info] > git config --get commit.template [9ms]
2023-09-21 15:50:03.122 [info] > git for-each-ref --format=%(refname)%00%(upstream:short)%00%(objectname)%00%(upstream:track)%00%(upstream:remotename)%00%(upstream:remoteref) refs/heads/main refs/remotes/main [7ms]
2023-09-21 15:50:03.155 [info] > git status -z -uall [28ms]
2023-09-21 15:50:08.304 [info] > git config --get commit.template [11ms]
2023-09-21 15:50:08.306 [info] > git for-each-ref --format=%(refname)%00%(upstream:short)%00%(objectname)%00%(upstream:track)%00%(upstream:remotename)%00%(upstream:remoteref) refs/heads/main refs/remotes/main [3ms]
2023-09-21 15:50:08.331 [info] > git status -z -uall [15ms]
2023-09-21 15:50:13.365 [info] > git config --get commit.template [8ms]
2023-09-21 15:50:13.368 [info] > git for-each-ref --format=%(refname)%00%(upstream:short)%00%(objectname)%00%(upstream:track)%00%(upstream:remotename)%00%(upstream:remoteref) refs/heads/main refs/remotes/main [4ms]
2023-09-21 15:50:13.384 [info] > git status -z -uall [8ms]
2023-09-21 15:50:24.105 [info] > git for-each-ref --format=%(refname)%00%(upstream:short)%00%(objectname)%00%(upstream:track)%00%(upstream:remotename)%00%(upstream:remoteref) refs/heads/main refs/remotes/main [12ms]
2023-09-21 15:50:24.106 [info] > git config --get commit.template [22ms]
2023-09-21 15:50:24.132 [info] > git status -z -uall [16ms]
2023-09-21 15:50:35.341 [info] > git config --get commit.template [17ms]
2023-09-21 15:50:35.344 [info] > git for-each-ref --format=%(refname)%00%(upstream:short)%00%(objectname)%00%(upstream:track)%00%(upstream:remotename)%00%(upstream:remoteref) refs/heads/main refs/remotes/main [9ms]
2023-09-21 15:50:35.360 [info] > git status -z -uall [11ms]
2023-09-21 15:50:47.081 [info] > git config --get commit.template [12ms]
2023-09-21 15:50:47.087 [info] > git for-each-ref --format=%(refname)%00%(upstream:short)%00%(objectname)%00%(upstream:track)%00%(upstream:remotename)%00%(upstream:remoteref) refs/heads/main refs/remotes/main [8ms]
2023-09-21 15:50:47.115 [info] > git status -z -uall [17ms]
2023-09-21 15:51:33.525 [info] > git config --get commit.template [7ms]
2023-09-21 15:51:33.529 [info] > git for-each-ref --format=%(refname)%00%(upstream:short)%00%(objectname)%00%(upstream:track)%00%(upstream:remotename)%00%(upstream:remoteref) refs/heads/main refs/remotes/main [4ms]
2023-09-21 15:51:33.546 [info] > git status -z -uall [11ms]
2023-09-21 15:51:48.525 [info] > git show --textconv :style.css [52ms]
2023-09-21 15:51:48.526 [info] > git ls-files --stage -- /home/user/webpages_tech/lab-04-201/style.css [24ms]
2023-09-21 15:51:48.611 [info] > git cat-file -s 3cd29fbdf6fbd428ce62764d2f9b56806d96d474 [42ms]
2023-09-21 15:51:49.827 [info] > git config --get commit.template [45ms]
2023-09-21 15:51:49.851 [info] > git for-each-ref --format=%(refname)%00%(upstream:short)%00%(objectname)%00%(upstream:track)%00%(upstream:remotename)%00%(upstream:remoteref) refs/heads/main refs/remotes/main [27ms]
2023-09-21 15:51:49.894 [info] > git status -z -uall [27ms]
2023-09-21 15:51:54.956 [info] > git config --get commit.template [8ms]
2023-09-21 15:51:54.958 [info] > git for-each-ref --format=%(refname)%00%(upstream:short)%00%(objectname)%00%(upstream:track)%00%(upstream:remotename)%00%(upstream:remoteref) refs/heads/main refs/remotes/main [3ms]
2023-09-21 15:51:54.978 [info] > git status -z -uall [12ms]
2023-09-21 15:51:57.224 [info] > git show --textconv :app.js [57ms]
2023-09-21 15:51:57.579 [info] > git ls-files --stage -- /home/user/webpages_tech/lab-04-201/app.js [357ms]
2023-09-21 15:51:57.611 [info] > git cat-file -s 07516f440a0d70153c3dbda888ea0f67de27bf73 [23ms]
2023-09-21 15:52:00.074 [info] > git config --get commit.template [45ms]
2023-09-21 15:52:00.429 [info] > git for-each-ref --format=%(refname)%00%(upstream:short)%00%(objectname)%00%(upstream:track)%00%(upstream:remotename)%00%(upstream:remoteref) refs/heads/main refs/remotes/main [355ms]
2023-09-21 15:52:00.522 [info] > git status -z -uall [46ms]
2023-09-21 15:52:05.592 [info] > git config --get commit.template [16ms]
2023-09-21 15:52:05.603 [info] > git for-each-ref --format=%(refname)%00%(upstream:short)%00%(objectname)%00%(upstream:track)%00%(upstream:remotename)%00%(upstream:remoteref) refs/heads/main refs/remotes/main [15ms]
2023-09-21 15:52:05.621 [info] > git status -z -uall [11ms]
2023-09-21 15:52:33.631 [info] > git config --get commit.template [1ms]
2023-09-21 15:52:33.655 [info] > git for-each-ref --format=%(refname)%00%(upstream:short)%00%(objectname)%00%(upstream:track)%00%(upstream:remotename)%00%(upstream:remoteref) refs/heads/main refs/remotes/main [8ms]
2023-09-21 15:52:33.720 [info] > git status -z -uall [58ms]
2023-09-21 15:52:38.749 [info] > git config --get commit.template [11ms]
2023-09-21 15:52:38.751 [info] > git for-each-ref --format=%(refname)%00%(upstream:short)%00%(objectname)%00%(upstream:track)%00%(upstream:remotename)%00%(upstream:remoteref) refs/heads/main refs/remotes/main [3ms]
2023-09-21 15:52:38.766 [info] > git status -z -uall [8ms]
2023-09-21 15:52:44.553 [info] > git config --get commit.template [30ms]
2023-09-21 15:52:44.560 [info] > git for-each-ref --format=%(refname)%00%(upstream:short)%00%(objectname)%00%(upstream:track)%00%(upstream:remotename)%00%(upstream:remoteref) refs/heads/main refs/remotes/main [9ms]
2023-09-21 15:52:44.605 [info] > git status -z -uall [26ms]
2023-09-21 15:52:49.639 [info] > git config --get commit.template [7ms]
2023-09-21 15:52:49.643 [info] > git for-each-ref --format=%(refname)%00%(upstream:short)%00%(objectname)%00%(upstream:track)%00%(upstream:remotename)%00%(upstream:remoteref) refs/heads/main refs/remotes/main [4ms]
2023-09-21 15:52:49.670 [info] > git status -z -uall [16ms]
2023-09-21 15:52:54.769 [info] > git config --get commit.template [24ms]
2023-09-21 15:52:54.773 [info] > git for-each-ref --format=%(refname)%00%(upstream:short)%00%(objectname)%00%(upstream:track)%00%(upstream:remotename)%00%(upstream:remoteref) refs/heads/main refs/remotes/main [6ms]
2023-09-21 15:52:54.792 [info] > git status -z -uall [12ms]
2023-09-21 15:52:59.830 [info] > git config --get commit.template [9ms]
2023-09-21 15:52:59.836 [info] > git for-each-ref --format=%(refname)%00%(upstream:short)%00%(objectname)%00%(upstream:track)%00%(upstream:remotename)%00%(upstream:remoteref) refs/heads/main refs/remotes/main [7ms]
2023-09-21 15:52:59.857 [info] > git status -z -uall [13ms]
2023-09-21 15:53:04.905 [info] > git config --get commit.template [13ms]
2023-09-21 15:53:04.911 [info] > git for-each-ref --format=%(refname)%00%(upstream:short)%00%(objectname)%00%(upstream:track)%00%(upstream:remotename)%00%(upstream:remoteref) refs/heads/main refs/remotes/main [7ms]
2023-09-21 15:53:04.936 [info] > git status -z -uall [12ms]
2023-09-21 15:53:09.978 [info] > git config --get commit.template [10ms]
2023-09-21 15:53:09.980 [info] > git for-each-ref --format=%(refname)%00%(upstream:short)%00%(objectname)%00%(upstream:track)%00%(upstream:remotename)%00%(upstream:remoteref) refs/heads/main refs/remotes/main [4ms]
2023-09-21 15:53:10.003 [info] > git status -z -uall [14ms]
2023-09-21 15:53:15.060 [info] > git config --get commit.template [25ms]
2023-09-21 15:53:15.063 [info] > git for-each-ref --format=%(refname)%00%(upstream:short)%00%(objectname)%00%(upstream:track)%00%(upstream:remotename)%00%(upstream:remoteref) refs/heads/main refs/remotes/main [5ms]
2023-09-21 15:53:15.088 [info] > git status -z -uall [19ms]
2023-09-21 15:53:20.180 [info] > git config --get commit.template [34ms]
2023-09-21 15:53:20.182 [info] > git for-each-ref --format=%(refname)%00%(upstream:short)%00%(objectname)%00%(upstream:track)%00%(upstream:remotename)%00%(upstream:remoteref) refs/heads/main refs/remotes/main [3ms]
2023-09-21 15:53:20.215 [info] > git status -z -uall [19ms]
2023-09-21 15:53:30.468 [info] > git config --get commit.template [19ms]
2023-09-21 15:53:30.475 [info] > git for-each-ref --format=%(refname)%00%(upstream:short)%00%(objectname)%00%(upstream:track)%00%(upstream:remotename)%00%(upstream:remoteref) refs/heads/main refs/remotes/main [8ms]
2023-09-21 15:53:30.495 [info] > git status -z -uall [11ms]
2023-09-21 15:53:36.827 [info] > git config --get commit.template [9ms]
2023-09-21 15:53:36.831 [info] > git for-each-ref --format=%(refname)%00%(upstream:short)%00%(objectname)%00%(upstream:track)%00%(upstream:remotename)%00%(upstream:remoteref) refs/heads/main refs/remotes/main [5ms]
2023-09-21 15:53:36.849 [info] > git status -z -uall [10ms]
2023-09-21 15:53:45.229 [info] > git config --get commit.template [18ms]
2023-09-21 15:53:45.233 [info] > git for-each-ref --format=%(refname)%00%(upstream:short)%00%(objectname)%00%(upstream:track)%00%(upstream:remotename)%00%(upstream:remoteref) refs/heads/main refs/remotes/main [6ms]
2023-09-21 15:53:45.254 [info] > git status -z -uall [14ms]
2023-09-21 15:54:07.644 [info] > git config --get commit.template [9ms]
2023-09-21 15:54:07.649 [info] > git for-each-ref --format=%(refname)%00%(upstream:short)%00%(objectname)%00%(upstream:track)%00%(upstream:remotename)%00%(upstream:remoteref) refs/heads/main refs/remotes/main [6ms]
2023-09-21 15:54:07.676 [info] > git status -z -uall [16ms]
2023-09-21 15:54:12.704 [info] > git config --get commit.template [11ms]
2023-09-21 15:54:12.706 [info] > git for-each-ref --format=%(refname)%00%(upstream:short)%00%(objectname)%00%(upstream:track)%00%(upstream:remotename)%00%(upstream:remoteref) refs/heads/main refs/remotes/main [5ms]
2023-09-21 15:54:12.724 [info] > git status -z -uall [11ms]
2023-09-21 15:54:25.926 [info] > git config --get commit.template [18ms]
2023-09-21 15:54:25.932 [info] > git for-each-ref --format=%(refname)%00%(upstream:short)%00%(objectname)%00%(upstream:track)%00%(upstream:remotename)%00%(upstream:remoteref) refs/heads/main refs/remotes/main [7ms]
2023-09-21 15:54:25.961 [info] > git status -z -uall [20ms]
2023-09-21 15:54:31.023 [info] > git config --get commit.template [10ms]
2023-09-21 15:54:31.028 [info] > git for-each-ref --format=%(refname)%00%(upstream:short)%00%(objectname)%00%(upstream:track)%00%(upstream:remotename)%00%(upstream:remoteref) refs/heads/main refs/remotes/main [6ms]
2023-09-21 15:54:31.046 [info] > git status -z -uall [11ms]
2023-09-21 15:54:45.963 [info] > git config --get commit.template [22ms]
2023-09-21 15:54:45.970 [info] > git for-each-ref --format=%(refname)%00%(upstream:short)%00%(objectname)%00%(upstream:track)%00%(upstream:remotename)%00%(upstream:remoteref) refs/heads/main refs/remotes/main [8ms]
2023-09-21 15:54:45.997 [info] > git status -z -uall [18ms]
2023-09-21 15:54:51.054 [info] > git config --get commit.template [20ms]
2023-09-21 15:54:51.064 [info] > git for-each-ref --format=%(refname)%00%(upstream:short)%00%(objectname)%00%(upstream:track)%00%(upstream:remotename)%00%(upstream:remoteref) refs/heads/main refs/remotes/main [10ms]
2023-09-21 15:54:51.105 [info] > git status -z -uall [31ms]
2023-09-21 15:54:56.163 [info] > git config --get commit.template [10ms]
2023-09-21 15:54:56.167 [info] > git for-each-ref --format=%(refname)%00%(upstream:short)%00%(objectname)%00%(upstream:track)%00%(upstream:remotename)%00%(upstream:remoteref) refs/heads/main refs/remotes/main [5ms]
2023-09-21 15:54:56.188 [info] > git status -z -uall [11ms]
2023-09-21 15:55:06.087 [info] > git config --get commit.template [13ms]
2023-09-21 15:55:06.089 [info] > git for-each-ref --format=%(refname)%00%(upstream:short)%00%(objectname)%00%(upstream:track)%00%(upstream:remotename)%00%(upstream:remoteref) refs/heads/main refs/remotes/main [3ms]
2023-09-21 15:55:06.118 [info] > git status -z -uall [19ms]
2023-09-21 15:55:17.109 [info] > git config --get commit.template [13ms]
2023-09-21 15:55:17.112 [info] > git for-each-ref --format=%(refname)%00%(upstream:short)%00%(objectname)%00%(upstream:track)%00%(upstream:remotename)%00%(upstream:remoteref) refs/heads/main refs/remotes/main [5ms]
2023-09-21 15:55:17.128 [info] > git status -z -uall [10ms]
2023-09-21 15:55:22.157 [info] > git config --get commit.template [11ms]
2023-09-21 15:55:22.160 [info] > git for-each-ref --format=%(refname)%00%(upstream:short)%00%(objectname)%00%(upstream:track)%00%(upstream:remotename)%00%(upstream:remoteref) refs/heads/main refs/remotes/main [4ms]
2023-09-21 15:55:22.180 [info] > git status -z -uall [9ms]
2023-09-21 15:55:27.232 [info] > git config --get commit.template [12ms]
2023-09-21 15:55:27.240 [info] > git for-each-ref --format=%(refname)%00%(upstream:short)%00%(objectname)%00%(upstream:track)%00%(upstream:remotename)%00%(upstream:remoteref) refs/heads/main refs/remotes/main [9ms]
2023-09-21 15:55:27.279 [info] > git status -z -uall [28ms]
2023-09-21 15:55:32.357 [info] > git config --get commit.template [28ms]
2023-09-21 15:55:32.361 [info] > git for-each-ref --format=%(refname)%00%(upstream:short)%00%(objectname)%00%(upstream:track)%00%(upstream:remotename)%00%(upstream:remoteref) refs/heads/main refs/remotes/main [4ms]
2023-09-21 15:55:32.420 [info] > git status -z -uall [31ms]
2023-09-21 15:55:37.491 [info] > git for-each-ref --format=%(refname)%00%(upstream:short)%00%(objectname)%00%(upstream:track)%00%(upstream:remotename)%00%(upstream:remoteref) refs/heads/main refs/remotes/main [1ms]
2023-09-21 15:55:37.492 [info] > git config --get commit.template [18ms]
2023-09-21 15:55:37.521 [info] > git status -z -uall [21ms]
2023-09-21 15:55:42.578 [info] > git config --get commit.template [14ms]
2023-09-21 15:55:42.581 [info] > git for-each-ref --format=%(refname)%00%(upstream:short)%00%(objectname)%00%(upstream:track)%00%(upstream:remotename)%00%(upstream:remoteref) refs/heads/main refs/remotes/main [4ms]
2023-09-21 15:55:42.604 [info] > git status -z -uall [11ms]
2023-09-21 15:55:47.668 [info] > git config --get commit.template [12ms]
2023-09-21 15:55:47.671 [info] > git for-each-ref --format=%(refname)%00%(upstream:short)%00%(objectname)%00%(upstream:track)%00%(upstream:remotename)%00%(upstream:remoteref) refs/heads/main refs/remotes/main [8ms]
2023-09-21 15:55:47.688 [info] > git status -z -uall [11ms]
2023-09-21 15:55:52.713 [info] > git config --get commit.template [8ms]
2023-09-21 15:55:52.715 [info] > git for-each-ref --format=%(refname)%00%(upstream:short)%00%(objectname)%00%(upstream:track)%00%(upstream:remotename)%00%(upstream:remoteref) refs/heads/main refs/remotes/main [3ms]
2023-09-21 15:55:52.733 [info] > git status -z -uall [12ms]
