2023-09-21 15:35:10.319 [info] Log level: Info
2023-09-21 15:35:10.319 [info] Validating found git in: "git"
2023-09-21 15:35:10.455 [info] Using git "2.34.1" from "git"
2023-09-21 15:35:10.576 [info] > git rev-parse --show-toplevel [75ms]
2023-09-21 15:35:10.675 [info] > git rev-parse --git-dir --git-common-dir [41ms]
2023-09-21 15:35:10.723 [info] Open repository: /home/user/webpages_tech/lab-04-201
2023-09-21 15:35:10.860 [info] > git rev-parse --show-toplevel [34ms]
2023-09-21 15:35:10.861 [info] > git config --get commit.template [69ms]
2023-09-21 15:35:11.739 [info] > git rev-parse --show-toplevel [206ms]
2023-09-21 15:35:11.958 [info] > git rev-parse --show-toplevel [109ms]
2023-09-21 15:35:11.960 [info] > git for-each-ref --format=%(refname)%00%(upstream:short)%00%(objectname)%00%(upstream:track)%00%(upstream:remotename)%00%(upstream:remoteref) refs/heads/main refs/remotes/main [267ms]
2023-09-21 15:35:12.264 [info] > git status -z -uall [152ms]
2023-09-21 15:35:12.651 [info] > git check-ignore -v -z --stdin [389ms]
2023-09-21 15:35:12.668 [info] > git config --get commit.template [16ms]
2023-09-21 15:35:12.770 [info] > git for-each-ref --format=%(refname)%00%(upstream:short)%00%(objectname)%00%(upstream:track)%00%(upstream:remotename)%00%(upstream:remoteref) refs/heads/main refs/remotes/main [63ms]
2023-09-21 15:35:12.912 [info] > git status -z -uall [108ms]
2023-09-21 15:35:17.316 [info] > git show --textconv :index.html [24ms]
2023-09-21 15:35:17.339 [info] > git ls-files --stage -- /home/user/webpages_tech/lab-04-201/index.html [24ms]
2023-09-21 15:35:17.378 [info] > git cat-file -s 364cac54dcfc03db7653fd701ba68c7cb98613b4 [8ms]
2023-09-21 15:36:22.032 [info] > git config --get commit.template [24ms]
2023-09-21 15:36:22.045 [info] > git for-each-ref --format=%(refname)%00%(upstream:short)%00%(objectname)%00%(upstream:track)%00%(upstream:remotename)%00%(upstream:remoteref) refs/heads/main refs/remotes/main [17ms]
2023-09-21 15:36:22.123 [info] > git status -z -uall [67ms]
2023-09-21 15:36:27.203 [info] > git config --get commit.template [27ms]
2023-09-21 15:36:27.207 [info] > git for-each-ref --format=%(refname)%00%(upstream:short)%00%(objectname)%00%(upstream:track)%00%(upstream:remotename)%00%(upstream:remoteref) refs/heads/main refs/remotes/main [5ms]
2023-09-21 15:36:27.240 [info] > git status -z -uall [17ms]
