2023-09-22 14:47:55.649 [info] Log level: Info
2023-09-22 14:47:55.664 [info] Validating found git in: "git"
2023-09-22 14:47:55.664 [info] Using git "2.34.1" from "git"
2023-09-22 14:47:55.890 [info] > git rev-parse --show-toplevel [363ms]
2023-09-22 14:47:57.094 [info] > git rev-parse --git-dir --git-common-dir [970ms]
2023-09-22 14:47:57.169 [info] Open repository: /home/user/webpages_tech/lab-04-201
2023-09-22 14:47:57.557 [info] > git rev-parse --show-toplevel [151ms]
2023-09-22 14:47:57.559 [info] > git config --get commit.template [169ms]
2023-09-22 14:47:57.742 [info] > git rev-parse --show-toplevel [73ms]
2023-09-22 14:47:57.934 [info] > git for-each-ref --format=%(refname)%00%(upstream:short)%00%(objectname)%00%(upstream:track)%00%(upstream:remotename)%00%(upstream:remoteref) refs/heads/main refs/remotes/main [247ms]
2023-09-22 14:47:57.970 [info] > git rev-parse --show-toplevel [51ms]
2023-09-22 14:47:58.512 [info] > git status -z -uall [549ms]
2023-09-22 14:47:58.522 [info] > git check-ignore -v -z --stdin [410ms]
2023-09-22 14:47:59.070 [info] > git config --get commit.template [76ms]
2023-09-22 14:47:59.207 [info] > git for-each-ref --format=%(refname)%00%(upstream:short)%00%(objectname)%00%(upstream:track)%00%(upstream:remotename)%00%(upstream:remoteref) refs/heads/main refs/remotes/main [118ms]
2023-09-22 14:47:59.375 [info] > git status -z -uall [123ms]
2023-09-22 14:48:00.174 [info] > git show --textconv :style.css [58ms]
2023-09-22 14:48:00.175 [info] > git ls-files --stage -- /home/user/webpages_tech/lab-04-201/style.css [40ms]
2023-09-22 14:48:00.422 [info] > git cat-file -s 3cd29fbdf6fbd428ce62764d2f9b56806d96d474 [237ms]
2023-09-22 14:48:03.468 [info] > git show --textconv :app.js [92ms]
2023-09-22 14:48:03.629 [info] > git ls-files --stage -- /home/user/webpages_tech/lab-04-201/app.js [163ms]
2023-09-22 14:48:03.819 [info] > git cat-file -s 07516f440a0d70153c3dbda888ea0f67de27bf73 [99ms]
2023-09-22 14:48:04.764 [info] > git for-each-ref --format=%(refname)%00%(upstream:short)%00%(objectname)%00%(upstream:track)%00%(upstream:remotename)%00%(upstream:remoteref) refs/heads/main refs/remotes/main [101ms]
2023-09-22 14:48:04.768 [info] > git config --get commit.template [168ms]
2023-09-22 14:48:04.879 [info] > git status -z -uall [41ms]
2023-09-22 14:48:09.947 [info] > git for-each-ref --format=%(refname)%00%(upstream:short)%00%(objectname)%00%(upstream:track)%00%(upstream:remotename)%00%(upstream:remoteref) refs/heads/main refs/remotes/main [6ms]
2023-09-22 14:48:09.948 [info] > git config --get commit.template [21ms]
2023-09-22 14:48:09.977 [info] > git status -z -uall [15ms]
2023-09-22 14:48:15.001 [info] > git config --get commit.template [7ms]
2023-09-22 14:48:15.003 [info] > git for-each-ref --format=%(refname)%00%(upstream:short)%00%(objectname)%00%(upstream:track)%00%(upstream:remotename)%00%(upstream:remoteref) refs/heads/main refs/remotes/main [3ms]
2023-09-22 14:48:15.018 [info] > git status -z -uall [9ms]
2023-09-22 14:48:20.047 [info] > git config --get commit.template [8ms]
2023-09-22 14:48:20.050 [info] > git for-each-ref --format=%(refname)%00%(upstream:short)%00%(objectname)%00%(upstream:track)%00%(upstream:remotename)%00%(upstream:remoteref) refs/heads/main refs/remotes/main [4ms]
2023-09-22 14:48:20.064 [info] > git status -z -uall [8ms]
2023-09-22 14:48:27.448 [info] > git config --get commit.template [6ms]
2023-09-22 14:48:27.451 [info] > git for-each-ref --format=%(refname)%00%(upstream:short)%00%(objectname)%00%(upstream:track)%00%(upstream:remotename)%00%(upstream:remoteref) refs/heads/main refs/remotes/main [3ms]
2023-09-22 14:48:27.465 [info] > git status -z -uall [8ms]
2023-09-22 14:50:23.219 [info] > git config --get commit.template [21ms]
2023-09-22 14:50:23.224 [info] > git for-each-ref --format=%(refname)%00%(upstream:short)%00%(objectname)%00%(upstream:track)%00%(upstream:remotename)%00%(upstream:remoteref) refs/heads/main refs/remotes/main [10ms]
2023-09-22 14:50:23.255 [info] > git status -z -uall [22ms]
2023-09-22 14:50:28.340 [info] > git config --get commit.template [23ms]
2023-09-22 14:50:28.345 [info] > git for-each-ref --format=%(refname)%00%(upstream:short)%00%(objectname)%00%(upstream:track)%00%(upstream:remotename)%00%(upstream:remoteref) refs/heads/main refs/remotes/main [6ms]
2023-09-22 14:50:28.416 [info] > git status -z -uall [51ms]
2023-09-22 14:50:28.724 [info] > git show --textconv :index.html [186ms]
2023-09-22 14:50:28.754 [info] > git ls-files --stage -- /home/user/webpages_tech/lab-04-201/index.html [22ms]
2023-09-22 14:50:28.764 [info] > git cat-file -s 364cac54dcfc03db7653fd701ba68c7cb98613b4 [3ms]
2023-09-22 14:50:33.459 [info] > git config --get commit.template [14ms]
2023-09-22 14:50:33.461 [info] > git for-each-ref --format=%(refname)%00%(upstream:short)%00%(objectname)%00%(upstream:track)%00%(upstream:remotename)%00%(upstream:remoteref) refs/heads/main refs/remotes/main [3ms]
2023-09-22 14:50:33.478 [info] > git status -z -uall [8ms]
2023-09-22 14:50:41.909 [info] > git config --get commit.template [14ms]
2023-09-22 14:50:41.910 [info] > git for-each-ref --format=%(refname)%00%(upstream:short)%00%(objectname)%00%(upstream:track)%00%(upstream:remotename)%00%(upstream:remoteref) refs/heads/main refs/remotes/main [4ms]
2023-09-22 14:50:41.934 [info] > git status -z -uall [14ms]
2023-09-22 14:50:48.959 [info] > git config --get commit.template [11ms]
2023-09-22 14:50:48.962 [info] > git for-each-ref --format=%(refname)%00%(upstream:short)%00%(objectname)%00%(upstream:track)%00%(upstream:remotename)%00%(upstream:remoteref) refs/heads/main refs/remotes/main [5ms]
2023-09-22 14:50:48.979 [info] > git status -z -uall [10ms]
2023-09-22 14:50:54.012 [info] > git config --get commit.template [10ms]
2023-09-22 14:50:54.015 [info] > git for-each-ref --format=%(refname)%00%(upstream:short)%00%(objectname)%00%(upstream:track)%00%(upstream:remotename)%00%(upstream:remoteref) refs/heads/main refs/remotes/main [3ms]
2023-09-22 14:50:54.029 [info] > git status -z -uall [9ms]
2023-09-22 14:50:59.060 [info] > git config --get commit.template [11ms]
2023-09-22 14:50:59.062 [info] > git for-each-ref --format=%(refname)%00%(upstream:short)%00%(objectname)%00%(upstream:track)%00%(upstream:remotename)%00%(upstream:remoteref) refs/heads/main refs/remotes/main [3ms]
2023-09-22 14:50:59.077 [info] > git status -z -uall [9ms]
2023-09-22 14:51:04.115 [info] > git config --get commit.template [7ms]
2023-09-22 14:51:04.121 [info] > git for-each-ref --format=%(refname)%00%(upstream:short)%00%(objectname)%00%(upstream:track)%00%(upstream:remotename)%00%(upstream:remoteref) refs/heads/main refs/remotes/main [6ms]
2023-09-22 14:51:04.137 [info] > git status -z -uall [8ms]
2023-09-22 14:51:09.157 [info] > git config --get commit.template [9ms]
2023-09-22 14:51:09.159 [info] > git for-each-ref --format=%(refname)%00%(upstream:short)%00%(objectname)%00%(upstream:track)%00%(upstream:remotename)%00%(upstream:remoteref) refs/heads/main refs/remotes/main [3ms]
2023-09-22 14:51:09.176 [info] > git status -z -uall [10ms]
2023-09-22 14:51:17.778 [info] > git config --get commit.template [6ms]
2023-09-22 14:51:17.781 [info] > git for-each-ref --format=%(refname)%00%(upstream:short)%00%(objectname)%00%(upstream:track)%00%(upstream:remotename)%00%(upstream:remoteref) refs/heads/main refs/remotes/main [4ms]
2023-09-22 14:51:17.795 [info] > git status -z -uall [8ms]
2023-09-22 14:51:22.846 [info] > git config --get commit.template [15ms]
2023-09-22 14:51:22.852 [info] > git for-each-ref --format=%(refname)%00%(upstream:short)%00%(objectname)%00%(upstream:track)%00%(upstream:remotename)%00%(upstream:remoteref) refs/heads/main refs/remotes/main [7ms]
2023-09-22 14:51:22.877 [info] > git status -z -uall [10ms]
2023-09-22 14:51:27.900 [info] > git config --get commit.template [9ms]
2023-09-22 14:51:27.903 [info] > git for-each-ref --format=%(refname)%00%(upstream:short)%00%(objectname)%00%(upstream:track)%00%(upstream:remotename)%00%(upstream:remoteref) refs/heads/main refs/remotes/main [4ms]
2023-09-22 14:51:27.923 [info] > git status -z -uall [10ms]
2023-09-22 14:51:32.946 [info] > git config --get commit.template [9ms]
2023-09-22 14:51:32.949 [info] > git for-each-ref --format=%(refname)%00%(upstream:short)%00%(objectname)%00%(upstream:track)%00%(upstream:remotename)%00%(upstream:remoteref) refs/heads/main refs/remotes/main [3ms]
2023-09-22 14:51:32.967 [info] > git status -z -uall [10ms]
2023-09-22 14:51:38.030 [info] > git for-each-ref --format=%(refname)%00%(upstream:short)%00%(objectname)%00%(upstream:track)%00%(upstream:remotename)%00%(upstream:remoteref) refs/heads/main refs/remotes/main [3ms]
2023-09-22 14:51:38.030 [info] > git config --get commit.template [40ms]
2023-09-22 14:51:38.059 [info] > git status -z -uall [17ms]
2023-09-22 14:51:43.086 [info] > git config --get commit.template [8ms]
2023-09-22 14:51:43.087 [info] > git for-each-ref --format=%(refname)%00%(upstream:short)%00%(objectname)%00%(upstream:track)%00%(upstream:remotename)%00%(upstream:remoteref) refs/heads/main refs/remotes/main [2ms]
2023-09-22 14:51:43.105 [info] > git status -z -uall [9ms]
2023-09-22 14:51:48.128 [info] > git config --get commit.template [9ms]
2023-09-22 14:51:48.132 [info] > git for-each-ref --format=%(refname)%00%(upstream:short)%00%(objectname)%00%(upstream:track)%00%(upstream:remotename)%00%(upstream:remoteref) refs/heads/main refs/remotes/main [5ms]
2023-09-22 14:51:48.152 [info] > git status -z -uall [8ms]
2023-09-22 14:51:53.188 [info] > git config --get commit.template [11ms]
2023-09-22 14:51:53.191 [info] > git for-each-ref --format=%(refname)%00%(upstream:short)%00%(objectname)%00%(upstream:track)%00%(upstream:remotename)%00%(upstream:remoteref) refs/heads/main refs/remotes/main [2ms]
2023-09-22 14:51:53.213 [info] > git status -z -uall [14ms]
2023-09-22 14:53:12.558 [info] > git config --get commit.template [1ms]
2023-09-22 14:53:12.587 [info] > git for-each-ref --format=%(refname)%00%(upstream:short)%00%(objectname)%00%(upstream:track)%00%(upstream:remotename)%00%(upstream:remoteref) refs/heads/main refs/remotes/main [2ms]
2023-09-22 14:53:12.616 [info] > git status -z -uall [18ms]
2023-09-22 14:53:17.710 [info] > git for-each-ref --format=%(refname)%00%(upstream:short)%00%(objectname)%00%(upstream:track)%00%(upstream:remotename)%00%(upstream:remoteref) refs/heads/main refs/remotes/main [1ms]
2023-09-22 14:53:17.710 [info] > git config --get commit.template [21ms]
2023-09-22 14:53:17.782 [info] > git status -z -uall [48ms]
2023-09-22 14:53:22.856 [info] > git config --get commit.template [8ms]
2023-09-22 14:53:22.859 [info] > git for-each-ref --format=%(refname)%00%(upstream:short)%00%(objectname)%00%(upstream:track)%00%(upstream:remotename)%00%(upstream:remoteref) refs/heads/main refs/remotes/main [3ms]
2023-09-22 14:53:22.875 [info] > git status -z -uall [9ms]
2023-09-22 14:53:27.924 [info] > git config --get commit.template [23ms]
2023-09-22 14:53:27.925 [info] > git for-each-ref --format=%(refname)%00%(upstream:short)%00%(objectname)%00%(upstream:track)%00%(upstream:remotename)%00%(upstream:remoteref) refs/heads/main refs/remotes/main [5ms]
2023-09-22 14:53:27.980 [info] > git status -z -uall [30ms]
2023-09-22 14:57:37.423 [info] > git config --get commit.template [23ms]
2023-09-22 14:57:37.440 [info] > git for-each-ref --format=%(refname)%00%(upstream:short)%00%(objectname)%00%(upstream:track)%00%(upstream:remotename)%00%(upstream:remoteref) refs/heads/main refs/remotes/main [17ms]
2023-09-22 14:57:37.475 [info] > git status -z -uall [28ms]
2023-09-22 14:57:42.504 [info] > git config --get commit.template [9ms]
2023-09-22 14:57:42.508 [info] > git for-each-ref --format=%(refname)%00%(upstream:short)%00%(objectname)%00%(upstream:track)%00%(upstream:remotename)%00%(upstream:remoteref) refs/heads/main refs/remotes/main [5ms]
2023-09-22 14:57:42.525 [info] > git status -z -uall [10ms]
2023-09-22 14:57:47.553 [info] > git config --get commit.template [3ms]
2023-09-22 14:57:47.564 [info] > git for-each-ref --format=%(refname)%00%(upstream:short)%00%(objectname)%00%(upstream:track)%00%(upstream:remotename)%00%(upstream:remoteref) refs/heads/main refs/remotes/main [3ms]
2023-09-22 14:57:47.580 [info] > git status -z -uall [9ms]
2023-09-22 14:57:52.603 [info] > git config --get commit.template [7ms]
2023-09-22 14:57:52.608 [info] > git for-each-ref --format=%(refname)%00%(upstream:short)%00%(objectname)%00%(upstream:track)%00%(upstream:remotename)%00%(upstream:remoteref) refs/heads/main refs/remotes/main [6ms]
2023-09-22 14:57:52.623 [info] > git status -z -uall [9ms]
2023-09-22 14:57:57.648 [info] > git config --get commit.template [9ms]
2023-09-22 14:57:57.651 [info] > git for-each-ref --format=%(refname)%00%(upstream:short)%00%(objectname)%00%(upstream:track)%00%(upstream:remotename)%00%(upstream:remoteref) refs/heads/main refs/remotes/main [3ms]
2023-09-22 14:57:57.670 [info] > git status -z -uall [10ms]
2023-09-22 14:58:02.703 [info] > git config --get commit.template [5ms]
2023-09-22 14:58:02.706 [info] > git for-each-ref --format=%(refname)%00%(upstream:short)%00%(objectname)%00%(upstream:track)%00%(upstream:remotename)%00%(upstream:remoteref) refs/heads/main refs/remotes/main [3ms]
2023-09-22 14:58:02.721 [info] > git status -z -uall [9ms]
2023-09-22 14:58:07.752 [info] > git config --get commit.template [12ms]
2023-09-22 14:58:07.761 [info] > git for-each-ref --format=%(refname)%00%(upstream:short)%00%(objectname)%00%(upstream:track)%00%(upstream:remotename)%00%(upstream:remoteref) refs/heads/main refs/remotes/main [9ms]
2023-09-22 14:58:07.780 [info] > git status -z -uall [10ms]
2023-09-22 14:58:12.814 [info] > git config --get commit.template [7ms]
2023-09-22 14:58:12.817 [info] > git for-each-ref --format=%(refname)%00%(upstream:short)%00%(objectname)%00%(upstream:track)%00%(upstream:remotename)%00%(upstream:remoteref) refs/heads/main refs/remotes/main [4ms]
2023-09-22 14:58:12.831 [info] > git status -z -uall [8ms]
2023-09-22 14:58:17.860 [info] > git config --get commit.template [7ms]
2023-09-22 14:58:17.862 [info] > git for-each-ref --format=%(refname)%00%(upstream:short)%00%(objectname)%00%(upstream:track)%00%(upstream:remotename)%00%(upstream:remoteref) refs/heads/main refs/remotes/main [3ms]
2023-09-22 14:58:17.877 [info] > git status -z -uall [9ms]
2023-09-22 14:58:22.902 [info] > git config --get commit.template [7ms]
2023-09-22 14:58:22.904 [info] > git for-each-ref --format=%(refname)%00%(upstream:short)%00%(objectname)%00%(upstream:track)%00%(upstream:remotename)%00%(upstream:remoteref) refs/heads/main refs/remotes/main [3ms]
2023-09-22 14:58:22.925 [info] > git status -z -uall [9ms]
2023-09-22 14:58:27.954 [info] > git config --get commit.template [11ms]
2023-09-22 14:58:27.957 [info] > git for-each-ref --format=%(refname)%00%(upstream:short)%00%(objectname)%00%(upstream:track)%00%(upstream:remotename)%00%(upstream:remoteref) refs/heads/main refs/remotes/main [4ms]
2023-09-22 14:58:27.973 [info] > git status -z -uall [10ms]
2023-09-22 14:58:33.002 [info] > git config --get commit.template [7ms]
2023-09-22 14:58:33.005 [info] > git for-each-ref --format=%(refname)%00%(upstream:short)%00%(objectname)%00%(upstream:track)%00%(upstream:remotename)%00%(upstream:remoteref) refs/heads/main refs/remotes/main [3ms]
2023-09-22 14:58:33.020 [info] > git status -z -uall [8ms]
2023-09-22 14:58:38.046 [info] > git config --get commit.template [9ms]
2023-09-22 14:58:38.050 [info] > git for-each-ref --format=%(refname)%00%(upstream:short)%00%(objectname)%00%(upstream:track)%00%(upstream:remotename)%00%(upstream:remoteref) refs/heads/main refs/remotes/main [4ms]
2023-09-22 14:58:38.068 [info] > git status -z -uall [10ms]
2023-09-22 14:58:43.107 [info] > git config --get commit.template [16ms]
2023-09-22 14:58:43.114 [info] > git for-each-ref --format=%(refname)%00%(upstream:short)%00%(objectname)%00%(upstream:track)%00%(upstream:remotename)%00%(upstream:remoteref) refs/heads/main refs/remotes/main [8ms]
2023-09-22 14:58:43.155 [info] > git status -z -uall [27ms]
2023-09-22 14:58:48.209 [info] > git config --get commit.template [12ms]
2023-09-22 14:58:48.213 [info] > git for-each-ref --format=%(refname)%00%(upstream:short)%00%(objectname)%00%(upstream:track)%00%(upstream:remotename)%00%(upstream:remoteref) refs/heads/main refs/remotes/main [5ms]
2023-09-22 14:58:48.236 [info] > git status -z -uall [12ms]
2023-09-22 14:58:53.264 [info] > git config --get commit.template [9ms]
2023-09-22 14:58:53.273 [info] > git for-each-ref --format=%(refname)%00%(upstream:short)%00%(objectname)%00%(upstream:track)%00%(upstream:remotename)%00%(upstream:remoteref) refs/heads/main refs/remotes/main [10ms]
2023-09-22 14:58:53.305 [info] > git status -z -uall [20ms]
2023-09-22 14:58:58.346 [info] > git config --get commit.template [15ms]
2023-09-22 14:58:58.349 [info] > git for-each-ref --format=%(refname)%00%(upstream:short)%00%(objectname)%00%(upstream:track)%00%(upstream:remotename)%00%(upstream:remoteref) refs/heads/main refs/remotes/main [5ms]
2023-09-22 14:58:58.382 [info] > git status -z -uall [18ms]
2023-09-22 14:59:03.438 [info] > git config --get commit.template [24ms]
2023-09-22 14:59:03.443 [info] > git for-each-ref --format=%(refname)%00%(upstream:short)%00%(objectname)%00%(upstream:track)%00%(upstream:remotename)%00%(upstream:remoteref) refs/heads/main refs/remotes/main [8ms]
2023-09-22 14:59:03.476 [info] > git status -z -uall [14ms]
2023-09-22 14:59:08.513 [info] > git config --get commit.template [9ms]
2023-09-22 14:59:08.520 [info] > git for-each-ref --format=%(refname)%00%(upstream:short)%00%(objectname)%00%(upstream:track)%00%(upstream:remotename)%00%(upstream:remoteref) refs/heads/main refs/remotes/main [8ms]
2023-09-22 14:59:08.546 [info] > git status -z -uall [17ms]
2023-09-22 14:59:13.586 [info] > git config --get commit.template [1ms]
2023-09-22 14:59:13.599 [info] > git for-each-ref --format=%(refname)%00%(upstream:short)%00%(objectname)%00%(upstream:track)%00%(upstream:remotename)%00%(upstream:remoteref) refs/heads/main refs/remotes/main [3ms]
2023-09-22 14:59:13.623 [info] > git status -z -uall [12ms]
2023-09-22 14:59:18.670 [info] > git config --get commit.template [15ms]
2023-09-22 14:59:18.674 [info] > git for-each-ref --format=%(refname)%00%(upstream:short)%00%(objectname)%00%(upstream:track)%00%(upstream:remotename)%00%(upstream:remoteref) refs/heads/main refs/remotes/main [5ms]
2023-09-22 14:59:18.698 [info] > git status -z -uall [13ms]
2023-09-22 14:59:23.746 [info] > git config --get commit.template [15ms]
2023-09-22 14:59:23.752 [info] > git for-each-ref --format=%(refname)%00%(upstream:short)%00%(objectname)%00%(upstream:track)%00%(upstream:remotename)%00%(upstream:remoteref) refs/heads/main refs/remotes/main [7ms]
2023-09-22 14:59:23.793 [info] > git status -z -uall [30ms]
2023-09-22 14:59:28.852 [info] > git config --get commit.template [13ms]
2023-09-22 14:59:28.858 [info] > git for-each-ref --format=%(refname)%00%(upstream:short)%00%(objectname)%00%(upstream:track)%00%(upstream:remotename)%00%(upstream:remoteref) refs/heads/main refs/remotes/main [7ms]
2023-09-22 14:59:28.890 [info] > git status -z -uall [18ms]
2023-09-22 14:59:33.939 [info] > git config --get commit.template [14ms]
2023-09-22 14:59:33.957 [info] > git for-each-ref --format=%(refname)%00%(upstream:short)%00%(objectname)%00%(upstream:track)%00%(upstream:remotename)%00%(upstream:remoteref) refs/heads/main refs/remotes/main [20ms]
2023-09-22 14:59:33.984 [info] > git status -z -uall [15ms]
2023-09-22 14:59:39.034 [info] > git config --get commit.template [14ms]
2023-09-22 14:59:39.043 [info] > git for-each-ref --format=%(refname)%00%(upstream:short)%00%(objectname)%00%(upstream:track)%00%(upstream:remotename)%00%(upstream:remoteref) refs/heads/main refs/remotes/main [10ms]
2023-09-22 14:59:39.078 [info] > git status -z -uall [22ms]
2023-09-22 14:59:44.130 [info] > git config --get commit.template [19ms]
2023-09-22 14:59:44.137 [info] > git for-each-ref --format=%(refname)%00%(upstream:short)%00%(objectname)%00%(upstream:track)%00%(upstream:remotename)%00%(upstream:remoteref) refs/heads/main refs/remotes/main [9ms]
2023-09-22 14:59:44.167 [info] > git status -z -uall [17ms]
2023-09-22 14:59:49.207 [info] > git config --get commit.template [15ms]
2023-09-22 14:59:49.214 [info] > git for-each-ref --format=%(refname)%00%(upstream:short)%00%(objectname)%00%(upstream:track)%00%(upstream:remotename)%00%(upstream:remoteref) refs/heads/main refs/remotes/main [7ms]
2023-09-22 14:59:49.255 [info] > git status -z -uall [25ms]
2023-09-22 14:59:54.308 [info] > git config --get commit.template [16ms]
2023-09-22 14:59:54.312 [info] > git for-each-ref --format=%(refname)%00%(upstream:short)%00%(objectname)%00%(upstream:track)%00%(upstream:remotename)%00%(upstream:remoteref) refs/heads/main refs/remotes/main [5ms]
2023-09-22 14:59:54.339 [info] > git status -z -uall [13ms]
2023-09-22 14:59:59.392 [info] > git config --get commit.template [16ms]
2023-09-22 14:59:59.400 [info] > git for-each-ref --format=%(refname)%00%(upstream:short)%00%(objectname)%00%(upstream:track)%00%(upstream:remotename)%00%(upstream:remoteref) refs/heads/main refs/remotes/main [14ms]
2023-09-22 14:59:59.434 [info] > git status -z -uall [20ms]
2023-09-22 15:00:04.489 [info] > git config --get commit.template [23ms]
2023-09-22 15:00:04.493 [info] > git for-each-ref --format=%(refname)%00%(upstream:short)%00%(objectname)%00%(upstream:track)%00%(upstream:remotename)%00%(upstream:remoteref) refs/heads/main refs/remotes/main [4ms]
2023-09-22 15:00:04.519 [info] > git status -z -uall [13ms]
2023-09-22 15:00:09.575 [info] > git config --get commit.template [17ms]
2023-09-22 15:00:09.580 [info] > git for-each-ref --format=%(refname)%00%(upstream:short)%00%(objectname)%00%(upstream:track)%00%(upstream:remotename)%00%(upstream:remoteref) refs/heads/main refs/remotes/main [7ms]
2023-09-22 15:00:09.614 [info] > git status -z -uall [21ms]
2023-09-22 15:00:14.671 [info] > git config --get commit.template [24ms]
2023-09-22 15:00:14.676 [info] > git for-each-ref --format=%(refname)%00%(upstream:short)%00%(objectname)%00%(upstream:track)%00%(upstream:remotename)%00%(upstream:remoteref) refs/heads/main refs/remotes/main [6ms]
2023-09-22 15:00:14.705 [info] > git status -z -uall [17ms]
2023-09-22 15:00:19.754 [info] > git config --get commit.template [16ms]
2023-09-22 15:00:19.762 [info] > git for-each-ref --format=%(refname)%00%(upstream:short)%00%(objectname)%00%(upstream:track)%00%(upstream:remotename)%00%(upstream:remoteref) refs/heads/main refs/remotes/main [9ms]
2023-09-22 15:00:19.794 [info] > git status -z -uall [13ms]
2023-09-22 15:00:24.840 [info] > git config --get commit.template [14ms]
2023-09-22 15:00:24.846 [info] > git for-each-ref --format=%(refname)%00%(upstream:short)%00%(objectname)%00%(upstream:track)%00%(upstream:remotename)%00%(upstream:remoteref) refs/heads/main refs/remotes/main [6ms]
2023-09-22 15:00:24.874 [info] > git status -z -uall [17ms]
2023-09-22 15:00:29.918 [info] > git config --get commit.template [16ms]
2023-09-22 15:00:29.929 [info] > git for-each-ref --format=%(refname)%00%(upstream:short)%00%(objectname)%00%(upstream:track)%00%(upstream:remotename)%00%(upstream:remoteref) refs/heads/main refs/remotes/main [12ms]
2023-09-22 15:00:29.969 [info] > git status -z -uall [25ms]
2023-09-22 15:00:35.028 [info] > git config --get commit.template [19ms]
2023-09-22 15:00:35.034 [info] > git for-each-ref --format=%(refname)%00%(upstream:short)%00%(objectname)%00%(upstream:track)%00%(upstream:remotename)%00%(upstream:remoteref) refs/heads/main refs/remotes/main [7ms]
2023-09-22 15:00:35.065 [info] > git status -z -uall [17ms]
2023-09-22 15:00:40.107 [info] > git config --get commit.template [16ms]
2023-09-22 15:00:40.110 [info] > git for-each-ref --format=%(refname)%00%(upstream:short)%00%(objectname)%00%(upstream:track)%00%(upstream:remotename)%00%(upstream:remoteref) refs/heads/main refs/remotes/main [5ms]
2023-09-22 15:00:40.146 [info] > git status -z -uall [20ms]
2023-09-22 15:00:45.203 [info] > git config --get commit.template [15ms]
2023-09-22 15:00:45.209 [info] > git for-each-ref --format=%(refname)%00%(upstream:short)%00%(objectname)%00%(upstream:track)%00%(upstream:remotename)%00%(upstream:remoteref) refs/heads/main refs/remotes/main [6ms]
2023-09-22 15:00:45.238 [info] > git status -z -uall [16ms]
2023-09-22 15:00:50.289 [info] > git config --get commit.template [16ms]
2023-09-22 15:00:50.300 [info] > git for-each-ref --format=%(refname)%00%(upstream:short)%00%(objectname)%00%(upstream:track)%00%(upstream:remotename)%00%(upstream:remoteref) refs/heads/main refs/remotes/main [12ms]
2023-09-22 15:00:50.331 [info] > git status -z -uall [20ms]
2023-09-22 15:00:55.363 [info] > git config --get commit.template [7ms]
2023-09-22 15:00:55.368 [info] > git for-each-ref --format=%(refname)%00%(upstream:short)%00%(objectname)%00%(upstream:track)%00%(upstream:remotename)%00%(upstream:remoteref) refs/heads/main refs/remotes/main [5ms]
2023-09-22 15:00:55.385 [info] > git status -z -uall [8ms]
2023-09-22 15:10:22.686 [info] > git config --get commit.template [24ms]
2023-09-22 15:10:22.691 [info] > git for-each-ref --format=%(refname)%00%(upstream:short)%00%(objectname)%00%(upstream:track)%00%(upstream:remotename)%00%(upstream:remoteref) refs/heads/main refs/remotes/main [10ms]
2023-09-22 15:10:22.755 [info] > git status -z -uall [53ms]
2023-09-22 15:10:27.805 [info] > git config --get commit.template [7ms]
2023-09-22 15:10:27.807 [info] > git for-each-ref --format=%(refname)%00%(upstream:short)%00%(objectname)%00%(upstream:track)%00%(upstream:remotename)%00%(upstream:remoteref) refs/heads/main refs/remotes/main [3ms]
2023-09-22 15:10:27.823 [info] > git status -z -uall [8ms]
2023-09-22 15:10:32.856 [info] > git config --get commit.template [6ms]
2023-09-22 15:10:32.861 [info] > git for-each-ref --format=%(refname)%00%(upstream:short)%00%(objectname)%00%(upstream:track)%00%(upstream:remotename)%00%(upstream:remoteref) refs/heads/main refs/remotes/main [5ms]
2023-09-22 15:10:32.876 [info] > git status -z -uall [9ms]
2023-09-22 15:10:37.903 [info] > git config --get commit.template [8ms]
2023-09-22 15:10:37.908 [info] > git for-each-ref --format=%(refname)%00%(upstream:short)%00%(objectname)%00%(upstream:track)%00%(upstream:remotename)%00%(upstream:remoteref) refs/heads/main refs/remotes/main [5ms]
2023-09-22 15:10:37.924 [info] > git status -z -uall [8ms]
2023-09-22 15:10:42.954 [info] > git config --get commit.template [7ms]
2023-09-22 15:10:42.960 [info] > git for-each-ref --format=%(refname)%00%(upstream:short)%00%(objectname)%00%(upstream:track)%00%(upstream:remotename)%00%(upstream:remoteref) refs/heads/main refs/remotes/main [5ms]
2023-09-22 15:10:42.977 [info] > git status -z -uall [11ms]
2023-09-22 15:10:48.012 [info] > git config --get commit.template [8ms]
2023-09-22 15:10:48.015 [info] > git for-each-ref --format=%(refname)%00%(upstream:short)%00%(objectname)%00%(upstream:track)%00%(upstream:remotename)%00%(upstream:remoteref) refs/heads/main refs/remotes/main [3ms]
2023-09-22 15:10:48.039 [info] > git status -z -uall [10ms]
2023-09-22 15:10:53.072 [info] > git config --get commit.template [15ms]
2023-09-22 15:10:53.077 [info] > git for-each-ref --format=%(refname)%00%(upstream:short)%00%(objectname)%00%(upstream:track)%00%(upstream:remotename)%00%(upstream:remoteref) refs/heads/main refs/remotes/main [6ms]
2023-09-22 15:10:53.098 [info] > git status -z -uall [10ms]
2023-09-22 15:11:41.783 [info] > git config --get commit.template [5ms]
2023-09-22 15:11:41.807 [info] > git for-each-ref --format=%(refname)%00%(upstream:short)%00%(objectname)%00%(upstream:track)%00%(upstream:remotename)%00%(upstream:remoteref) refs/heads/main refs/remotes/main [2ms]
2023-09-22 15:11:41.842 [info] > git status -z -uall [13ms]
2023-09-22 15:11:46.874 [info] > git config --get commit.template [8ms]
2023-09-22 15:11:46.876 [info] > git for-each-ref --format=%(refname)%00%(upstream:short)%00%(objectname)%00%(upstream:track)%00%(upstream:remotename)%00%(upstream:remoteref) refs/heads/main refs/remotes/main [2ms]
2023-09-22 15:11:46.892 [info] > git status -z -uall [8ms]
2023-09-22 15:11:51.930 [info] > git config --get commit.template [11ms]
2023-09-22 15:11:51.932 [info] > git for-each-ref --format=%(refname)%00%(upstream:short)%00%(objectname)%00%(upstream:track)%00%(upstream:remotename)%00%(upstream:remoteref) refs/heads/main refs/remotes/main [4ms]
2023-09-22 15:11:51.952 [info] > git status -z -uall [9ms]
2023-09-22 15:11:56.976 [info] > git config --get commit.template [7ms]
2023-09-22 15:11:56.982 [info] > git for-each-ref --format=%(refname)%00%(upstream:short)%00%(objectname)%00%(upstream:track)%00%(upstream:remotename)%00%(upstream:remoteref) refs/heads/main refs/remotes/main [7ms]
2023-09-22 15:11:56.997 [info] > git status -z -uall [9ms]
2023-09-22 15:12:02.031 [info] > git config --get commit.template [12ms]
2023-09-22 15:12:02.034 [info] > git for-each-ref --format=%(refname)%00%(upstream:short)%00%(objectname)%00%(upstream:track)%00%(upstream:remotename)%00%(upstream:remoteref) refs/heads/main refs/remotes/main [5ms]
2023-09-22 15:12:02.056 [info] > git status -z -uall [11ms]
2023-09-22 15:12:05.835 [info] > git check-ignore -v -z --stdin [15ms]
2023-09-22 15:12:07.084 [info] > git config --get commit.template [10ms]
2023-09-22 15:12:07.090 [info] > git for-each-ref --format=%(refname)%00%(upstream:short)%00%(objectname)%00%(upstream:track)%00%(upstream:remotename)%00%(upstream:remoteref) refs/heads/main refs/remotes/main [7ms]
2023-09-22 15:12:07.110 [info] > git status -z -uall [8ms]
2023-09-22 15:12:26.898 [info] > git config --get commit.template [28ms]
2023-09-22 15:12:26.904 [info] > git for-each-ref --format=%(refname)%00%(upstream:short)%00%(objectname)%00%(upstream:track)%00%(upstream:remotename)%00%(upstream:remoteref) refs/heads/main refs/remotes/main [6ms]
2023-09-22 15:12:26.962 [info] > git status -z -uall [39ms]
2023-09-22 15:12:27.597 [info] > git show --textconv :csv_files/Image_Links.csv [30ms]
2023-09-22 15:12:27.602 [info] > git ls-files --stage -- /home/user/webpages_tech/lab-04-201/csv_files/Image_Links.csv [21ms]
2023-09-22 15:12:27.623 [info] > git check-ignore -v -z --stdin [28ms]
2023-09-22 15:12:32.004 [info] > git config --get commit.template [13ms]
2023-09-22 15:12:32.007 [info] > git for-each-ref --format=%(refname)%00%(upstream:short)%00%(objectname)%00%(upstream:track)%00%(upstream:remotename)%00%(upstream:remoteref) refs/heads/main refs/remotes/main [3ms]
2023-09-22 15:12:32.022 [info] > git status -z -uall [9ms]
2023-09-22 15:12:37.071 [info] > git config --get commit.template [33ms]
2023-09-22 15:12:37.076 [info] > git for-each-ref --format=%(refname)%00%(upstream:short)%00%(objectname)%00%(upstream:track)%00%(upstream:remotename)%00%(upstream:remoteref) refs/heads/main refs/remotes/main [6ms]
2023-09-22 15:12:37.096 [info] > git status -z -uall [9ms]
2023-09-22 15:12:42.163 [info] > git config --get commit.template [1ms]
2023-09-22 15:12:42.183 [info] > git for-each-ref --format=%(refname)%00%(upstream:short)%00%(objectname)%00%(upstream:track)%00%(upstream:remotename)%00%(upstream:remoteref) refs/heads/main refs/remotes/main [9ms]
2023-09-22 15:12:42.215 [info] > git status -z -uall [14ms]
2023-09-22 15:12:46.287 [info] > git show --textconv :csv_files/Image_Links.csv [8ms]
2023-09-22 15:12:46.290 [info] > git ls-files --stage -- /home/user/webpages_tech/lab-04-201/csv_files/Image_Links.csv [3ms]
2023-09-22 15:12:47.271 [info] > git config --get commit.template [34ms]
2023-09-22 15:12:47.282 [info] > git for-each-ref --format=%(refname)%00%(upstream:short)%00%(objectname)%00%(upstream:track)%00%(upstream:remotename)%00%(upstream:remoteref) refs/heads/main refs/remotes/main [17ms]
2023-09-22 15:12:47.340 [info] > git status -z -uall [41ms]
2023-09-22 15:12:52.361 [info] > git config --get commit.template [7ms]
2023-09-22 15:12:52.364 [info] > git for-each-ref --format=%(refname)%00%(upstream:short)%00%(objectname)%00%(upstream:track)%00%(upstream:remotename)%00%(upstream:remoteref) refs/heads/main refs/remotes/main [3ms]
2023-09-22 15:12:52.383 [info] > git status -z -uall [12ms]
2023-09-22 15:12:57.430 [info] > git config --get commit.template [7ms]
2023-09-22 15:12:57.432 [info] > git for-each-ref --format=%(refname)%00%(upstream:short)%00%(objectname)%00%(upstream:track)%00%(upstream:remotename)%00%(upstream:remoteref) refs/heads/main refs/remotes/main [3ms]
2023-09-22 15:12:57.450 [info] > git status -z -uall [10ms]
2023-09-22 15:13:02.501 [info] > git config --get commit.template [23ms]
2023-09-22 15:13:02.540 [info] > git for-each-ref --format=%(refname)%00%(upstream:short)%00%(objectname)%00%(upstream:track)%00%(upstream:remotename)%00%(upstream:remoteref) refs/heads/main refs/remotes/main [40ms]
2023-09-22 15:13:02.569 [info] > git status -z -uall [12ms]
2023-09-22 15:13:07.606 [info] > git config --get commit.template [11ms]
2023-09-22 15:13:07.608 [info] > git for-each-ref --format=%(refname)%00%(upstream:short)%00%(objectname)%00%(upstream:track)%00%(upstream:remotename)%00%(upstream:remoteref) refs/heads/main refs/remotes/main [3ms]
2023-09-22 15:13:07.625 [info] > git status -z -uall [10ms]
2023-09-22 15:13:12.650 [info] > git config --get commit.template [6ms]
2023-09-22 15:13:12.654 [info] > git for-each-ref --format=%(refname)%00%(upstream:short)%00%(objectname)%00%(upstream:track)%00%(upstream:remotename)%00%(upstream:remoteref) refs/heads/main refs/remotes/main [4ms]
2023-09-22 15:13:12.674 [info] > git status -z -uall [9ms]
2023-09-22 15:13:17.703 [info] > git config --get commit.template [7ms]
2023-09-22 15:13:17.705 [info] > git for-each-ref --format=%(refname)%00%(upstream:short)%00%(objectname)%00%(upstream:track)%00%(upstream:remotename)%00%(upstream:remoteref) refs/heads/main refs/remotes/main [2ms]
2023-09-22 15:13:17.721 [info] > git status -z -uall [8ms]
2023-09-22 15:13:22.743 [info] > git config --get commit.template [6ms]
2023-09-22 15:13:22.747 [info] > git for-each-ref --format=%(refname)%00%(upstream:short)%00%(objectname)%00%(upstream:track)%00%(upstream:remotename)%00%(upstream:remoteref) refs/heads/main refs/remotes/main [5ms]
2023-09-22 15:13:22.762 [info] > git status -z -uall [8ms]
2023-09-22 15:13:27.792 [info] > git config --get commit.template [6ms]
2023-09-22 15:13:27.796 [info] > git for-each-ref --format=%(refname)%00%(upstream:short)%00%(objectname)%00%(upstream:track)%00%(upstream:remotename)%00%(upstream:remoteref) refs/heads/main refs/remotes/main [5ms]
2023-09-22 15:13:27.813 [info] > git status -z -uall [11ms]
2023-09-22 15:13:32.844 [info] > git config --get commit.template [8ms]
2023-09-22 15:13:32.846 [info] > git for-each-ref --format=%(refname)%00%(upstream:short)%00%(objectname)%00%(upstream:track)%00%(upstream:remotename)%00%(upstream:remoteref) refs/heads/main refs/remotes/main [3ms]
2023-09-22 15:13:32.861 [info] > git status -z -uall [8ms]
2023-09-22 15:13:37.894 [info] > git config --get commit.template [8ms]
2023-09-22 15:13:37.899 [info] > git for-each-ref --format=%(refname)%00%(upstream:short)%00%(objectname)%00%(upstream:track)%00%(upstream:remotename)%00%(upstream:remoteref) refs/heads/main refs/remotes/main [6ms]
2023-09-22 15:13:37.916 [info] > git status -z -uall [9ms]
2023-09-22 15:13:42.947 [info] > git config --get commit.template [10ms]
2023-09-22 15:13:42.948 [info] > git for-each-ref --format=%(refname)%00%(upstream:short)%00%(objectname)%00%(upstream:track)%00%(upstream:remotename)%00%(upstream:remoteref) refs/heads/main refs/remotes/main [3ms]
2023-09-22 15:13:42.966 [info] > git status -z -uall [11ms]
2023-09-22 15:13:47.993 [info] > git config --get commit.template [7ms]
2023-09-22 15:13:47.996 [info] > git for-each-ref --format=%(refname)%00%(upstream:short)%00%(objectname)%00%(upstream:track)%00%(upstream:remotename)%00%(upstream:remoteref) refs/heads/main refs/remotes/main [3ms]
2023-09-22 15:13:48.010 [info] > git status -z -uall [8ms]
2023-09-22 15:13:53.032 [info] > git config --get commit.template [7ms]
2023-09-22 15:13:53.037 [info] > git for-each-ref --format=%(refname)%00%(upstream:short)%00%(objectname)%00%(upstream:track)%00%(upstream:remotename)%00%(upstream:remoteref) refs/heads/main refs/remotes/main [6ms]
2023-09-22 15:13:53.055 [info] > git status -z -uall [10ms]
2023-09-22 15:13:58.078 [info] > git config --get commit.template [8ms]
2023-09-22 15:13:58.081 [info] > git for-each-ref --format=%(refname)%00%(upstream:short)%00%(objectname)%00%(upstream:track)%00%(upstream:remotename)%00%(upstream:remoteref) refs/heads/main refs/remotes/main [4ms]
2023-09-22 15:13:58.098 [info] > git status -z -uall [10ms]
2023-09-22 15:14:03.126 [info] > git config --get commit.template [7ms]
2023-09-22 15:14:03.129 [info] > git for-each-ref --format=%(refname)%00%(upstream:short)%00%(objectname)%00%(upstream:track)%00%(upstream:remotename)%00%(upstream:remoteref) refs/heads/main refs/remotes/main [4ms]
2023-09-22 15:14:03.145 [info] > git status -z -uall [9ms]
2023-09-22 15:14:08.169 [info] > git config --get commit.template [6ms]
2023-09-22 15:14:08.174 [info] > git for-each-ref --format=%(refname)%00%(upstream:short)%00%(objectname)%00%(upstream:track)%00%(upstream:remotename)%00%(upstream:remoteref) refs/heads/main refs/remotes/main [5ms]
2023-09-22 15:14:08.189 [info] > git status -z -uall [9ms]
2023-09-22 15:14:13.210 [info] > git config --get commit.template [7ms]
2023-09-22 15:14:13.215 [info] > git for-each-ref --format=%(refname)%00%(upstream:short)%00%(objectname)%00%(upstream:track)%00%(upstream:remotename)%00%(upstream:remoteref) refs/heads/main refs/remotes/main [6ms]
2023-09-22 15:14:13.230 [info] > git status -z -uall [8ms]
2023-09-22 15:14:18.261 [info] > git config --get commit.template [14ms]
2023-09-22 15:14:18.264 [info] > git for-each-ref --format=%(refname)%00%(upstream:short)%00%(objectname)%00%(upstream:track)%00%(upstream:remotename)%00%(upstream:remoteref) refs/heads/main refs/remotes/main [4ms]
2023-09-22 15:14:18.278 [info] > git status -z -uall [8ms]
2023-09-22 15:14:23.301 [info] > git config --get commit.template [7ms]
2023-09-22 15:14:23.305 [info] > git for-each-ref --format=%(refname)%00%(upstream:short)%00%(objectname)%00%(upstream:track)%00%(upstream:remotename)%00%(upstream:remoteref) refs/heads/main refs/remotes/main [5ms]
2023-09-22 15:14:23.320 [info] > git status -z -uall [8ms]
2023-09-22 15:14:28.353 [info] > git config --get commit.template [6ms]
2023-09-22 15:14:28.358 [info] > git for-each-ref --format=%(refname)%00%(upstream:short)%00%(objectname)%00%(upstream:track)%00%(upstream:remotename)%00%(upstream:remoteref) refs/heads/main refs/remotes/main [5ms]
2023-09-22 15:14:28.373 [info] > git status -z -uall [9ms]
2023-09-22 15:14:33.407 [info] > git config --get commit.template [7ms]
2023-09-22 15:14:33.411 [info] > git for-each-ref --format=%(refname)%00%(upstream:short)%00%(objectname)%00%(upstream:track)%00%(upstream:remotename)%00%(upstream:remoteref) refs/heads/main refs/remotes/main [4ms]
2023-09-22 15:14:33.426 [info] > git status -z -uall [8ms]
2023-09-22 15:14:38.448 [info] > git config --get commit.template [6ms]
2023-09-22 15:14:38.456 [info] > git for-each-ref --format=%(refname)%00%(upstream:short)%00%(objectname)%00%(upstream:track)%00%(upstream:remotename)%00%(upstream:remoteref) refs/heads/main refs/remotes/main [8ms]
2023-09-22 15:14:38.470 [info] > git status -z -uall [8ms]
2023-09-22 15:14:43.498 [info] > git config --get commit.template [8ms]
2023-09-22 15:14:43.502 [info] > git for-each-ref --format=%(refname)%00%(upstream:short)%00%(objectname)%00%(upstream:track)%00%(upstream:remotename)%00%(upstream:remoteref) refs/heads/main refs/remotes/main [4ms]
2023-09-22 15:14:43.518 [info] > git status -z -uall [9ms]
2023-09-22 15:14:48.550 [info] > git config --get commit.template [6ms]
2023-09-22 15:14:48.554 [info] > git for-each-ref --format=%(refname)%00%(upstream:short)%00%(objectname)%00%(upstream:track)%00%(upstream:remotename)%00%(upstream:remoteref) refs/heads/main refs/remotes/main [5ms]
2023-09-22 15:14:48.568 [info] > git status -z -uall [8ms]
2023-09-22 15:14:53.597 [info] > git config --get commit.template [8ms]
2023-09-22 15:14:53.601 [info] > git for-each-ref --format=%(refname)%00%(upstream:short)%00%(objectname)%00%(upstream:track)%00%(upstream:remotename)%00%(upstream:remoteref) refs/heads/main refs/remotes/main [5ms]
2023-09-22 15:14:53.618 [info] > git status -z -uall [10ms]
2023-09-22 15:14:58.641 [info] > git config --get commit.template [7ms]
2023-09-22 15:14:58.646 [info] > git for-each-ref --format=%(refname)%00%(upstream:short)%00%(objectname)%00%(upstream:track)%00%(upstream:remotename)%00%(upstream:remoteref) refs/heads/main refs/remotes/main [5ms]
2023-09-22 15:14:58.665 [info] > git status -z -uall [11ms]
2023-09-22 15:15:03.698 [info] > git config --get commit.template [10ms]
2023-09-22 15:15:03.703 [info] > git for-each-ref --format=%(refname)%00%(upstream:short)%00%(objectname)%00%(upstream:track)%00%(upstream:remotename)%00%(upstream:remoteref) refs/heads/main refs/remotes/main [5ms]
2023-09-22 15:15:03.719 [info] > git status -z -uall [9ms]
2023-09-22 15:15:08.745 [info] > git config --get commit.template [8ms]
2023-09-22 15:15:08.747 [info] > git for-each-ref --format=%(refname)%00%(upstream:short)%00%(objectname)%00%(upstream:track)%00%(upstream:remotename)%00%(upstream:remoteref) refs/heads/main refs/remotes/main [3ms]
2023-09-22 15:15:08.763 [info] > git status -z -uall [9ms]
2023-09-22 15:15:13.797 [info] > git config --get commit.template [17ms]
2023-09-22 15:15:13.803 [info] > git for-each-ref --format=%(refname)%00%(upstream:short)%00%(objectname)%00%(upstream:track)%00%(upstream:remotename)%00%(upstream:remoteref) refs/heads/main refs/remotes/main [7ms]
2023-09-22 15:15:13.823 [info] > git status -z -uall [11ms]
2023-09-22 15:15:18.855 [info] > git config --get commit.template [11ms]
2023-09-22 15:15:18.861 [info] > git for-each-ref --format=%(refname)%00%(upstream:short)%00%(objectname)%00%(upstream:track)%00%(upstream:remotename)%00%(upstream:remoteref) refs/heads/main refs/remotes/main [7ms]
2023-09-22 15:15:18.880 [info] > git status -z -uall [9ms]
2023-09-22 15:15:23.915 [info] > git config --get commit.template [10ms]
2023-09-22 15:15:23.917 [info] > git for-each-ref --format=%(refname)%00%(upstream:short)%00%(objectname)%00%(upstream:track)%00%(upstream:remotename)%00%(upstream:remoteref) refs/heads/main refs/remotes/main [2ms]
2023-09-22 15:15:23.935 [info] > git status -z -uall [11ms]
2023-09-22 15:15:28.975 [info] > git config --get commit.template [11ms]
2023-09-22 15:15:28.980 [info] > git for-each-ref --format=%(refname)%00%(upstream:short)%00%(objectname)%00%(upstream:track)%00%(upstream:remotename)%00%(upstream:remoteref) refs/heads/main refs/remotes/main [5ms]
2023-09-22 15:15:28.997 [info] > git status -z -uall [10ms]
2023-09-22 15:15:34.066 [info] > git config --get commit.template [8ms]
2023-09-22 15:15:34.072 [info] > git for-each-ref --format=%(refname)%00%(upstream:short)%00%(objectname)%00%(upstream:track)%00%(upstream:remotename)%00%(upstream:remoteref) refs/heads/main refs/remotes/main [7ms]
2023-09-22 15:15:34.088 [info] > git status -z -uall [9ms]
2023-09-22 15:15:39.121 [info] > git config --get commit.template [13ms]
2023-09-22 15:15:39.127 [info] > git for-each-ref --format=%(refname)%00%(upstream:short)%00%(objectname)%00%(upstream:track)%00%(upstream:remotename)%00%(upstream:remoteref) refs/heads/main refs/remotes/main [7ms]
2023-09-22 15:15:39.151 [info] > git status -z -uall [11ms]
2023-09-22 15:15:44.182 [info] > git config --get commit.template [9ms]
2023-09-22 15:15:44.185 [info] > git for-each-ref --format=%(refname)%00%(upstream:short)%00%(objectname)%00%(upstream:track)%00%(upstream:remotename)%00%(upstream:remoteref) refs/heads/main refs/remotes/main [3ms]
2023-09-22 15:15:44.203 [info] > git status -z -uall [11ms]
2023-09-22 15:15:49.300 [info] > git config --get commit.template [15ms]
2023-09-22 15:15:49.308 [info] > git for-each-ref --format=%(refname)%00%(upstream:short)%00%(objectname)%00%(upstream:track)%00%(upstream:remotename)%00%(upstream:remoteref) refs/heads/main refs/remotes/main [11ms]
2023-09-22 15:15:49.347 [info] > git status -z -uall [31ms]
2023-09-22 15:15:54.397 [info] > git config --get commit.template [11ms]
2023-09-22 15:15:54.404 [info] > git for-each-ref --format=%(refname)%00%(upstream:short)%00%(objectname)%00%(upstream:track)%00%(upstream:remotename)%00%(upstream:remoteref) refs/heads/main refs/remotes/main [8ms]
2023-09-22 15:15:54.449 [info] > git status -z -uall [37ms]
2023-09-22 15:15:59.519 [info] > git config --get commit.template [7ms]
2023-09-22 15:15:59.523 [info] > git for-each-ref --format=%(refname)%00%(upstream:short)%00%(objectname)%00%(upstream:track)%00%(upstream:remotename)%00%(upstream:remoteref) refs/heads/main refs/remotes/main [4ms]
2023-09-22 15:15:59.540 [info] > git status -z -uall [9ms]
2023-09-22 15:16:04.566 [info] > git config --get commit.template [11ms]
2023-09-22 15:16:04.568 [info] > git for-each-ref --format=%(refname)%00%(upstream:short)%00%(objectname)%00%(upstream:track)%00%(upstream:remotename)%00%(upstream:remoteref) refs/heads/main refs/remotes/main [2ms]
2023-09-22 15:16:04.584 [info] > git status -z -uall [9ms]
2023-09-22 15:16:09.617 [info] > git config --get commit.template [7ms]
2023-09-22 15:16:09.620 [info] > git for-each-ref --format=%(refname)%00%(upstream:short)%00%(objectname)%00%(upstream:track)%00%(upstream:remotename)%00%(upstream:remoteref) refs/heads/main refs/remotes/main [4ms]
2023-09-22 15:16:09.634 [info] > git status -z -uall [9ms]
2023-09-22 15:16:14.659 [info] > git config --get commit.template [7ms]
2023-09-22 15:16:14.662 [info] > git for-each-ref --format=%(refname)%00%(upstream:short)%00%(objectname)%00%(upstream:track)%00%(upstream:remotename)%00%(upstream:remoteref) refs/heads/main refs/remotes/main [4ms]
2023-09-22 15:16:14.677 [info] > git status -z -uall [9ms]
2023-09-22 15:16:19.706 [info] > git config --get commit.template [9ms]
2023-09-22 15:16:19.708 [info] > git for-each-ref --format=%(refname)%00%(upstream:short)%00%(objectname)%00%(upstream:track)%00%(upstream:remotename)%00%(upstream:remoteref) refs/heads/main refs/remotes/main [2ms]
2023-09-22 15:16:19.725 [info] > git status -z -uall [9ms]
2023-09-22 15:16:24.754 [info] > git config --get commit.template [6ms]
2023-09-22 15:16:24.758 [info] > git for-each-ref --format=%(refname)%00%(upstream:short)%00%(objectname)%00%(upstream:track)%00%(upstream:remotename)%00%(upstream:remoteref) refs/heads/main refs/remotes/main [5ms]
2023-09-22 15:16:24.772 [info] > git status -z -uall [8ms]
2023-09-22 15:16:29.800 [info] > git config --get commit.template [10ms]
2023-09-22 15:16:29.803 [info] > git for-each-ref --format=%(refname)%00%(upstream:short)%00%(objectname)%00%(upstream:track)%00%(upstream:remotename)%00%(upstream:remoteref) refs/heads/main refs/remotes/main [3ms]
2023-09-22 15:16:29.819 [info] > git status -z -uall [8ms]
2023-09-22 15:16:34.845 [info] > git config --get commit.template [6ms]
2023-09-22 15:16:34.850 [info] > git for-each-ref --format=%(refname)%00%(upstream:short)%00%(objectname)%00%(upstream:track)%00%(upstream:remotename)%00%(upstream:remoteref) refs/heads/main refs/remotes/main [6ms]
2023-09-22 15:16:34.866 [info] > git status -z -uall [9ms]
2023-09-22 15:16:39.896 [info] > git config --get commit.template [9ms]
2023-09-22 15:16:39.898 [info] > git for-each-ref --format=%(refname)%00%(upstream:short)%00%(objectname)%00%(upstream:track)%00%(upstream:remotename)%00%(upstream:remoteref) refs/heads/main refs/remotes/main [3ms]
2023-09-22 15:16:39.915 [info] > git status -z -uall [8ms]
2023-09-22 15:16:44.943 [info] > git config --get commit.template [7ms]
2023-09-22 15:16:44.949 [info] > git for-each-ref --format=%(refname)%00%(upstream:short)%00%(objectname)%00%(upstream:track)%00%(upstream:remotename)%00%(upstream:remoteref) refs/heads/main refs/remotes/main [6ms]
2023-09-22 15:16:44.966 [info] > git status -z -uall [9ms]
2023-09-22 15:16:49.991 [info] > git config --get commit.template [9ms]
2023-09-22 15:16:49.995 [info] > git for-each-ref --format=%(refname)%00%(upstream:short)%00%(objectname)%00%(upstream:track)%00%(upstream:remotename)%00%(upstream:remoteref) refs/heads/main refs/remotes/main [5ms]
2023-09-22 15:16:50.010 [info] > git status -z -uall [8ms]
2023-09-22 15:16:55.034 [info] > git config --get commit.template [7ms]
2023-09-22 15:16:55.039 [info] > git for-each-ref --format=%(refname)%00%(upstream:short)%00%(objectname)%00%(upstream:track)%00%(upstream:remotename)%00%(upstream:remoteref) refs/heads/main refs/remotes/main [5ms]
2023-09-22 15:16:55.054 [info] > git status -z -uall [8ms]
2023-09-22 15:17:00.080 [info] > git config --get commit.template [7ms]
2023-09-22 15:17:00.083 [info] > git for-each-ref --format=%(refname)%00%(upstream:short)%00%(objectname)%00%(upstream:track)%00%(upstream:remotename)%00%(upstream:remoteref) refs/heads/main refs/remotes/main [4ms]
2023-09-22 15:17:00.099 [info] > git status -z -uall [9ms]
2023-09-22 15:17:05.125 [info] > git config --get commit.template [8ms]
2023-09-22 15:17:05.128 [info] > git for-each-ref --format=%(refname)%00%(upstream:short)%00%(objectname)%00%(upstream:track)%00%(upstream:remotename)%00%(upstream:remoteref) refs/heads/main refs/remotes/main [3ms]
2023-09-22 15:17:05.143 [info] > git status -z -uall [9ms]
2023-09-22 15:17:10.168 [info] > git config --get commit.template [6ms]
2023-09-22 15:17:10.171 [info] > git for-each-ref --format=%(refname)%00%(upstream:short)%00%(objectname)%00%(upstream:track)%00%(upstream:remotename)%00%(upstream:remoteref) refs/heads/main refs/remotes/main [3ms]
2023-09-22 15:17:10.185 [info] > git status -z -uall [8ms]
2023-09-22 15:17:15.215 [info] > git config --get commit.template [8ms]
2023-09-22 15:17:15.220 [info] > git for-each-ref --format=%(refname)%00%(upstream:short)%00%(objectname)%00%(upstream:track)%00%(upstream:remotename)%00%(upstream:remoteref) refs/heads/main refs/remotes/main [5ms]
2023-09-22 15:17:15.238 [info] > git status -z -uall [10ms]
2023-09-22 15:17:20.269 [info] > git config --get commit.template [7ms]
2023-09-22 15:17:20.271 [info] > git for-each-ref --format=%(refname)%00%(upstream:short)%00%(objectname)%00%(upstream:track)%00%(upstream:remotename)%00%(upstream:remoteref) refs/heads/main refs/remotes/main [2ms]
2023-09-22 15:17:20.285 [info] > git status -z -uall [8ms]
2023-09-22 15:17:25.310 [info] > git config --get commit.template [6ms]
2023-09-22 15:17:25.314 [info] > git for-each-ref --format=%(refname)%00%(upstream:short)%00%(objectname)%00%(upstream:track)%00%(upstream:remotename)%00%(upstream:remoteref) refs/heads/main refs/remotes/main [4ms]
2023-09-22 15:17:25.328 [info] > git status -z -uall [8ms]
2023-09-22 15:17:30.357 [info] > git config --get commit.template [9ms]
2023-09-22 15:17:30.362 [info] > git for-each-ref --format=%(refname)%00%(upstream:short)%00%(objectname)%00%(upstream:track)%00%(upstream:remotename)%00%(upstream:remoteref) refs/heads/main refs/remotes/main [5ms]
2023-09-22 15:17:30.377 [info] > git status -z -uall [8ms]
2023-09-22 15:17:35.403 [info] > git config --get commit.template [8ms]
2023-09-22 15:17:35.407 [info] > git for-each-ref --format=%(refname)%00%(upstream:short)%00%(objectname)%00%(upstream:track)%00%(upstream:remotename)%00%(upstream:remoteref) refs/heads/main refs/remotes/main [4ms]
2023-09-22 15:17:35.425 [info] > git status -z -uall [9ms]
2023-09-22 15:17:40.448 [info] > git config --get commit.template [8ms]
2023-09-22 15:17:40.450 [info] > git for-each-ref --format=%(refname)%00%(upstream:short)%00%(objectname)%00%(upstream:track)%00%(upstream:remotename)%00%(upstream:remoteref) refs/heads/main refs/remotes/main [2ms]
2023-09-22 15:17:40.464 [info] > git status -z -uall [8ms]
2023-09-22 15:17:45.485 [info] > git config --get commit.template [6ms]
2023-09-22 15:17:45.490 [info] > git for-each-ref --format=%(refname)%00%(upstream:short)%00%(objectname)%00%(upstream:track)%00%(upstream:remotename)%00%(upstream:remoteref) refs/heads/main refs/remotes/main [5ms]
2023-09-22 15:17:45.504 [info] > git status -z -uall [8ms]
2023-09-22 15:17:50.527 [info] > git config --get commit.template [7ms]
2023-09-22 15:17:50.530 [info] > git for-each-ref --format=%(refname)%00%(upstream:short)%00%(objectname)%00%(upstream:track)%00%(upstream:remotename)%00%(upstream:remoteref) refs/heads/main refs/remotes/main [3ms]
2023-09-22 15:17:50.545 [info] > git status -z -uall [9ms]
2023-09-22 15:17:55.575 [info] > git config --get commit.template [6ms]
2023-09-22 15:17:55.579 [info] > git for-each-ref --format=%(refname)%00%(upstream:short)%00%(objectname)%00%(upstream:track)%00%(upstream:remotename)%00%(upstream:remoteref) refs/heads/main refs/remotes/main [5ms]
2023-09-22 15:17:55.594 [info] > git status -z -uall [9ms]
2023-09-22 15:18:00.619 [info] > git config --get commit.template [7ms]
2023-09-22 15:18:00.622 [info] > git for-each-ref --format=%(refname)%00%(upstream:short)%00%(objectname)%00%(upstream:track)%00%(upstream:remotename)%00%(upstream:remoteref) refs/heads/main refs/remotes/main [4ms]
2023-09-22 15:18:00.636 [info] > git status -z -uall [8ms]
2023-09-22 15:18:05.662 [info] > git config --get commit.template [9ms]
2023-09-22 15:18:05.664 [info] > git for-each-ref --format=%(refname)%00%(upstream:short)%00%(objectname)%00%(upstream:track)%00%(upstream:remotename)%00%(upstream:remoteref) refs/heads/main refs/remotes/main [2ms]
2023-09-22 15:18:05.678 [info] > git status -z -uall [8ms]
2023-09-22 15:18:10.706 [info] > git config --get commit.template [8ms]
2023-09-22 15:18:10.710 [info] > git for-each-ref --format=%(refname)%00%(upstream:short)%00%(objectname)%00%(upstream:track)%00%(upstream:remotename)%00%(upstream:remoteref) refs/heads/main refs/remotes/main [5ms]
2023-09-22 15:18:10.728 [info] > git status -z -uall [10ms]
2023-09-22 15:18:15.757 [info] > git config --get commit.template [9ms]
2023-09-22 15:18:15.761 [info] > git for-each-ref --format=%(refname)%00%(upstream:short)%00%(objectname)%00%(upstream:track)%00%(upstream:remotename)%00%(upstream:remoteref) refs/heads/main refs/remotes/main [5ms]
2023-09-22 15:18:15.775 [info] > git status -z -uall [8ms]
2023-09-22 15:18:20.808 [info] > git config --get commit.template [11ms]
2023-09-22 15:18:20.810 [info] > git for-each-ref --format=%(refname)%00%(upstream:short)%00%(objectname)%00%(upstream:track)%00%(upstream:remotename)%00%(upstream:remoteref) refs/heads/main refs/remotes/main [3ms]
2023-09-22 15:18:20.838 [info] > git status -z -uall [15ms]
2023-09-22 15:18:25.861 [info] > git config --get commit.template [7ms]
2023-09-22 15:18:25.863 [info] > git for-each-ref --format=%(refname)%00%(upstream:short)%00%(objectname)%00%(upstream:track)%00%(upstream:remotename)%00%(upstream:remoteref) refs/heads/main refs/remotes/main [3ms]
2023-09-22 15:18:25.877 [info] > git status -z -uall [9ms]
2023-09-22 15:18:30.912 [info] > git for-each-ref --format=%(refname)%00%(upstream:short)%00%(objectname)%00%(upstream:track)%00%(upstream:remotename)%00%(upstream:remoteref) refs/heads/main refs/remotes/main [4ms]
2023-09-22 15:18:30.913 [info] > git config --get commit.template [15ms]
2023-09-22 15:18:30.932 [info] > git status -z -uall [9ms]
2023-09-22 15:18:35.992 [info] > git config --get commit.template [34ms]
2023-09-22 15:18:36.002 [info] > git for-each-ref --format=%(refname)%00%(upstream:short)%00%(objectname)%00%(upstream:track)%00%(upstream:remotename)%00%(upstream:remoteref) refs/heads/main refs/remotes/main [18ms]
2023-09-22 15:18:36.047 [info] > git status -z -uall [20ms]
2023-09-22 16:26:01.864 [info] > git config --get commit.template [47ms]
2023-09-22 16:26:01.871 [info] > git for-each-ref --format=%(refname)%00%(upstream:short)%00%(objectname)%00%(upstream:track)%00%(upstream:remotename)%00%(upstream:remoteref) refs/heads/main refs/remotes/main [34ms]
2023-09-22 16:26:01.968 [info] > git status -z -uall [79ms]
2023-09-22 16:26:07.014 [info] > git config --get commit.template [9ms]
2023-09-22 16:26:07.016 [info] > git for-each-ref --format=%(refname)%00%(upstream:short)%00%(objectname)%00%(upstream:track)%00%(upstream:remotename)%00%(upstream:remoteref) refs/heads/main refs/remotes/main [2ms]
2023-09-22 16:26:07.041 [info] > git status -z -uall [11ms]
2023-09-22 16:26:12.070 [info] > git config --get commit.template [7ms]
2023-09-22 16:26:12.073 [info] > git for-each-ref --format=%(refname)%00%(upstream:short)%00%(objectname)%00%(upstream:track)%00%(upstream:remotename)%00%(upstream:remoteref) refs/heads/main refs/remotes/main [3ms]
2023-09-22 16:26:12.091 [info] > git status -z -uall [8ms]
2023-09-22 16:26:17.129 [info] > git config --get commit.template [7ms]
2023-09-22 16:26:17.132 [info] > git for-each-ref --format=%(refname)%00%(upstream:short)%00%(objectname)%00%(upstream:track)%00%(upstream:remotename)%00%(upstream:remoteref) refs/heads/main refs/remotes/main [3ms]
2023-09-22 16:26:17.148 [info] > git status -z -uall [8ms]
2023-09-22 16:26:22.209 [info] > git config --get commit.template [24ms]
2023-09-22 16:26:22.216 [info] > git for-each-ref --format=%(refname)%00%(upstream:short)%00%(objectname)%00%(upstream:track)%00%(upstream:remotename)%00%(upstream:remoteref) refs/heads/main refs/remotes/main [17ms]
2023-09-22 16:26:22.256 [info] > git status -z -uall [22ms]
2023-09-22 16:26:27.300 [info] > git config --get commit.template [1ms]
2023-09-22 16:26:27.336 [info] > git for-each-ref --format=%(refname)%00%(upstream:short)%00%(objectname)%00%(upstream:track)%00%(upstream:remotename)%00%(upstream:remoteref) refs/heads/main refs/remotes/main [17ms]
2023-09-22 16:26:27.385 [info] > git status -z -uall [19ms]
2023-09-22 16:26:32.427 [info] > git config --get commit.template [8ms]
2023-09-22 16:26:32.432 [info] > git for-each-ref --format=%(refname)%00%(upstream:short)%00%(objectname)%00%(upstream:track)%00%(upstream:remotename)%00%(upstream:remoteref) refs/heads/main refs/remotes/main [7ms]
2023-09-22 16:26:32.485 [info] > git status -z -uall [11ms]
2023-09-22 16:26:37.514 [info] > git config --get commit.template [7ms]
2023-09-22 16:26:37.515 [info] > git for-each-ref --format=%(refname)%00%(upstream:short)%00%(objectname)%00%(upstream:track)%00%(upstream:remotename)%00%(upstream:remoteref) refs/heads/main refs/remotes/main [2ms]
2023-09-22 16:26:37.529 [info] > git status -z -uall [7ms]
2023-09-22 16:26:42.567 [info] > git config --get commit.template [13ms]
2023-09-22 16:26:42.572 [info] > git for-each-ref --format=%(refname)%00%(upstream:short)%00%(objectname)%00%(upstream:track)%00%(upstream:remotename)%00%(upstream:remoteref) refs/heads/main refs/remotes/main [5ms]
2023-09-22 16:26:42.589 [info] > git status -z -uall [10ms]
2023-09-22 16:26:47.621 [info] > git config --get commit.template [6ms]
2023-09-22 16:26:47.623 [info] > git for-each-ref --format=%(refname)%00%(upstream:short)%00%(objectname)%00%(upstream:track)%00%(upstream:remotename)%00%(upstream:remoteref) refs/heads/main refs/remotes/main [3ms]
2023-09-22 16:26:47.638 [info] > git status -z -uall [8ms]
2023-09-22 16:26:52.663 [info] > git config --get commit.template [8ms]
2023-09-22 16:26:52.668 [info] > git for-each-ref --format=%(refname)%00%(upstream:short)%00%(objectname)%00%(upstream:track)%00%(upstream:remotename)%00%(upstream:remoteref) refs/heads/main refs/remotes/main [5ms]
2023-09-22 16:26:52.682 [info] > git status -z -uall [8ms]
2023-09-22 16:26:57.711 [info] > git config --get commit.template [9ms]
2023-09-22 16:26:57.715 [info] > git for-each-ref --format=%(refname)%00%(upstream:short)%00%(objectname)%00%(upstream:track)%00%(upstream:remotename)%00%(upstream:remoteref) refs/heads/main refs/remotes/main [5ms]
2023-09-22 16:26:57.734 [info] > git status -z -uall [12ms]
2023-09-22 16:27:02.764 [info] > git config --get commit.template [8ms]
2023-09-22 16:27:02.771 [info] > git for-each-ref --format=%(refname)%00%(upstream:short)%00%(objectname)%00%(upstream:track)%00%(upstream:remotename)%00%(upstream:remoteref) refs/heads/main refs/remotes/main [7ms]
2023-09-22 16:27:02.790 [info] > git status -z -uall [8ms]
2023-09-22 16:27:07.827 [info] > git config --get commit.template [20ms]
2023-09-22 16:27:07.829 [info] > git for-each-ref --format=%(refname)%00%(upstream:short)%00%(objectname)%00%(upstream:track)%00%(upstream:remotename)%00%(upstream:remoteref) refs/heads/main refs/remotes/main [7ms]
2023-09-22 16:27:07.847 [info] > git status -z -uall [9ms]
2023-09-22 16:27:12.910 [info] > git config --get commit.template [11ms]
2023-09-22 16:27:12.911 [info] > git for-each-ref --format=%(refname)%00%(upstream:short)%00%(objectname)%00%(upstream:track)%00%(upstream:remotename)%00%(upstream:remoteref) refs/heads/main refs/remotes/main [2ms]
2023-09-22 16:27:12.930 [info] > git status -z -uall [12ms]
2023-09-22 16:27:17.958 [info] > git config --get commit.template [6ms]
2023-09-22 16:27:17.961 [info] > git for-each-ref --format=%(refname)%00%(upstream:short)%00%(objectname)%00%(upstream:track)%00%(upstream:remotename)%00%(upstream:remoteref) refs/heads/main refs/remotes/main [3ms]
2023-09-22 16:27:17.974 [info] > git status -z -uall [8ms]
2023-09-22 16:27:23.021 [info] > git config --get commit.template [16ms]
2023-09-22 16:27:23.029 [info] > git for-each-ref --format=%(refname)%00%(upstream:short)%00%(objectname)%00%(upstream:track)%00%(upstream:remotename)%00%(upstream:remoteref) refs/heads/main refs/remotes/main [9ms]
2023-09-22 16:27:23.070 [info] > git status -z -uall [26ms]
2023-09-22 16:27:37.268 [info] > git config --get commit.template [29ms]
2023-09-22 16:27:37.274 [info] > git for-each-ref --format=%(refname)%00%(upstream:short)%00%(objectname)%00%(upstream:track)%00%(upstream:remotename)%00%(upstream:remoteref) refs/heads/main refs/remotes/main [12ms]
2023-09-22 16:27:37.300 [info] > git status -z -uall [12ms]
2023-09-22 16:27:42.329 [info] > git config --get commit.template [7ms]
2023-09-22 16:27:42.330 [info] > git for-each-ref --format=%(refname)%00%(upstream:short)%00%(objectname)%00%(upstream:track)%00%(upstream:remotename)%00%(upstream:remoteref) refs/heads/main refs/remotes/main [2ms]
2023-09-22 16:27:42.346 [info] > git status -z -uall [8ms]
2023-09-22 16:27:47.372 [info] > git config --get commit.template [8ms]
2023-09-22 16:27:47.374 [info] > git for-each-ref --format=%(refname)%00%(upstream:short)%00%(objectname)%00%(upstream:track)%00%(upstream:remotename)%00%(upstream:remoteref) refs/heads/main refs/remotes/main [2ms]
2023-09-22 16:27:47.392 [info] > git status -z -uall [8ms]
2023-09-22 16:27:52.423 [info] > git config --get commit.template [11ms]
2023-09-22 16:27:52.427 [info] > git for-each-ref --format=%(refname)%00%(upstream:short)%00%(objectname)%00%(upstream:track)%00%(upstream:remotename)%00%(upstream:remoteref) refs/heads/main refs/remotes/main [5ms]
2023-09-22 16:27:52.445 [info] > git status -z -uall [10ms]
2023-09-22 16:27:54.249 [info] > git show --textconv :csv_files/Image_Links.csv [19ms]
2023-09-22 16:27:54.253 [info] > git ls-files --stage -- /home/user/webpages_tech/lab-04-201/csv_files/Image_Links.csv [5ms]
2023-09-22 16:27:57.527 [info] > git config --get commit.template [39ms]
2023-09-22 16:27:57.530 [info] > git for-each-ref --format=%(refname)%00%(upstream:short)%00%(objectname)%00%(upstream:track)%00%(upstream:remotename)%00%(upstream:remoteref) refs/heads/main refs/remotes/main [4ms]
2023-09-22 16:27:57.640 [info] > git status -z -uall [78ms]
2023-09-22 16:28:02.678 [info] > git config --get commit.template [8ms]
2023-09-22 16:28:02.682 [info] > git for-each-ref --format=%(refname)%00%(upstream:short)%00%(objectname)%00%(upstream:track)%00%(upstream:remotename)%00%(upstream:remoteref) refs/heads/main refs/remotes/main [3ms]
2023-09-22 16:28:02.699 [info] > git status -z -uall [8ms]
2023-09-22 16:28:07.725 [info] > git config --get commit.template [8ms]
2023-09-22 16:28:07.731 [info] > git for-each-ref --format=%(refname)%00%(upstream:short)%00%(objectname)%00%(upstream:track)%00%(upstream:remotename)%00%(upstream:remoteref) refs/heads/main refs/remotes/main [7ms]
2023-09-22 16:28:07.759 [info] > git status -z -uall [10ms]
2023-09-22 16:28:12.826 [info] > git config --get commit.template [25ms]
2023-09-22 16:28:12.829 [info] > git for-each-ref --format=%(refname)%00%(upstream:short)%00%(objectname)%00%(upstream:track)%00%(upstream:remotename)%00%(upstream:remoteref) refs/heads/main refs/remotes/main [4ms]
2023-09-22 16:28:12.878 [info] > git status -z -uall [41ms]
2023-09-22 16:30:12.826 [info] > git config --get commit.template [21ms]
2023-09-22 16:30:12.855 [info] > git for-each-ref --format=%(refname)%00%(upstream:short)%00%(objectname)%00%(upstream:track)%00%(upstream:remotename)%00%(upstream:remoteref) refs/heads/main refs/remotes/main [6ms]
2023-09-22 16:30:12.883 [info] > git status -z -uall [19ms]
2023-09-22 16:30:17.910 [info] > git config --get commit.template [9ms]
2023-09-22 16:30:17.913 [info] > git for-each-ref --format=%(refname)%00%(upstream:short)%00%(objectname)%00%(upstream:track)%00%(upstream:remotename)%00%(upstream:remoteref) refs/heads/main refs/remotes/main [4ms]
2023-09-22 16:30:17.930 [info] > git status -z -uall [9ms]
2023-09-22 16:30:22.954 [info] > git config --get commit.template [7ms]
2023-09-22 16:30:22.959 [info] > git for-each-ref --format=%(refname)%00%(upstream:short)%00%(objectname)%00%(upstream:track)%00%(upstream:remotename)%00%(upstream:remoteref) refs/heads/main refs/remotes/main [5ms]
2023-09-22 16:30:22.974 [info] > git status -z -uall [8ms]
2023-09-22 16:30:27.993 [info] > git config --get commit.template [3ms]
2023-09-22 16:30:28.015 [info] > git for-each-ref --format=%(refname)%00%(upstream:short)%00%(objectname)%00%(upstream:track)%00%(upstream:remotename)%00%(upstream:remoteref) refs/heads/main refs/remotes/main [4ms]
2023-09-22 16:30:28.039 [info] > git status -z -uall [12ms]
2023-09-22 16:30:33.066 [info] > git config --get commit.template [9ms]
2023-09-22 16:30:33.070 [info] > git for-each-ref --format=%(refname)%00%(upstream:short)%00%(objectname)%00%(upstream:track)%00%(upstream:remotename)%00%(upstream:remoteref) refs/heads/main refs/remotes/main [4ms]
2023-09-22 16:30:33.088 [info] > git status -z -uall [11ms]
2023-09-22 16:30:38.118 [info] > git config --get commit.template [10ms]
2023-09-22 16:30:38.120 [info] > git for-each-ref --format=%(refname)%00%(upstream:short)%00%(objectname)%00%(upstream:track)%00%(upstream:remotename)%00%(upstream:remoteref) refs/heads/main refs/remotes/main [3ms]
2023-09-22 16:30:38.142 [info] > git status -z -uall [15ms]
2023-09-22 16:30:43.168 [info] > git config --get commit.template [10ms]
2023-09-22 16:30:43.173 [info] > git for-each-ref --format=%(refname)%00%(upstream:short)%00%(objectname)%00%(upstream:track)%00%(upstream:remotename)%00%(upstream:remoteref) refs/heads/main refs/remotes/main [6ms]
2023-09-22 16:30:43.203 [info] > git status -z -uall [21ms]
2023-09-22 16:30:48.250 [info] > git config --get commit.template [16ms]
2023-09-22 16:30:48.266 [info] > git for-each-ref --format=%(refname)%00%(upstream:short)%00%(objectname)%00%(upstream:track)%00%(upstream:remotename)%00%(upstream:remoteref) refs/heads/main refs/remotes/main [17ms]
2023-09-22 16:30:48.318 [info] > git status -z -uall [42ms]
2023-09-22 16:30:53.355 [info] > git config --get commit.template [17ms]
2023-09-22 16:30:53.358 [info] > git for-each-ref --format=%(refname)%00%(upstream:short)%00%(objectname)%00%(upstream:track)%00%(upstream:remotename)%00%(upstream:remoteref) refs/heads/main refs/remotes/main [4ms]
2023-09-22 16:30:53.379 [info] > git status -z -uall [11ms]
2023-09-22 16:30:58.413 [info] > git config --get commit.template [7ms]
2023-09-22 16:30:58.416 [info] > git for-each-ref --format=%(refname)%00%(upstream:short)%00%(objectname)%00%(upstream:track)%00%(upstream:remotename)%00%(upstream:remoteref) refs/heads/main refs/remotes/main [3ms]
2023-09-22 16:30:58.431 [info] > git status -z -uall [9ms]
2023-09-22 16:31:03.472 [info] > git config --get commit.template [17ms]
2023-09-22 16:31:03.474 [info] > git for-each-ref --format=%(refname)%00%(upstream:short)%00%(objectname)%00%(upstream:track)%00%(upstream:remotename)%00%(upstream:remoteref) refs/heads/main refs/remotes/main [11ms]
2023-09-22 16:31:03.496 [info] > git status -z -uall [8ms]
2023-09-22 16:31:08.517 [info] > git config --get commit.template [5ms]
2023-09-22 16:31:08.522 [info] > git for-each-ref --format=%(refname)%00%(upstream:short)%00%(objectname)%00%(upstream:track)%00%(upstream:remotename)%00%(upstream:remoteref) refs/heads/main refs/remotes/main [5ms]
2023-09-22 16:31:08.538 [info] > git status -z -uall [9ms]
2023-09-22 16:31:13.565 [info] > git config --get commit.template [7ms]
2023-09-22 16:31:13.567 [info] > git for-each-ref --format=%(refname)%00%(upstream:short)%00%(objectname)%00%(upstream:track)%00%(upstream:remotename)%00%(upstream:remoteref) refs/heads/main refs/remotes/main [3ms]
2023-09-22 16:31:13.584 [info] > git status -z -uall [9ms]
2023-09-22 16:31:18.609 [info] > git config --get commit.template [12ms]
2023-09-22 16:31:18.619 [info] > git for-each-ref --format=%(refname)%00%(upstream:short)%00%(objectname)%00%(upstream:track)%00%(upstream:remotename)%00%(upstream:remoteref) refs/heads/main refs/remotes/main [10ms]
2023-09-22 16:31:18.643 [info] > git status -z -uall [16ms]
2023-09-22 16:31:23.669 [info] > git config --get commit.template [7ms]
2023-09-22 16:31:23.671 [info] > git for-each-ref --format=%(refname)%00%(upstream:short)%00%(objectname)%00%(upstream:track)%00%(upstream:remotename)%00%(upstream:remoteref) refs/heads/main refs/remotes/main [2ms]
2023-09-22 16:31:23.684 [info] > git status -z -uall [8ms]
2023-09-22 16:31:29.909 [info] > git for-each-ref --format=%(refname)%00%(upstream:short)%00%(objectname)%00%(upstream:track)%00%(upstream:remotename)%00%(upstream:remoteref) refs/heads/main refs/remotes/main [1ms]
2023-09-22 16:31:29.910 [info] > git config --get commit.template [18ms]
2023-09-22 16:31:29.927 [info] > git status -z -uall [10ms]
2023-09-22 16:31:34.973 [info] > git for-each-ref --format=%(refname)%00%(upstream:short)%00%(objectname)%00%(upstream:track)%00%(upstream:remotename)%00%(upstream:remoteref) refs/heads/main refs/remotes/main [0ms]
2023-09-22 16:31:34.974 [info] > git config --get commit.template [25ms]
2023-09-22 16:31:35.000 [info] > git status -z -uall [18ms]
2023-09-22 16:31:40.042 [info] > git config --get commit.template [8ms]
2023-09-22 16:31:40.044 [info] > git for-each-ref --format=%(refname)%00%(upstream:short)%00%(objectname)%00%(upstream:track)%00%(upstream:remotename)%00%(upstream:remoteref) refs/heads/main refs/remotes/main [3ms]
2023-09-22 16:31:40.065 [info] > git status -z -uall [14ms]
2023-09-22 16:31:45.086 [info] > git config --get commit.template [1ms]
2023-09-22 16:31:45.098 [info] > git for-each-ref --format=%(refname)%00%(upstream:short)%00%(objectname)%00%(upstream:track)%00%(upstream:remotename)%00%(upstream:remoteref) refs/heads/main refs/remotes/main [3ms]
2023-09-22 16:31:45.118 [info] > git status -z -uall [12ms]
2023-09-22 16:31:50.154 [info] > git config --get commit.template [18ms]
2023-09-22 16:31:50.157 [info] > git for-each-ref --format=%(refname)%00%(upstream:short)%00%(objectname)%00%(upstream:track)%00%(upstream:remotename)%00%(upstream:remoteref) refs/heads/main refs/remotes/main [3ms]
2023-09-22 16:31:50.192 [info] > git status -z -uall [25ms]
2023-09-22 16:31:55.228 [info] > git config --get commit.template [7ms]
2023-09-22 16:31:55.230 [info] > git for-each-ref --format=%(refname)%00%(upstream:short)%00%(objectname)%00%(upstream:track)%00%(upstream:remotename)%00%(upstream:remoteref) refs/heads/main refs/remotes/main [3ms]
2023-09-22 16:31:55.247 [info] > git status -z -uall [11ms]
2023-09-22 16:32:00.274 [info] > git config --get commit.template [7ms]
2023-09-22 16:32:00.276 [info] > git for-each-ref --format=%(refname)%00%(upstream:short)%00%(objectname)%00%(upstream:track)%00%(upstream:remotename)%00%(upstream:remoteref) refs/heads/main refs/remotes/main [2ms]
2023-09-22 16:32:00.291 [info] > git status -z -uall [9ms]
2023-09-22 16:33:01.527 [info] > git config --get commit.template [20ms]
2023-09-22 16:33:01.531 [info] > git for-each-ref --format=%(refname)%00%(upstream:short)%00%(objectname)%00%(upstream:track)%00%(upstream:remotename)%00%(upstream:remoteref) refs/heads/main refs/remotes/main [6ms]
2023-09-22 16:33:01.557 [info] > git status -z -uall [15ms]
2023-09-22 16:33:06.600 [info] > git config --get commit.template [7ms]
2023-09-22 16:33:06.602 [info] > git for-each-ref --format=%(refname)%00%(upstream:short)%00%(objectname)%00%(upstream:track)%00%(upstream:remotename)%00%(upstream:remoteref) refs/heads/main refs/remotes/main [2ms]
2023-09-22 16:33:06.616 [info] > git status -z -uall [9ms]
2023-09-22 16:33:11.646 [info] > git config --get commit.template [4ms]
2023-09-22 16:33:11.682 [info] > git for-each-ref --format=%(refname)%00%(upstream:short)%00%(objectname)%00%(upstream:track)%00%(upstream:remotename)%00%(upstream:remoteref) refs/heads/main refs/remotes/main [8ms]
2023-09-22 16:33:11.722 [info] > git status -z -uall [20ms]
2023-09-22 16:33:16.755 [info] > git config --get commit.template [8ms]
2023-09-22 16:33:16.759 [info] > git for-each-ref --format=%(refname)%00%(upstream:short)%00%(objectname)%00%(upstream:track)%00%(upstream:remotename)%00%(upstream:remoteref) refs/heads/main refs/remotes/main [5ms]
2023-09-22 16:33:16.775 [info] > git status -z -uall [9ms]
2023-09-22 16:33:21.809 [info] > git config --get commit.template [14ms]
2023-09-22 16:33:21.812 [info] > git for-each-ref --format=%(refname)%00%(upstream:short)%00%(objectname)%00%(upstream:track)%00%(upstream:remotename)%00%(upstream:remoteref) refs/heads/main refs/remotes/main [4ms]
2023-09-22 16:33:21.854 [info] > git status -z -uall [25ms]
2023-09-22 16:33:26.884 [info] > git config --get commit.template [6ms]
2023-09-22 16:33:26.887 [info] > git for-each-ref --format=%(refname)%00%(upstream:short)%00%(objectname)%00%(upstream:track)%00%(upstream:remotename)%00%(upstream:remoteref) refs/heads/main refs/remotes/main [3ms]
2023-09-22 16:33:26.902 [info] > git status -z -uall [8ms]
2023-09-22 16:33:31.929 [info] > git config --get commit.template [8ms]
2023-09-22 16:33:31.933 [info] > git for-each-ref --format=%(refname)%00%(upstream:short)%00%(objectname)%00%(upstream:track)%00%(upstream:remotename)%00%(upstream:remoteref) refs/heads/main refs/remotes/main [5ms]
2023-09-22 16:33:31.952 [info] > git status -z -uall [10ms]
2023-09-22 16:33:36.979 [info] > git config --get commit.template [6ms]
2023-09-22 16:33:36.981 [info] > git for-each-ref --format=%(refname)%00%(upstream:short)%00%(objectname)%00%(upstream:track)%00%(upstream:remotename)%00%(upstream:remoteref) refs/heads/main refs/remotes/main [2ms]
2023-09-22 16:33:36.996 [info] > git status -z -uall [9ms]
2023-09-22 16:33:42.023 [info] > git config --get commit.template [13ms]
2023-09-22 16:33:42.025 [info] > git for-each-ref --format=%(refname)%00%(upstream:short)%00%(objectname)%00%(upstream:track)%00%(upstream:remotename)%00%(upstream:remoteref) refs/heads/main refs/remotes/main [4ms]
2023-09-22 16:33:42.050 [info] > git status -z -uall [9ms]
                                                                                                                                                                                                                                                                                                                                                             