2023-09-21 12:12:53.161 [info] Added views:workbench.panel.markers.view in workbench.panel.markers
2023-09-21 12:12:53.161 [info] Added views:workbench.panel.output in workbench.panel.output
2023-09-21 12:12:53.161 [info] Added views:terminal in terminal
2023-09-21 12:12:53.161 [info] Added views:outline in workbench.view.explorer
2023-09-21 12:12:53.161 [info] Added views:workbench.scm in workbench.view.scm
2023-09-21 12:12:53.161 [info] Added views:workbench.view.search in workbench.view.search
2023-09-21 12:12:53.161 [info] Added views:timeline in workbench.view.explorer
2023-09-21 12:12:53.161 [info] Added views:workbench.explorer.emptyView in workbench.view.explorer
2023-09-21 12:12:54.543 [info] Added views:workbench.debug.variablesView,workbench.debug.watchExpressionsView,workbench.debug.callStackView,workbench.debug.breakPointsView in workbench.view.debug
2023-09-21 12:12:55.049 [info] Added views:vscode-edge-devtools-view.targets,vscode-edge-devtools-view.help-links in workbench.view.extension.vscode-edge-devtools-view
2023-09-21 12:12:55.871 [info] Added views:workbench.panel.repl.view in workbench.panel.repl
2023-09-21 12:12:55.872 [info] Removed views:workbench.debug.breakPointsView,workbench.debug.callStackView,workbench.debug.watchExpressionsView,workbench.debug.variablesView from workbench.view.debug
2023-09-21 12:12:55.874 [info] Added views:workbench.debug.welcome in workbench.view.debug
2023-09-21 12:12:56.158 [info] Added views:~remote.forwardedPorts in ~remote.forwardedPortsContainer
2023-09-21 12:14:00.722 [info] Added views:workbench.panel.markers.view in workbench.panel.markers
2023-09-21 12:14:00.722 [info] Added views:workbench.panel.output in workbench.panel.output
2023-09-21 12:14:00.722 [info] Added views:terminal in terminal
2023-09-21 12:14:00.722 [info] Added views:outline in workbench.view.explorer
2023-09-21 12:14:00.722 [info] Added views:workbench.scm in workbench.view.scm
2023-09-21 12:14:00.722 [info] Added views:workbench.view.search in workbench.view.search
2023-09-21 12:14:00.722 [info] Added views:timeline in workbench.view.explorer
2023-09-21 12:14:00.722 [info] Added views:workbench.explorer.fileView in workbench.view.explorer
2023-09-21 12:14:01.329 [info] Added views:vscode-edge-devtools-view.targets,vscode-edge-devtools-view.help-links in workbench.view.extension.vscode-edge-devtools-view
2023-09-21 12:14:01.743 [info] Added views:workbench.debug.variablesView,workbench.debug.watchExpressionsView,workbench.debug.callStackView,workbench.debug.breakPointsView in workbench.view.debug
2023-09-21 12:14:02.029 [info] Added views:workbench.panel.repl.view in workbench.panel.repl
2023-09-21 12:14:02.034 [info] Removed views:workbench.debug.breakPointsView,workbench.debug.callStackView,workbench.debug.watchExpressionsView,workbench.debug.variablesView from workbench.view.debug
2023-09-21 12:14:02.040 [info] Added views:workbench.debug.welcome in workbench.view.debug
2023-09-21 12:14:02.796 [info] Added views:~remote.forwardedPorts in ~remote.forwardedPortsContainer
