2023-09-22 18:43:34.906 [info] Log level: Info
2023-09-22 18:43:34.906 [info] Validating found git in: "git"
2023-09-22 18:43:35.086 [info] Using git "2.34.1" from "git"
2023-09-22 18:43:35.218 [info] > git rev-parse --show-toplevel [62ms]
2023-09-22 18:43:35.303 [info] > git rev-parse --git-dir --git-common-dir [29ms]
2023-09-22 18:43:35.349 [info] Open repository: /home/user/webpages_tech/lab-04-201
2023-09-22 18:43:35.486 [info] > git rev-parse --show-toplevel [13ms]
2023-09-22 18:43:36.131 [info] > git config --get commit.template [705ms]
2023-09-22 18:43:36.257 [info] > git rev-parse --show-toplevel [127ms]
2023-09-22 18:43:36.489 [info] > git for-each-ref --format=%(refname)%00%(upstream:short)%00%(objectname)%00%(upstream:track)%00%(upstream:remotename)%00%(upstream:remoteref) refs/heads/main refs/remotes/main [233ms]
2023-09-22 18:43:36.499 [info] > git rev-parse --show-toplevel [199ms]
2023-09-22 18:43:36.818 [info] > git status -z -uall [320ms]
2023-09-22 18:43:36.818 [info] > git check-ignore -v -z --stdin [201ms]
2023-09-22 18:43:36.822 [info] > git rev-parse --show-toplevel [307ms]
2023-09-22 18:43:38.165 [info] > git config --get commit.template [115ms]
2023-09-22 18:43:38.200 [info] > git for-each-ref --format=%(refname)%00%(upstream:short)%00%(objectname)%00%(upstream:track)%00%(upstream:remotename)%00%(upstream:remoteref) refs/heads/main refs/remotes/main [37ms]
2023-09-22 18:43:38.344 [info] > git status -z -uall [99ms]
2023-09-22 18:43:45.474 [info] > git ls-files --stage -- /home/user/webpages_tech/lab-04-201/index.html [42ms]
2023-09-22 18:43:45.558 [info] > git show --textconv :index.html [151ms]
2023-09-22 18:43:45.559 [info] > git cat-file -s 364cac54dcfc03db7653fd701ba68c7cb98613b4 [35ms]
2023-09-22 18:43:47.922 [info] > git config --get commit.template [38ms]
2023-09-22 18:43:47.947 [info] > git for-each-ref --format=%(refname)%00%(upstream:short)%00%(objectname)%00%(upstream:track)%00%(upstream:remotename)%00%(upstream:remoteref) refs/heads/main refs/remotes/main [50ms]
2023-09-22 18:43:48.236 [info] > git status -z -uall [266ms]
2023-09-22 18:43:49.628 [info] > git show --textconv :app.js [138ms]
2023-09-22 18:43:49.648 [info] > git ls-files --stage -- /home/user/webpages_tech/lab-04-201/app.js [130ms]
2023-09-22 18:43:49.811 [info] > git cat-file -s 07516f440a0d70153c3dbda888ea0f67de27bf73 [86ms]
2023-09-22 18:43:54.326 [info] > git config --get commit.template [88ms]
2023-09-22 18:43:54.422 [info] > git for-each-ref --format=%(refname)%00%(upstream:short)%00%(objectname)%00%(upstream:track)%00%(upstream:remotename)%00%(upstream:remoteref) refs/heads/main refs/remotes/main [101ms]
2023-09-22 18:43:54.701 [info] > git status -z -uall [214ms]
2023-09-22 18:43:59.779 [info] > git config --get commit.template [33ms]
2023-09-22 18:43:59.792 [info] > git for-each-ref --format=%(refname)%00%(upstream:short)%00%(objectname)%00%(upstream:track)%00%(upstream:remotename)%00%(upstream:remoteref) refs/heads/main refs/remotes/main [14ms]
2023-09-22 18:43:59.825 [info] > git status -z -uall [24ms]
2023-09-22 18:44:57.062 [info] > git config --get commit.template [47ms]
2023-09-22 18:44:57.078 [info] > git for-each-ref --format=%(refname)%00%(upstream:short)%00%(objectname)%00%(upstream:track)%00%(upstream:remotename)%00%(upstream:remoteref) refs/heads/main refs/remotes/main [27ms]
2023-09-22 18:44:57.367 [info] > git status -z -uall [214ms]
2023-09-22 18:45:02.433 [info] > git config --get commit.template [33ms]
2023-09-22 18:45:02.577 [info] > git for-each-ref --format=%(refname)%00%(upstream:short)%00%(objectname)%00%(upstream:track)%00%(upstream:remotename)%00%(upstream:remoteref) refs/heads/main refs/remotes/main [145ms]
2023-09-22 18:45:02.718 [info] > git status -z -uall [56ms]
2023-09-22 18:45:07.846 [info] > git config --get commit.template [21ms]
2023-09-22 18:45:07.866 [info] > git for-each-ref --format=%(refname)%00%(upstream:short)%00%(objectname)%00%(upstream:track)%00%(upstream:remotename)%00%(upstream:remoteref) refs/heads/main refs/remotes/main [32ms]
2023-09-22 18:45:07.927 [info] > git status -z -uall [33ms]
2023-09-22 18:45:13.709 [info] > git config --get commit.template [319ms]
2023-09-22 18:45:14.229 [info] > git for-each-ref --format=%(refname)%00%(upstream:short)%00%(objectname)%00%(upstream:track)%00%(upstream:remotename)%00%(upstream:remoteref) refs/heads/main refs/remotes/main [484ms]
2023-09-22 18:45:14.264 [info] > git status -z -uall [13ms]
2023-09-22 18:45:19.704 [info] > git config --get commit.template [11ms]
2023-09-22 18:45:19.707 [info] > git for-each-ref --format=%(refname)%00%(upstream:short)%00%(objectname)%00%(upstream:track)%00%(upstream:remotename)%00%(upstream:remoteref) refs/heads/main refs/remotes/main [4ms]
2023-09-22 18:45:19.724 [info] > git status -z -uall [10ms]
2023-09-22 18:45:24.751 [info] > git config --get commit.template [7ms]
2023-09-22 18:45:24.753 [info] > git for-each-ref --format=%(refname)%00%(upstream:short)%00%(objectname)%00%(upstream:track)%00%(upstream:remotename)%00%(upstream:remoteref) refs/heads/main refs/remotes/main [2ms]
2023-09-22 18:45:24.772 [info] > git status -z -uall [9ms]
2023-09-22 18:45:29.808 [info] > git config --get commit.template [14ms]
2023-09-22 18:45:29.811 [info] > git for-each-ref --format=%(refname)%00%(upstream:short)%00%(objectname)%00%(upstream:track)%00%(upstream:remotename)%00%(upstream:remoteref) refs/heads/main refs/remotes/main [3ms]
2023-09-22 18:45:29.840 [info] > git status -z -uall [13ms]
2023-09-22 18:45:34.871 [info] > git config --get commit.template [5ms]
2023-09-22 18:45:34.874 [info] > git for-each-ref --format=%(refname)%00%(upstream:short)%00%(objectname)%00%(upstream:track)%00%(upstream:remotename)%00%(upstream:remoteref) refs/heads/main refs/remotes/main [3ms]
2023-09-22 18:45:34.888 [info] > git status -z -uall [8ms]
2023-09-22 18:45:39.922 [info] > git config --get commit.template [9ms]
2023-09-22 18:45:39.924 [info] > git for-each-ref --format=%(refname)%00%(upstream:short)%00%(objectname)%00%(upstream:track)%00%(upstream:remotename)%00%(upstream:remoteref) refs/heads/main refs/remotes/main [2ms]
2023-09-22 18:45:39.937 [info] > git status -z -uall [9ms]
2023-09-22 18:45:44.959 [info] > git config --get commit.template [6ms]
2023-09-22 18:45:44.962 [info] > git for-each-ref --format=%(refname)%00%(upstream:short)%00%(objectname)%00%(upstream:track)%00%(upstream:remotename)%00%(upstream:remoteref) refs/heads/main refs/remotes/main [4ms]
2023-09-22 18:45:44.976 [info] > git status -z -uall [8ms]
2023-09-22 18:45:50.001 [info] > git config --get commit.template [8ms]
2023-09-22 18:45:50.003 [info] > git for-each-ref --format=%(refname)%00%(upstream:short)%00%(objectname)%00%(upstream:track)%00%(upstream:remotename)%00%(upstream:remoteref) refs/heads/main refs/remotes/main [3ms]
2023-09-22 18:45:50.023 [info] > git status -z -uall [9ms]
2023-09-22 18:45:55.047 [info] > git config --get commit.template [6ms]
2023-09-22 18:45:55.050 [info] > git for-each-ref --format=%(refname)%00%(upstream:short)%00%(objectname)%00%(upstream:track)%00%(upstream:remotename)%00%(upstream:remoteref) refs/heads/main refs/remotes/main [3ms]
2023-09-22 18:45:55.064 [info] > git status -z -uall [9ms]
2023-09-22 18:46:00.092 [info] > git config --get commit.template [9ms]
2023-09-22 18:46:00.096 [info] > git for-each-ref --format=%(refname)%00%(upstream:short)%00%(objectname)%00%(upstream:track)%00%(upstream:remotename)%00%(upstream:remoteref) refs/heads/main refs/remotes/main [4ms]
2023-09-22 18:46:00.112 [info] > git status -z -uall [9ms]
2023-09-22 18:46:05.138 [info] > git config --get commit.template [7ms]
2023-09-22 18:46:05.142 [info] > git for-each-ref --format=%(refname)%00%(upstream:short)%00%(objectname)%00%(upstream:track)%00%(upstream:remotename)%00%(upstream:remoteref) refs/heads/main refs/remotes/main [4ms]
2023-09-22 18:46:05.158 [info] > git status -z -uall [9ms]
2023-09-22 18:46:10.193 [info] > git config --get commit.template [14ms]
2023-09-22 18:46:10.196 [info] > git for-each-ref --format=%(refname)%00%(upstream:short)%00%(objectname)%00%(upstream:track)%00%(upstream:remotename)%00%(upstream:remoteref) refs/heads/main refs/remotes/main [5ms]
2023-09-22 18:46:10.217 [info] > git status -z -uall [13ms]
2023-09-22 18:46:15.251 [info] > git config --get commit.template [6ms]
2023-09-22 18:46:15.255 [info] > git for-each-ref --format=%(refname)%00%(upstream:short)%00%(objectname)%00%(upstream:track)%00%(upstream:remotename)%00%(upstream:remoteref) refs/heads/main refs/remotes/main [4ms]
2023-09-22 18:46:15.269 [info] > git status -z -uall [9ms]
2023-09-22 18:46:20.294 [info] > git config --get commit.template [8ms]
2023-09-22 18:46:20.296 [info] > git for-each-ref --format=%(refname)%00%(upstream:short)%00%(objectname)%00%(upstream:track)%00%(upstream:remotename)%00%(upstream:remoteref) refs/heads/main refs/remotes/main [4ms]
2023-09-22 18:46:20.312 [info] > git status -z -uall [10ms]
2023-09-22 18:46:25.335 [info] > git config --get commit.template [6ms]
2023-09-22 18:46:25.337 [info] > git for-each-ref --format=%(refname)%00%(upstream:short)%00%(objectname)%00%(upstream:track)%00%(upstream:remotename)%00%(upstream:remoteref) refs/heads/main refs/remotes/main [2ms]
2023-09-22 18:46:25.350 [info] > git status -z -uall [8ms]
2023-09-22 18:46:30.383 [info] > git config --get commit.template [7ms]
2023-09-22 18:46:30.386 [info] > git for-each-ref --format=%(refname)%00%(upstream:short)%00%(objectname)%00%(upstream:track)%00%(upstream:remotename)%00%(upstream:remoteref) refs/heads/main refs/remotes/main [4ms]
2023-09-22 18:46:30.400 [info] > git status -z -uall [9ms]
2023-09-22 18:46:35.430 [info] > git config --get commit.template [7ms]
2023-09-22 18:46:35.434 [info] > git for-each-ref --format=%(refname)%00%(upstream:short)%00%(objectname)%00%(upstream:track)%00%(upstream:remotename)%00%(upstream:remoteref) refs/heads/main refs/remotes/main [5ms]
2023-09-22 18:46:35.448 [info] > git status -z -uall [9ms]
2023-09-22 18:46:40.482 [info] > git config --get commit.template [12ms]
2023-09-22 18:46:40.483 [info] > git for-each-ref --format=%(refname)%00%(upstream:short)%00%(objectname)%00%(upstream:track)%00%(upstream:remotename)%00%(upstream:remoteref) refs/heads/main refs/remotes/main [2ms]
2023-09-22 18:46:40.504 [info] > git status -z -uall [14ms]
2023-09-22 18:46:45.525 [info] > git config --get commit.template [5ms]
2023-09-22 18:46:45.527 [info] > git for-each-ref --format=%(refname)%00%(upstream:short)%00%(objectname)%00%(upstream:track)%00%(upstream:remotename)%00%(upstream:remoteref) refs/heads/main refs/remotes/main [2ms]
2023-09-22 18:46:45.540 [info] > git status -z -uall [9ms]
2023-09-22 18:46:50.600 [info] > git config --get commit.template [24ms]
2023-09-22 18:46:50.604 [info] > git for-each-ref --format=%(refname)%00%(upstream:short)%00%(objectname)%00%(upstream:track)%00%(upstream:remotename)%00%(upstream:remoteref) refs/heads/main refs/remotes/main [4ms]
2023-09-22 18:46:50.640 [info] > git status -z -uall [21ms]
2023-09-22 18:46:51.654 [info] > git check-ignore -v -z --stdin [3ms]
2023-09-22 18:46:55.671 [info] > git config --get commit.template [10ms]
2023-09-22 18:46:55.674 [info] > git for-each-ref --format=%(refname)%00%(upstream:short)%00%(objectname)%00%(upstream:track)%00%(upstream:remotename)%00%(upstream:remoteref) refs/heads/main refs/remotes/main [3ms]
2023-09-22 18:46:55.695 [info] > git status -z -uall [11ms]
2023-09-22 18:47:00.727 [info] > git config --get commit.template [6ms]
2023-09-22 18:47:00.730 [info] > git for-each-ref --format=%(refname)%00%(upstream:short)%00%(objectname)%00%(upstream:track)%00%(upstream:remotename)%00%(upstream:remoteref) refs/heads/main refs/remotes/main [4ms]
2023-09-22 18:47:00.744 [info] > git status -z -uall [7ms]
2023-09-22 18:47:05.775 [info] > git config --get commit.template [10ms]
2023-09-22 18:47:05.778 [info] > git for-each-ref --format=%(refname)%00%(upstream:short)%00%(objectname)%00%(upstream:track)%00%(upstream:remotename)%00%(upstream:remoteref) refs/heads/main refs/remotes/main [4ms]
2023-09-22 18:47:05.795 [info] > git status -z -uall [11ms]
2023-09-22 18:47:10.824 [info] > git config --get commit.template [6ms]
2023-09-22 18:47:10.825 [info] > git for-each-ref --format=%(refname)%00%(upstream:short)%00%(objectname)%00%(upstream:track)%00%(upstream:remotename)%00%(upstream:remoteref) refs/heads/main refs/remotes/main [2ms]
2023-09-22 18:47:10.839 [info] > git status -z -uall [9ms]
2023-09-22 18:47:15.875 [info] > git config --get commit.template [11ms]
2023-09-22 18:47:15.877 [info] > git for-each-ref --format=%(refname)%00%(upstream:short)%00%(objectname)%00%(upstream:track)%00%(upstream:remotename)%00%(upstream:remoteref) refs/heads/main refs/remotes/main [5ms]
2023-09-22 18:47:15.892 [info] > git status -z -uall [8ms]
2023-09-22 18:47:20.919 [info] > git config --get commit.template [8ms]
2023-09-22 18:47:20.921 [info] > git for-each-ref --format=%(refname)%00%(upstream:short)%00%(objectname)%00%(upstream:track)%00%(upstream:remotename)%00%(upstream:remoteref) refs/heads/main refs/remotes/main [3ms]
2023-09-22 18:47:20.938 [info] > git status -z -uall [10ms]
2023-09-22 18:47:25.966 [info] > git config --get commit.template [6ms]
2023-09-22 18:47:25.969 [info] > git for-each-ref --format=%(refname)%00%(upstream:short)%00%(objectname)%00%(upstream:track)%00%(upstream:remotename)%00%(upstream:remoteref) refs/heads/main refs/remotes/main [3ms]
2023-09-22 18:47:25.992 [info] > git status -z -uall [17ms]
2023-09-22 18:47:31.031 [info] > git config --get commit.template [6ms]
2023-09-22 18:47:31.034 [info] > git for-each-ref --format=%(refname)%00%(upstream:short)%00%(objectname)%00%(upstream:track)%00%(upstream:remotename)%00%(upstream:remoteref) refs/heads/main refs/remotes/main [3ms]
2023-09-22 18:47:31.052 [info] > git status -z -uall [12ms]
2023-09-22 18:47:36.096 [info] > git config --get commit.template [6ms]
2023-09-22 18:47:36.102 [info] > git for-each-ref --format=%(refname)%00%(upstream:short)%00%(objectname)%00%(upstream:track)%00%(upstream:remotename)%00%(upstream:remoteref) refs/heads/main refs/remotes/main [6ms]
2023-09-22 18:47:36.136 [info] > git status -z -uall [12ms]
2023-09-22 18:47:41.167 [info] > git config --get commit.template [8ms]
2023-09-22 18:47:41.169 [info] > git for-each-ref --format=%(refname)%00%(upstream:short)%00%(objectname)%00%(upstream:track)%00%(upstream:remotename)%00%(upstream:remoteref) refs/heads/main refs/remotes/main [3ms]
2023-09-22 18:47:41.182 [info] > git status -z -uall [8ms]
2023-09-22 18:47:46.212 [info] > git config --get commit.template [11ms]
2023-09-22 18:47:46.226 [info] > git for-each-ref --format=%(refname)%00%(upstream:short)%00%(objectname)%00%(upstream:track)%00%(upstream:remotename)%00%(upstream:remoteref) refs/heads/main refs/remotes/main [14ms]
2023-09-22 18:47:46.247 [info] > git status -z -uall [12ms]
2023-09-22 18:47:51.270 [info] > git config --get commit.template [9ms]
2023-09-22 18:47:51.275 [info] > git for-each-ref --format=%(refname)%00%(upstream:short)%00%(objectname)%00%(upstream:track)%00%(upstream:remotename)%00%(upstream:remoteref) refs/heads/main refs/remotes/main [5ms]
2023-09-22 18:47:51.292 [info] > git status -z -uall [9ms]
2023-09-22 18:47:56.344 [info] > git for-each-ref --format=%(refname)%00%(upstream:short)%00%(objectname)%00%(upstream:track)%00%(upstream:remotename)%00%(upstream:remoteref) refs/heads/main refs/remotes/main [3ms]
2023-09-22 18:47:56.348 [info] > git config --get commit.template [17ms]
2023-09-22 18:47:56.394 [info] > git status -z -uall [22ms]
2023-09-22 18:48:01.422 [info] > git config --get commit.template [9ms]
2023-09-22 18:48:01.424 [info] > git for-each-ref --format=%(refname)%00%(upstream:short)%00%(objectname)%00%(upstream:track)%00%(upstream:remotename)%00%(upstream:remoteref) refs/heads/main refs/remotes/main [5ms]
2023-09-22 18:48:01.460 [info] > git status -z -uall [17ms]
2023-09-22 18:48:06.511 [info] > git config --get commit.template [26ms]
2023-09-22 18:48:06.514 [info] > git for-each-ref --format=%(refname)%00%(upstream:short)%00%(objectname)%00%(upstream:track)%00%(upstream:remotename)%00%(upstream:remoteref) refs/heads/main refs/remotes/main [14ms]
2023-09-22 18:48:06.538 [info] > git status -z -uall [1ms]
2023-09-22 18:48:11.602 [info] > git config --get commit.template [7ms]
2023-09-22 18:48:11.603 [info] > git for-each-ref --format=%(refname)%00%(upstream:short)%00%(objectname)%00%(upstream:track)%00%(upstream:remotename)%00%(upstream:remoteref) refs/heads/main refs/remotes/main [2ms]
2023-09-22 18:48:11.617 [info] > git status -z -uall [8ms]
2023-09-22 18:48:30.392 [info] > git config --get commit.template [18ms]
2023-09-22 18:48:30.398 [info] > git for-each-ref --format=%(refname)%00%(upstream:short)%00%(objectname)%00%(upstream:track)%00%(upstream:remotename)%00%(upstream:remoteref) refs/heads/main refs/remotes/main [7ms]
2023-09-22 18:48:30.430 [info] > git status -z -uall [22ms]
2023-09-22 18:48:35.507 [info] > git config --get commit.template [10ms]
2023-09-22 18:48:35.508 [info] > git for-each-ref --format=%(refname)%00%(upstream:short)%00%(objectname)%00%(upstream:track)%00%(upstream:remotename)%00%(upstream:remoteref) refs/heads/main refs/remotes/main [2ms]
2023-09-22 18:48:35.531 [info] > git status -z -uall [15ms]
2023-09-22 18:48:40.557 [info] > git config --get commit.template [7ms]
2023-09-22 18:48:40.558 [info] > git for-each-ref --format=%(refname)%00%(upstream:short)%00%(objectname)%00%(upstream:track)%00%(upstream:remotename)%00%(upstream:remoteref) refs/heads/main refs/remotes/main [2ms]
2023-09-22 18:48:40.573 [info] > git status -z -uall [8ms]
2023-09-22 18:48:45.605 [info] > git config --get commit.template [9ms]
2023-09-22 18:48:45.608 [info] > git for-each-ref --format=%(refname)%00%(upstream:short)%00%(objectname)%00%(upstream:track)%00%(upstream:remotename)%00%(upstream:remoteref) refs/heads/main refs/remotes/main [5ms]
2023-09-22 18:48:45.622 [info] > git status -z -uall [9ms]
2023-09-22 18:48:50.665 [info] > git config --get commit.template [25ms]
2023-09-22 18:48:50.669 [info] > git for-each-ref --format=%(refname)%00%(upstream:short)%00%(objectname)%00%(upstream:track)%00%(upstream:remotename)%00%(upstream:remoteref) refs/heads/main refs/remotes/main [9ms]
2023-09-22 18:48:50.693 [info] > git status -z -uall [16ms]
2023-09-22 18:49:09.550 [info] > git config --get commit.template [50ms]
2023-09-22 18:49:09.561 [info] > git for-each-ref --format=%(refname)%00%(upstream:short)%00%(objectname)%00%(upstream:track)%00%(upstream:remotename)%00%(upstream:remoteref) refs/heads/main refs/remotes/main [12ms]
2023-09-22 18:49:09.581 [info] > git status -z -uall [11ms]
2023-09-22 18:49:14.627 [info] > git config --get commit.template [7ms]
2023-09-22 18:49:14.629 [info] > git for-each-ref --format=%(refname)%00%(upstream:short)%00%(objectname)%00%(upstream:track)%00%(upstream:remotename)%00%(upstream:remoteref) refs/heads/main refs/remotes/main [2ms]
2023-09-22 18:49:14.645 [info] > git status -z -uall [9ms]
2023-09-22 18:49:16.602 [info] > git show --textconv :style.css [22ms]
2023-09-22 18:49:16.615 [info] > git ls-files --stage -- /home/user/webpages_tech/lab-04-201/style.css [14ms]
2023-09-22 18:49:16.684 [info] > git cat-file -s 3cd29fbdf6fbd428ce62764d2f9b56806d96d474 [32ms]
2023-09-22 18:49:19.693 [info] > git config --get commit.template [10ms]
2023-09-22 18:49:19.696 [info] > git for-each-ref --format=%(refname)%00%(upstream:short)%00%(objectname)%00%(upstream:track)%00%(upstream:remotename)%00%(upstream:remoteref) refs/heads/main refs/remotes/main [4ms]
2023-09-22 18:49:19.755 [info] > git status -z -uall [26ms]
2023-09-22 18:49:24.791 [info] > git config --get commit.template [9ms]
2023-09-22 18:49:24.794 [info] > git for-each-ref --format=%(refname)%00%(upstream:short)%00%(objectname)%00%(upstream:track)%00%(upstream:remotename)%00%(upstream:remoteref) refs/heads/main refs/remotes/main [3ms]
2023-09-22 18:49:24.812 [info] > git status -z -uall [10ms]
2023-09-22 18:49:29.856 [info] > git config --get commit.template [8ms]
2023-09-22 18:49:29.859 [info] > git for-each-ref --format=%(refname)%00%(upstream:short)%00%(objectname)%00%(upstream:track)%00%(upstream:remotename)%00%(upstream:remoteref) refs/heads/main refs/remotes/main [4ms]
2023-09-22 18:49:29.873 [info] > git status -z -uall [9ms]
2023-09-22 18:49:34.893 [info] > git config --get commit.template [6ms]
2023-09-22 18:49:34.896 [info] > git for-each-ref --format=%(refname)%00%(upstream:short)%00%(objectname)%00%(upstream:track)%00%(upstream:remotename)%00%(upstream:remoteref) refs/heads/main refs/remotes/main [3ms]
2023-09-22 18:49:34.914 [info] > git status -z -uall [12ms]
2023-09-22 18:49:39.949 [info] > git config --get commit.template [7ms]
2023-09-22 18:49:39.950 [info] > git for-each-ref --format=%(refname)%00%(upstream:short)%00%(objectname)%00%(upstream:track)%00%(upstream:remotename)%00%(upstream:remoteref) refs/heads/main refs/remotes/main [2ms]
2023-09-22 18:49:39.963 [info] > git status -z -uall [8ms]
2023-09-22 18:49:45.021 [info] > git config --get commit.template [34ms]
2023-09-22 18:49:45.039 [info] > git for-each-ref --format=%(refname)%00%(upstream:short)%00%(objectname)%00%(upstream:track)%00%(upstream:remotename)%00%(upstream:remoteref) refs/heads/main refs/remotes/main [18ms]
2023-09-22 18:49:45.109 [info] > git status -z -uall [42ms]
2023-09-22 18:50:04.546 [info] > git config --get commit.template [18ms]
2023-09-22 18:50:04.554 [info] > git for-each-ref --format=%(refname)%00%(upstream:short)%00%(objectname)%00%(upstream:track)%00%(upstream:remotename)%00%(upstream:remoteref) refs/heads/main refs/remotes/main [9ms]
2023-09-22 18:50:04.569 [info] > git status -z -uall [10ms]
2023-09-22 18:50:09.592 [info] > git config --get commit.template [7ms]
2023-09-22 18:50:09.594 [info] > git for-each-ref --format=%(refname)%00%(upstream:short)%00%(objectname)%00%(upstream:track)%00%(upstream:remotename)%00%(upstream:remoteref) refs/heads/main refs/remotes/main [3ms]
2023-09-22 18:50:09.608 [info] > git status -z -uall [8ms]
2023-09-22 18:50:14.633 [info] > git config --get commit.template [1ms]
2023-09-22 18:50:14.642 [info] > git for-each-ref --format=%(refname)%00%(upstream:short)%00%(objectname)%00%(upstream:track)%00%(upstream:remotename)%00%(upstream:remoteref) refs/heads/main refs/remotes/main [2ms]
2023-09-22 18:50:14.668 [info] > git status -z -uall [10ms]
2023-09-22 18:50:19.707 [info] > git config --get commit.template [13ms]
2023-09-22 18:50:19.709 [info] > git for-each-ref --format=%(refname)%00%(upstream:short)%00%(objectname)%00%(upstream:track)%00%(upstream:remotename)%00%(upstream:remoteref) refs/heads/main refs/remotes/main [8ms]
2023-09-22 18:50:19.728 [info] > git status -z -uall [12ms]
2023-09-22 18:50:22.632 [info] > git show --textconv :csv_files/Image_Links.csv [26ms]
2023-09-22 18:50:22.654 [info] > git ls-files --stage -- /home/user/webpages_tech/lab-04-201/csv_files/Image_Links.csv [26ms]
2023-09-22 18:50:24.756 [info] > git config --get commit.template [8ms]
2023-09-22 18:50:24.759 [info] > git for-each-ref --format=%(refname)%00%(upstream:short)%00%(objectname)%00%(upstream:track)%00%(upstream:remotename)%00%(upstream:remoteref) refs/heads/main refs/remotes/main [4ms]
2023-09-22 18:50:24.773 [info] > git status -z -uall [7ms]
2023-09-22 18:50:29.814 [info] > git for-each-ref --format=%(refname)%00%(upstream:short)%00%(objectname)%00%(upstream:track)%00%(upstream:remotename)%00%(upstream:remoteref) refs/heads/main refs/remotes/main [3ms]
2023-09-22 18:50:29.831 [info] > git config --get commit.template [28ms]
2023-09-22 18:50:29.850 [info] > git status -z -uall [9ms]
2023-09-22 18:50:34.970 [info] > git config --get commit.template [92ms]
2023-09-22 18:50:34.983 [info] > git for-each-ref --format=%(refname)%00%(upstream:short)%00%(objectname)%00%(upstream:track)%00%(upstream:remotename)%00%(upstream:remoteref) refs/heads/main refs/remotes/main [25ms]
2023-09-22 18:50:35.034 [info] > git status -z -uall [22ms]
2023-09-22 18:50:57.804 [info] > git config --get commit.template [1ms]
2023-09-22 18:50:57.826 [info] > git for-each-ref --format=%(refname)%00%(upstream:short)%00%(objectname)%00%(upstream:track)%00%(upstream:remotename)%00%(upstream:remoteref) refs/heads/main refs/remotes/main [7ms]
2023-09-22 18:50:57.862 [info] > git status -z -uall [20ms]
2023-09-22 18:51:02.913 [info] > git config --get commit.template [9ms]
2023-09-22 18:51:02.917 [info] > git for-each-ref --format=%(refname)%00%(upstream:short)%00%(objectname)%00%(upstream:track)%00%(upstream:remotename)%00%(upstream:remoteref) refs/heads/main refs/remotes/main [5ms]
2023-09-22 18:51:02.937 [info] > git status -z -uall [12ms]
2023-09-22 18:51:29.147 [info] > git config --get commit.template [21ms]
2023-09-22 18:51:29.164 [info] > git for-each-ref --format=%(refname)%00%(upstream:short)%00%(objectname)%00%(upstream:track)%00%(upstream:remotename)%00%(upstream:remoteref) refs/heads/main refs/remotes/main [18ms]
2023-09-22 18:51:29.190 [info] > git status -z -uall [19ms]
2023-09-22 18:51:34.233 [info] > git config --get commit.template [5ms]
2023-09-22 18:51:34.237 [info] > git for-each-ref --format=%(refname)%00%(upstream:short)%00%(objectname)%00%(upstream:track)%00%(upstream:remotename)%00%(upstream:remoteref) refs/heads/main refs/remotes/main [4ms]
2023-09-22 18:51:34.250 [info] > git status -z -uall [8ms]
2023-09-22 18:51:39.278 [info] > git config --get commit.template [7ms]
2023-09-22 18:51:39.281 [info] > git for-each-ref --format=%(refname)%00%(upstream:short)%00%(objectname)%00%(upstream:track)%00%(upstream:remotename)%00%(upstream:remoteref) refs/heads/main refs/remotes/main [4ms]
2023-09-22 18:51:39.300 [info] > git status -z -uall [13ms]
2023-09-22 18:51:46.847 [info] > git config --get commit.template [14ms]
2023-09-22 18:51:46.856 [info] > git for-each-ref --format=%(refname)%00%(upstream:short)%00%(objectname)%00%(upstream:track)%00%(upstream:remotename)%00%(upstream:remoteref) refs/heads/main refs/remotes/main [10ms]
2023-09-22 18:51:46.880 [info] > git status -z -uall [16ms]
2023-09-22 18:51:51.930 [info] > git config --get commit.template [17ms]
2023-09-22 18:51:51.934 [info] > git for-each-ref --format=%(refname)%00%(upstream:short)%00%(objectname)%00%(upstream:track)%00%(upstream:remotename)%00%(upstream:remoteref) refs/heads/main refs/remotes/main [5ms]
2023-09-22 18:51:51.973 [info] > git status -z -uall [29ms]
2023-09-22 18:51:57.049 [info] > git config --get commit.template [32ms]
2023-09-22 18:51:57.051 [info] > git for-each-ref --format=%(refname)%00%(upstream:short)%00%(objectname)%00%(upstream:track)%00%(upstream:remotename)%00%(upstream:remoteref) refs/heads/main refs/remotes/main [21ms]
2023-09-22 18:51:57.076 [info] > git status -z -uall [13ms]
2023-09-22 18:52:02.103 [info] > git config --get commit.template [6ms]
2023-09-22 18:52:02.104 [info] > git for-each-ref --format=%(refname)%00%(upstream:short)%00%(objectname)%00%(upstream:track)%00%(upstream:remotename)%00%(upstream:remoteref) refs/heads/main refs/remotes/main [2ms]
2023-09-22 18:52:02.118 [info] > git status -z -uall [8ms]
2023-09-22 18:52:07.160 [info] > git config --get commit.template [21ms]
2023-09-22 18:52:07.171 [info] > git for-each-ref --format=%(refname)%00%(upstream:short)%00%(objectname)%00%(upstream:track)%00%(upstream:remotename)%00%(upstream:remoteref) refs/heads/main refs/remotes/main [10ms]
2023-09-22 18:52:07.195 [info] > git status -z -uall [7ms]
2023-09-22 18:52:12.243 [info] > git config --get commit.template [7ms]
2023-09-22 18:52:12.245 [info] > git for-each-ref --format=%(refname)%00%(upstream:short)%00%(objectname)%00%(upstream:track)%00%(upstream:remotename)%00%(upstream:remoteref) refs/heads/main refs/remotes/main [2ms]
2023-09-22 18:52:12.259 [info] > git status -z -uall [9ms]
2023-09-22 18:52:17.288 [info] > git config --get commit.template [7ms]
2023-09-22 18:52:17.292 [info] > git for-each-ref --format=%(refname)%00%(upstream:short)%00%(objectname)%00%(upstream:track)%00%(upstream:remotename)%00%(upstream:remoteref) refs/heads/main refs/remotes/main [4ms]
2023-09-22 18:52:17.306 [info] > git status -z -uall [9ms]
2023-09-22 18:52:22.340 [info] > git for-each-ref --format=%(refname)%00%(upstream:short)%00%(objectname)%00%(upstream:track)%00%(upstream:remotename)%00%(upstream:remoteref) refs/heads/main refs/remotes/main [3ms]
2023-09-22 18:52:22.342 [info] > git config --get commit.template [12ms]
2023-09-22 18:52:22.359 [info] > git status -z -uall [9ms]
2023-09-22 18:52:27.381 [info] > git config --get commit.template [2ms]
2023-09-22 18:52:27.391 [info] > git for-each-ref --format=%(refname)%00%(upstream:short)%00%(objectname)%00%(upstream:track)%00%(upstream:remotename)%00%(upstream:remoteref) refs/heads/main refs/remotes/main [3ms]
2023-09-22 18:52:27.406 [info] > git status -z -uall [8ms]
2023-09-22 18:52:32.432 [info] > git config --get commit.template [8ms]
2023-09-22 18:52:32.434 [info] > git for-each-ref --format=%(refname)%00%(upstream:short)%00%(objectname)%00%(upstream:track)%00%(upstream:remotename)%00%(upstream:remoteref) refs/heads/main refs/remotes/main [3ms]
2023-09-22 18:52:32.450 [info] > git status -z -uall [8ms]
2023-09-22 18:52:37.492 [info] > git config --get commit.template [21ms]
2023-09-22 18:52:37.495 [info] > git for-each-ref --format=%(refname)%00%(upstream:short)%00%(objectname)%00%(upstream:track)%00%(upstream:remotename)%00%(upstream:remoteref) refs/heads/main refs/remotes/main [4ms]
2023-09-22 18:52:37.518 [info] > git status -z -uall [15ms]
2023-09-22 18:52:42.541 [info] > git config --get commit.template [7ms]
2023-09-22 18:52:42.544 [info] > git for-each-ref --format=%(refname)%00%(upstream:short)%00%(objectname)%00%(upstream:track)%00%(upstream:remotename)%00%(upstream:remoteref) refs/heads/main refs/remotes/main [3ms]
2023-09-22 18:52:42.561 [info] > git status -z -uall [11ms]
2023-09-22 18:52:47.583 [info] > git config --get commit.template [9ms]
2023-09-22 18:52:47.586 [info] > git for-each-ref --format=%(refname)%00%(upstream:short)%00%(objectname)%00%(upstream:track)%00%(upstream:remotename)%00%(upstream:remoteref) refs/heads/main refs/remotes/main [3ms]
2023-09-22 18:52:47.601 [info] > git status -z -uall [10ms]
2023-09-22 18:52:52.627 [info] > git config --get commit.template [9ms]
2023-09-22 18:52:52.629 [info] > git for-each-ref --format=%(refname)%00%(upstream:short)%00%(objectname)%00%(upstream:track)%00%(upstream:remotename)%00%(upstream:remoteref) refs/heads/main refs/remotes/main [2ms]
2023-09-22 18:52:52.649 [info] > git status -z -uall [14ms]
2023-09-22 18:52:57.679 [info] > git config --get commit.template [7ms]
2023-09-22 18:52:57.687 [info] > git for-each-ref --format=%(refname)%00%(upstream:short)%00%(objectname)%00%(upstream:track)%00%(upstream:remotename)%00%(upstream:remoteref) refs/heads/main refs/remotes/main [8ms]
2023-09-22 18:52:57.709 [info] > git status -z -uall [10ms]
2023-09-22 18:53:02.735 [info] > git config --get commit.template [7ms]
2023-09-22 18:53:02.737 [info] > git for-each-ref --format=%(refname)%00%(upstream:short)%00%(objectname)%00%(upstream:track)%00%(upstream:remotename)%00%(upstream:remoteref) refs/heads/main refs/remotes/main [3ms]
2023-09-22 18:53:02.750 [info] > git status -z -uall [8ms]
2023-09-22 18:53:07.792 [info] > git config --get commit.template [2ms]
2023-09-22 18:53:07.820 [info] > git for-each-ref --format=%(refname)%00%(upstream:short)%00%(objectname)%00%(upstream:track)%00%(upstream:remotename)%00%(upstream:remoteref) refs/heads/main refs/remotes/main [12ms]
2023-09-22 18:53:07.859 [info] > git status -z -uall [13ms]
2023-09-22 18:53:12.897 [info] > git config --get commit.template [12ms]
2023-09-22 18:53:12.900 [info] > git for-each-ref --format=%(refname)%00%(upstream:short)%00%(objectname)%00%(upstream:track)%00%(upstream:remotename)%00%(upstream:remoteref) refs/heads/main refs/remotes/main [4ms]
2023-09-22 18:53:12.928 [info] > git status -z -uall [21ms]
2023-09-22 18:53:29.827 [info] > git config --get commit.template [27ms]
2023-09-22 18:53:29.843 [info] > git for-each-ref --format=%(refname)%00%(upstream:short)%00%(objectname)%00%(upstream:track)%00%(upstream:remotename)%00%(upstream:remoteref) refs/heads/main refs/remotes/main [19ms]
2023-09-22 18:53:29.879 [info] > git status -z -uall [13ms]
2023-09-22 18:53:34.911 [info] > git config --get commit.template [7ms]
2023-09-22 18:53:34.913 [info] > git for-each-ref --format=%(refname)%00%(upstream:short)%00%(objectname)%00%(upstream:track)%00%(upstream:remotename)%00%(upstream:remoteref) refs/heads/main refs/remotes/main [2ms]
2023-09-22 18:53:34.929 [info] > git status -z -uall [9ms]
2023-09-22 18:53:39.966 [info] > git config --get commit.template [8ms]
2023-09-22 18:53:39.968 [info] > git for-each-ref --format=%(refname)%00%(upstream:short)%00%(objectname)%00%(upstream:track)%00%(upstream:remotename)%00%(upstream:remoteref) refs/heads/main refs/remotes/main [4ms]
2023-09-22 18:53:39.983 [info] > git status -z -uall [7ms]
2023-09-22 18:53:45.013 [info] > git config --get commit.template [8ms]
2023-09-22 18:53:45.014 [info] > git for-each-ref --format=%(refname)%00%(upstream:short)%00%(objectname)%00%(upstream:track)%00%(upstream:remotename)%00%(upstream:remoteref) refs/heads/main refs/remotes/main [3ms]
2023-09-22 18:53:45.031 [info] > git status -z -uall [11ms]
2023-09-22 18:53:50.055 [info] > git config --get commit.template [7ms]
2023-09-22 18:53:50.058 [info] > git for-each-ref --format=%(refname)%00%(upstream:short)%00%(objectname)%00%(upstream:track)%00%(upstream:remotename)%00%(upstream:remoteref) refs/heads/main refs/remotes/main [4ms]
2023-09-22 18:53:50.073 [info] > git status -z -uall [10ms]
2023-09-22 18:53:55.112 [info] > git config --get commit.template [8ms]
2023-09-22 18:53:55.113 [info] > git for-each-ref --format=%(refname)%00%(upstream:short)%00%(objectname)%00%(upstream:track)%00%(upstream:remotename)%00%(upstream:remoteref) refs/heads/main refs/remotes/main [3ms]
2023-09-22 18:53:55.126 [info] > git status -z -uall [8ms]
2023-09-22 18:54:00.151 [info] > git config --get commit.template [7ms]
2023-09-22 18:54:00.154 [info] > git for-each-ref --format=%(refname)%00%(upstream:short)%00%(objectname)%00%(upstream:track)%00%(upstream:remotename)%00%(upstream:remoteref) refs/heads/main refs/remotes/main [3ms]
2023-09-22 18:54:00.170 [info] > git status -z -uall [10ms]
2023-09-22 18:54:05.193 [info] > git config --get commit.template [8ms]
2023-09-22 18:54:05.195 [info] > git for-each-ref --format=%(refname)%00%(upstream:short)%00%(objectname)%00%(upstream:track)%00%(upstream:remotename)%00%(upstream:remoteref) refs/heads/main refs/remotes/main [2ms]
2023-09-22 18:54:05.210 [info] > git status -z -uall [8ms]
2023-09-22 18:54:10.237 [info] > git config --get commit.template [9ms]
2023-09-22 18:54:10.239 [info] > git for-each-ref --format=%(refname)%00%(upstream:short)%00%(objectname)%00%(upstream:track)%00%(upstream:remotename)%00%(upstream:remoteref) refs/heads/main refs/remotes/main [3ms]
2023-09-22 18:54:10.254 [info] > git status -z -uall [8ms]
2023-09-22 18:54:15.284 [info] > git config --get commit.template [8ms]
2023-09-22 18:54:15.287 [info] > git for-each-ref --format=%(refname)%00%(upstream:short)%00%(objectname)%00%(upstream:track)%00%(upstream:remotename)%00%(upstream:remoteref) refs/heads/main refs/remotes/main [4ms]
2023-09-22 18:54:15.301 [info] > git status -z -uall [9ms]
2023-09-22 18:54:20.336 [info] > git config --get commit.template [12ms]
2023-09-22 18:54:20.340 [info] > git for-each-ref --format=%(refname)%00%(upstream:short)%00%(objectname)%00%(upstream:track)%00%(upstream:remotename)%00%(upstream:remoteref) refs/heads/main refs/remotes/main [5ms]
2023-09-22 18:54:20.357 [info] > git status -z -uall [9ms]
2023-09-22 18:54:25.383 [info] > git config --get commit.template [6ms]
2023-09-22 18:54:25.387 [info] > git for-each-ref --format=%(refname)%00%(upstream:short)%00%(objectname)%00%(upstream:track)%00%(upstream:remotename)%00%(upstream:remoteref) refs/heads/main refs/remotes/main [4ms]
2023-09-22 18:54:25.400 [info] > git status -z -uall [8ms]
2023-09-22 18:54:30.431 [info] > git config --get commit.template [6ms]
2023-09-22 18:54:30.432 [info] > git for-each-ref --format=%(refname)%00%(upstream:short)%00%(objectname)%00%(upstream:track)%00%(upstream:remotename)%00%(upstream:remoteref) refs/heads/main refs/remotes/main [2ms]
2023-09-22 18:54:30.446 [info] > git status -z -uall [8ms]
2023-09-22 18:54:35.470 [info] > git config --get commit.template [6ms]
2023-09-22 18:54:35.473 [info] > git for-each-ref --format=%(refname)%00%(upstream:short)%00%(objectname)%00%(upstream:track)%00%(upstream:remotename)%00%(upstream:remoteref) refs/heads/main refs/remotes/main [3ms]
2023-09-22 18:54:35.488 [info] > git status -z -uall [8ms]
2023-09-22 18:54:40.514 [info] > git config --get commit.template [8ms]
2023-09-22 18:54:40.515 [info] > git for-each-ref --format=%(refname)%00%(upstream:short)%00%(objectname)%00%(upstream:track)%00%(upstream:remotename)%00%(upstream:remoteref) refs/heads/main refs/remotes/main [3ms]
2023-09-22 18:54:40.531 [info] > git status -z -uall [9ms]
2023-09-22 18:54:45.562 [info] > git config --get commit.template [7ms]
2023-09-22 18:54:45.565 [info] > git for-each-ref --format=%(refname)%00%(upstream:short)%00%(objectname)%00%(upstream:track)%00%(upstream:remotename)%00%(upstream:remoteref) refs/heads/main refs/remotes/main [4ms]
2023-09-22 18:54:45.605 [info] > git status -z -uall [35ms]
2023-09-22 18:54:50.640 [info] > git config --get commit.template [7ms]
2023-09-22 18:54:50.642 [info] > git for-each-ref --format=%(refname)%00%(upstream:short)%00%(objectname)%00%(upstream:track)%00%(upstream:remotename)%00%(upstream:remoteref) refs/heads/main refs/remotes/main [3ms]
2023-09-22 18:54:50.655 [info] > git status -z -uall [8ms]
2023-09-22 18:54:55.683 [info] > git config --get commit.template [9ms]
2023-09-22 18:54:55.686 [info] > git for-each-ref --format=%(refname)%00%(upstream:short)%00%(objectname)%00%(upstream:track)%00%(upstream:remotename)%00%(upstream:remoteref) refs/heads/main refs/remotes/main [3ms]
2023-09-22 18:54:55.704 [info] > git status -z -uall [11ms]
2023-09-22 18:55:00.730 [info] > git config --get commit.template [7ms]
2023-09-22 18:55:00.732 [info] > git for-each-ref --format=%(refname)%00%(upstream:short)%00%(objectname)%00%(upstream:track)%00%(upstream:remotename)%00%(upstream:remoteref) refs/heads/main refs/remotes/main [3ms]
2023-09-22 18:55:00.747 [info] > git status -z -uall [9ms]
2023-09-22 18:55:05.773 [info] > git config --get commit.template [7ms]
2023-09-22 18:55:05.776 [info] > git for-each-ref --format=%(refname)%00%(upstream:short)%00%(objectname)%00%(upstream:track)%00%(upstream:remotename)%00%(upstream:remoteref) refs/heads/main refs/remotes/main [3ms]
2023-09-22 18:55:05.792 [info] > git status -z -uall [10ms]
2023-09-22 18:55:10.817 [info] > git config --get commit.template [6ms]
2023-09-22 18:55:10.820 [info] > git for-each-ref --format=%(refname)%00%(upstream:short)%00%(objectname)%00%(upstream:track)%00%(upstream:remotename)%00%(upstream:remoteref) refs/heads/main refs/remotes/main [3ms]
2023-09-22 18:55:10.834 [info] > git status -z -uall [8ms]
2023-09-22 18:55:15.870 [info] > git config --get commit.template [8ms]
2023-09-22 18:55:15.871 [info] > git for-each-ref --format=%(refname)%00%(upstream:short)%00%(objectname)%00%(upstream:track)%00%(upstream:remotename)%00%(upstream:remoteref) refs/heads/main refs/remotes/main [2ms]
2023-09-22 18:55:15.886 [info] > git status -z -uall [8ms]
2023-09-22 18:55:20.915 [info] > git config --get commit.template [5ms]
2023-09-22 18:55:20.920 [info] > git for-each-ref --format=%(refname)%00%(upstream:short)%00%(objectname)%00%(upstream:track)%00%(upstream:remotename)%00%(upstream:remoteref) refs/heads/main refs/remotes/main [5ms]
2023-09-22 18:55:20.935 [info] > git status -z -uall [9ms]
2023-09-22 18:55:25.965 [info] > git config --get commit.template [7ms]
2023-09-22 18:55:25.969 [info] > git for-each-ref --format=%(refname)%00%(upstream:short)%00%(objectname)%00%(upstream:track)%00%(upstream:remotename)%00%(upstream:remoteref) refs/heads/main refs/remotes/main [5ms]
2023-09-22 18:55:25.983 [info] > git status -z -uall [8ms]
2023-09-22 18:55:31.011 [info] > git config --get commit.template [7ms]
2023-09-22 18:55:31.014 [info] > git for-each-ref --format=%(refname)%00%(upstream:short)%00%(objectname)%00%(upstream:track)%00%(upstream:remotename)%00%(upstream:remoteref) refs/heads/main refs/remotes/main [4ms]
2023-09-22 18:55:31.028 [info] > git status -z -uall [8ms]
2023-09-22 18:55:36.051 [info] > git config --get commit.template [7ms]
2023-09-22 18:55:36.054 [info] > git for-each-ref --format=%(refname)%00%(upstream:short)%00%(objectname)%00%(upstream:track)%00%(upstream:remotename)%00%(upstream:remoteref) refs/heads/main refs/remotes/main [3ms]
2023-09-22 18:55:36.069 [info] > git status -z -uall [9ms]
2023-09-22 18:55:41.093 [info] > git config --get commit.template [5ms]
2023-09-22 18:55:41.096 [info] > git for-each-ref --format=%(refname)%00%(upstream:short)%00%(objectname)%00%(upstream:track)%00%(upstream:remotename)%00%(upstream:remoteref) refs/heads/main refs/remotes/main [4ms]
2023-09-22 18:55:41.111 [info] > git status -z -uall [8ms]
2023-09-22 18:55:46.131 [info] > git config --get commit.template [6ms]
2023-09-22 18:55:46.134 [info] > git for-each-ref --format=%(refname)%00%(upstream:short)%00%(objectname)%00%(upstream:track)%00%(upstream:remotename)%00%(upstream:remoteref) refs/heads/main refs/remotes/main [3ms]
2023-09-22 18:55:46.147 [info] > git status -z -uall [8ms]
2023-09-22 18:55:51.174 [info] > git config --get commit.template [6ms]
2023-09-22 18:55:51.177 [info] > git for-each-ref --format=%(refname)%00%(upstream:short)%00%(objectname)%00%(upstream:track)%00%(upstream:remotename)%00%(upstream:remoteref) refs/heads/main refs/remotes/main [3ms]
2023-09-22 18:55:51.194 [info] > git status -z -uall [11ms]
2023-09-22 18:55:56.230 [info] > git config --get commit.template [11ms]
2023-09-22 18:55:56.235 [info] > git for-each-ref --format=%(refname)%00%(upstream:short)%00%(objectname)%00%(upstream:track)%00%(upstream:remotename)%00%(upstream:remoteref) refs/heads/main refs/remotes/main [7ms]
2023-09-22 18:55:56.257 [info] > git status -z -uall [12ms]
2023-09-22 18:56:01.288 [info] > git config --get commit.template [8ms]
2023-09-22 18:56:01.290 [info] > git for-each-ref --format=%(refname)%00%(upstream:short)%00%(objectname)%00%(upstream:track)%00%(upstream:remotename)%00%(upstream:remoteref) refs/heads/main refs/remotes/main [4ms]
2023-09-22 18:56:01.306 [info] > git status -z -uall [9ms]
2023-09-22 18:56:06.331 [info] > git config --get commit.template [6ms]
2023-09-22 18:56:06.336 [info] > git for-each-ref --format=%(refname)%00%(upstream:short)%00%(objectname)%00%(upstream:track)%00%(upstream:remotename)%00%(upstream:remoteref) refs/heads/main refs/remotes/main [5ms]
2023-09-22 18:56:06.352 [info] > git status -z -uall [9ms]
2023-09-22 18:56:11.381 [info] > git config --get commit.template [7ms]
2023-09-22 18:56:11.383 [info] > git for-each-ref --format=%(refname)%00%(upstream:short)%00%(objectname)%00%(upstream:track)%00%(upstream:remotename)%00%(upstream:remoteref) refs/heads/main refs/remotes/main [3ms]
2023-09-22 18:56:11.398 [info] > git status -z -uall [8ms]
2023-09-22 18:56:16.430 [info] > git config --get commit.template [6ms]
2023-09-22 18:56:16.433 [info] > git for-each-ref --format=%(refname)%00%(upstream:short)%00%(objectname)%00%(upstream:track)%00%(upstream:remotename)%00%(upstream:remoteref) refs/heads/main refs/remotes/main [3ms]
2023-09-22 18:56:16.447 [info] > git status -z -uall [9ms]
2023-09-22 18:56:21.469 [info] > git config --get commit.template [6ms]
2023-09-22 18:56:21.472 [info] > git for-each-ref --format=%(refname)%00%(upstream:short)%00%(objectname)%00%(upstream:track)%00%(upstream:remotename)%00%(upstream:remoteref) refs/heads/main refs/remotes/main [3ms]
2023-09-22 18:56:21.486 [info] > git status -z -uall [9ms]
2023-09-22 18:56:26.515 [info] > git config --get commit.template [6ms]
2023-09-22 18:56:26.520 [info] > git for-each-ref --format=%(refname)%00%(upstream:short)%00%(objectname)%00%(upstream:track)%00%(upstream:remotename)%00%(upstream:remoteref) refs/heads/main refs/remotes/main [6ms]
2023-09-22 18:56:26.534 [info] > git status -z -uall [9ms]
2023-09-22 18:56:31.566 [info] > git config --get commit.template [13ms]
2023-09-22 18:56:31.568 [info] > git for-each-ref --format=%(refname)%00%(upstream:short)%00%(objectname)%00%(upstream:track)%00%(upstream:remotename)%00%(upstream:remoteref) refs/heads/main refs/remotes/main [5ms]
2023-09-22 18:56:31.588 [info] > git status -z -uall [10ms]
2023-09-22 18:56:36.616 [info] > git config --get commit.template [6ms]
2023-09-22 18:56:36.621 [info] > git for-each-ref --format=%(refname)%00%(upstream:short)%00%(objectname)%00%(upstream:track)%00%(upstream:remotename)%00%(upstream:remoteref) refs/heads/main refs/remotes/main [5ms]
2023-09-22 18:56:36.635 [info] > git status -z -uall [9ms]
2023-09-22 18:56:41.664 [info] > git config --get commit.template [7ms]
2023-09-22 18:56:41.669 [info] > git for-each-ref --format=%(refname)%00%(upstream:short)%00%(objectname)%00%(upstream:track)%00%(upstream:remotename)%00%(upstream:remoteref) refs/heads/main refs/remotes/main [6ms]
2023-09-22 18:56:41.686 [info] > git status -z -uall [10ms]
2023-09-22 18:56:46.712 [info] > git config --get commit.template [6ms]
2023-09-22 18:56:46.714 [info] > git for-each-ref --format=%(refname)%00%(upstream:short)%00%(objectname)%00%(upstream:track)%00%(upstream:remotename)%00%(upstream:remoteref) refs/heads/main refs/remotes/main [2ms]
2023-09-22 18:56:46.728 [info] > git status -z -uall [8ms]
2023-09-22 18:56:51.768 [info] > git config --get commit.template [9ms]
2023-09-22 18:56:51.773 [info] > git for-each-ref --format=%(refname)%00%(upstream:short)%00%(objectname)%00%(upstream:track)%00%(upstream:remotename)%00%(upstream:remoteref) refs/heads/main refs/remotes/main [6ms]
2023-09-22 18:56:51.790 [info] > git status -z -uall [10ms]
2023-09-22 18:56:56.816 [info] > git config --get commit.template [6ms]
2023-09-22 18:56:56.820 [info] > git for-each-ref --format=%(refname)%00%(upstream:short)%00%(objectname)%00%(upstream:track)%00%(upstream:remotename)%00%(upstream:remoteref) refs/heads/main refs/remotes/main [5ms]
2023-09-22 18:56:56.834 [info] > git status -z -uall [9ms]
2023-09-22 18:57:01.857 [info] > git config --get commit.template [7ms]
2023-09-22 18:57:01.862 [info] > git for-each-ref --format=%(refname)%00%(upstream:short)%00%(objectname)%00%(upstream:track)%00%(upstream:remotename)%00%(upstream:remoteref) refs/heads/main refs/remotes/main [5ms]
2023-09-22 18:57:01.876 [info] > git status -z -uall [8ms]
2023-09-22 18:57:06.907 [info] > git config --get commit.template [8ms]
2023-09-22 18:57:06.909 [info] > git for-each-ref --format=%(refname)%00%(upstream:short)%00%(objectname)%00%(upstream:track)%00%(upstream:remotename)%00%(upstream:remoteref) refs/heads/main refs/remotes/main [2ms]
2023-09-22 18:57:06.922 [info] > git status -z -uall [8ms]
2023-09-22 18:57:11.951 [info] > git config --get commit.template [7ms]
2023-09-22 18:57:11.955 [info] > git for-each-ref --format=%(refname)%00%(upstream:short)%00%(objectname)%00%(upstream:track)%00%(upstream:remotename)%00%(upstream:remoteref) refs/heads/main refs/remotes/main [6ms]
2023-09-22 18:57:11.969 [info] > git status -z -uall [8ms]
2023-09-22 18:57:16.999 [info] > git config --get commit.template [8ms]
2023-09-22 18:57:17.004 [info] > git for-each-ref --format=%(refname)%00%(upstream:short)%00%(objectname)%00%(upstream:track)%00%(upstream:remotename)%00%(upstream:remoteref) refs/heads/main refs/remotes/main [7ms]
2023-09-22 18:57:17.018 [info] > git status -z -uall [8ms]
2023-09-22 18:57:22.044 [info] > git config --get commit.template [6ms]
2023-09-22 18:57:22.048 [info] > git for-each-ref --format=%(refname)%00%(upstream:short)%00%(objectname)%00%(upstream:track)%00%(upstream:remotename)%00%(upstream:remoteref) refs/heads/main refs/remotes/main [5ms]
2023-09-22 18:57:22.063 [info] > git status -z -uall [9ms]
2023-09-22 18:57:27.094 [info] > git config --get commit.template [8ms]
2023-09-22 18:57:27.096 [info] > git for-each-ref --format=%(refname)%00%(upstream:short)%00%(objectname)%00%(upstream:track)%00%(upstream:remotename)%00%(upstream:remoteref) refs/heads/main refs/remotes/main [3ms]
2023-09-22 18:57:27.111 [info] > git status -z -uall [8ms]
2023-09-22 18:57:32.137 [info] > git config --get commit.template [5ms]
2023-09-22 18:57:32.141 [info] > git for-each-ref --format=%(refname)%00%(upstream:short)%00%(objectname)%00%(upstream:track)%00%(upstream:remotename)%00%(upstream:remoteref) refs/heads/main refs/remotes/main [5ms]
2023-09-22 18:57:32.156 [info] > git status -z -uall [9ms]
2023-09-22 18:57:37.183 [info] > git config --get commit.template [6ms]
2023-09-22 18:57:37.187 [info] > git for-each-ref --format=%(refname)%00%(upstream:short)%00%(objectname)%00%(upstream:track)%00%(upstream:remotename)%00%(upstream:remoteref) refs/heads/main refs/remotes/main [5ms]
2023-09-22 18:57:37.201 [info] > git status -z -uall [9ms]
2023-09-22 18:57:42.230 [info] > git config --get commit.template [6ms]
2023-09-22 18:57:42.233 [info] > git for-each-ref --format=%(refname)%00%(upstream:short)%00%(objectname)%00%(upstream:track)%00%(upstream:remotename)%00%(upstream:remoteref) refs/heads/main refs/remotes/main [3ms]
2023-09-22 18:57:42.250 [info] > git status -z -uall [10ms]
2023-09-22 18:57:47.279 [info] > git config --get commit.template [9ms]
2023-09-22 18:57:47.281 [info] > git for-each-ref --format=%(refname)%00%(upstream:short)%00%(objectname)%00%(upstream:track)%00%(upstream:remotename)%00%(upstream:remoteref) refs/heads/main refs/remotes/main [4ms]
2023-09-22 18:57:47.306 [info] > git status -z -uall [16ms]
2023-09-22 18:57:52.336 [info] > git config --get commit.template [6ms]
2023-09-22 18:57:52.340 [info] > git for-each-ref --format=%(refname)%00%(upstream:short)%00%(objectname)%00%(upstream:track)%00%(upstream:remotename)%00%(upstream:remoteref) refs/heads/main refs/remotes/main [4ms]
2023-09-22 18:57:52.355 [info] > git status -z -uall [9ms]
2023-09-22 18:57:57.387 [info] > git config --get commit.template [7ms]
2023-09-22 18:57:57.392 [info] > git for-each-ref --format=%(refname)%00%(upstream:short)%00%(objectname)%00%(upstream:track)%00%(upstream:remotename)%00%(upstream:remoteref) refs/heads/main refs/remotes/main [5ms]
2023-09-22 18:57:57.409 [info] > git status -z -uall [10ms]
2023-09-22 18:58:02.441 [info] > git config --get commit.template [8ms]
2023-09-22 18:58:02.445 [info] > git for-each-ref --format=%(refname)%00%(upstream:short)%00%(objectname)%00%(upstream:track)%00%(upstream:remotename)%00%(upstream:remoteref) refs/heads/main refs/remotes/main [4ms]
2023-09-22 18:58:02.466 [info] > git status -z -uall [12ms]
2023-09-22 18:58:07.493 [info] > git config --get commit.template [9ms]
2023-09-22 18:58:07.498 [info] > git for-each-ref --format=%(refname)%00%(upstream:short)%00%(objectname)%00%(upstream:track)%00%(upstream:remotename)%00%(upstream:remoteref) refs/heads/main refs/remotes/main [5ms]
2023-09-22 18:58:07.516 [info] > git status -z -uall [11ms]
2023-09-22 18:58:12.544 [info] > git config --get commit.template [7ms]
2023-09-22 18:58:12.547 [info] > git for-each-ref --format=%(refname)%00%(upstream:short)%00%(objectname)%00%(upstream:track)%00%(upstream:remotename)%00%(upstream:remoteref) refs/heads/main refs/remotes/main [4ms]
2023-09-22 18:58:12.563 [info] > git status -z -uall [9ms]
2023-09-22 18:58:17.594 [info] > git config --get commit.template [8ms]
2023-09-22 18:58:17.596 [info] > git for-each-ref --format=%(refname)%00%(upstream:short)%00%(objectname)%00%(upstream:track)%00%(upstream:remotename)%00%(upstream:remoteref) refs/heads/main refs/remotes/main [2ms]
2023-09-22 18:58:17.633 [info] > git status -z -uall [31ms]
2023-09-22 18:58:22.664 [info] > git config --get commit.template [7ms]
2023-09-22 18:58:22.669 [info] > git for-each-ref --format=%(refname)%00%(upstream:short)%00%(objectname)%00%(upstream:track)%00%(upstream:remotename)%00%(upstream:remoteref) refs/heads/main refs/remotes/main [5ms]
2023-09-22 18:58:22.684 [info] > git status -z -uall [9ms]
2023-09-22 18:58:27.718 [info] > git config --get commit.template [9ms]
2023-09-22 18:58:27.725 [info] > git for-each-ref --format=%(refname)%00%(upstream:short)%00%(objectname)%00%(upstream:track)%00%(upstream:remotename)%00%(upstream:remoteref) refs/heads/main refs/remotes/main [7ms]
2023-09-22 18:58:27.740 [info] > git status -z -uall [9ms]
2023-09-22 18:58:32.777 [info] > git config --get commit.template [6ms]
2023-09-22 18:58:32.781 [info] > git for-each-ref --format=%(refname)%00%(upstream:short)%00%(objectname)%00%(upstream:track)%00%(upstream:remotename)%00%(upstream:remoteref) refs/heads/main refs/remotes/main [4ms]
2023-09-22 18:58:32.798 [info] > git status -z -uall [10ms]
2023-09-22 18:58:37.823 [info] > git config --get commit.template [7ms]
2023-09-22 18:58:37.828 [info] > git for-each-ref --format=%(refname)%00%(upstream:short)%00%(objectname)%00%(upstream:track)%00%(upstream:remotename)%00%(upstream:remoteref) refs/heads/main refs/remotes/main [5ms]
2023-09-22 18:58:37.843 [info] > git status -z -uall [10ms]
2023-09-22 18:58:42.867 [info] > git config --get commit.template [7ms]
2023-09-22 18:58:42.870 [info] > git for-each-ref --format=%(refname)%00%(upstream:short)%00%(objectname)%00%(upstream:track)%00%(upstream:remotename)%00%(upstream:remoteref) refs/heads/main refs/remotes/main [4ms]
2023-09-22 18:58:42.886 [info] > git status -z -uall [8ms]
2023-09-22 18:58:47.915 [info] > git config --get commit.template [10ms]
2023-09-22 18:58:47.920 [info] > git for-each-ref --format=%(refname)%00%(upstream:short)%00%(objectname)%00%(upstream:track)%00%(upstream:remotename)%00%(upstream:remoteref) refs/heads/main refs/remotes/main [9ms]
2023-09-22 18:58:47.934 [info] > git status -z -uall [8ms]
2023-09-22 18:58:52.964 [info] > git config --get commit.template [9ms]
2023-09-22 18:58:52.964 [info] > git for-each-ref --format=%(refname)%00%(upstream:short)%00%(objectname)%00%(upstream:track)%00%(upstream:remotename)%00%(upstream:remoteref) refs/heads/main refs/remotes/main [2ms]
2023-09-22 18:58:52.980 [info] > git status -z -uall [2ms]
2023-09-22 18:58:58.015 [info] > git config --get commit.template [7ms]
2023-09-22 18:58:58.018 [info] > git for-each-ref --format=%(refname)%00%(upstream:short)%00%(objectname)%00%(upstream:track)%00%(upstream:remotename)%00%(upstream:remoteref) refs/heads/main refs/remotes/main [3ms]
2023-09-22 18:58:58.031 [info] > git status -z -uall [8ms]
2023-09-22 18:59:03.057 [info] > git config --get commit.template [6ms]
2023-09-22 18:59:03.060 [info] > git for-each-ref --format=%(refname)%00%(upstream:short)%00%(objectname)%00%(upstream:track)%00%(upstream:remotename)%00%(upstream:remoteref) refs/heads/main refs/remotes/main [4ms]
2023-09-22 18:59:03.074 [info] > git status -z -uall [9ms]
2023-09-22 18:59:08.098 [info] > git config --get commit.template [7ms]
2023-09-22 18:59:08.102 [info] > git for-each-ref --format=%(refname)%00%(upstream:short)%00%(objectname)%00%(upstream:track)%00%(upstream:remotename)%00%(upstream:remoteref) refs/heads/main refs/remotes/main [4ms]
2023-09-22 18:59:08.117 [info] > git status -z -uall [9ms]
2023-09-22 18:59:13.147 [info] > git config --get commit.template [6ms]
2023-09-22 18:59:13.150 [info] > git for-each-ref --format=%(refname)%00%(upstream:short)%00%(objectname)%00%(upstream:track)%00%(upstream:remotename)%00%(upstream:remoteref) refs/heads/main refs/remotes/main [3ms]
2023-09-22 18:59:13.164 [info] > git status -z -uall [8ms]
2023-09-22 18:59:18.193 [info] > git config --get commit.template [5ms]
2023-09-22 18:59:18.200 [info] > git for-each-ref --format=%(refname)%00%(upstream:short)%00%(objectname)%00%(upstream:track)%00%(upstream:remotename)%00%(upstream:remoteref) refs/heads/main refs/remotes/main [8ms]
2023-09-22 18:59:18.214 [info] > git status -z -uall [8ms]
2023-09-22 18:59:23.242 [info] > git config --get commit.template [7ms]
2023-09-22 18:59:23.246 [info] > git for-each-ref --format=%(refname)%00%(upstream:short)%00%(objectname)%00%(upstream:track)%00%(upstream:remotename)%00%(upstream:remoteref) refs/heads/main refs/remotes/main [4ms]
2023-09-22 18:59:23.263 [info] > git status -z -uall [11ms]
2023-09-22 18:59:28.294 [info] > git config --get commit.template [7ms]
2023-09-22 18:59:28.297 [info] > git for-each-ref --format=%(refname)%00%(upstream:short)%00%(objectname)%00%(upstream:track)%00%(upstream:remotename)%00%(upstream:remoteref) refs/heads/main refs/remotes/main [3ms]
2023-09-22 18:59:28.314 [info] > git status -z -uall [10ms]
2023-09-22 18:59:33.338 [info] > git config --get commit.template [8ms]
2023-09-22 18:59:33.341 [info] > git for-each-ref --format=%(refname)%00%(upstream:short)%00%(objectname)%00%(upstream:track)%00%(upstream:remotename)%00%(upstream:remoteref) refs/heads/main refs/remotes/main [3ms]
2023-09-22 18:59:33.357 [info] > git status -z -uall [9ms]
2023-09-22 18:59:38.383 [info] > git config --get commit.template [8ms]
2023-09-22 18:59:38.387 [info] > git for-each-ref --format=%(refname)%00%(upstream:short)%00%(objectname)%00%(upstream:track)%00%(upstream:remotename)%00%(upstream:remoteref) refs/heads/main refs/remotes/main [5ms]
2023-09-22 18:59:38.403 [info] > git status -z -uall [8ms]
2023-09-22 18:59:43.433 [info] > git config --get commit.template [13ms]
2023-09-22 18:59:43.435 [info] > git for-each-ref --format=%(refname)%00%(upstream:short)%00%(objectname)%00%(upstream:track)%00%(upstream:remotename)%00%(upstream:remoteref) refs/heads/main refs/remotes/main [3ms]
2023-09-22 18:59:43.482 [info] > git status -z -uall [37ms]
2023-09-22 18:59:48.510 [info] > git config --get commit.template [6ms]
2023-09-22 18:59:48.513 [info] > git for-each-ref --format=%(refname)%00%(upstream:short)%00%(objectname)%00%(upstream:track)%00%(upstream:remotename)%00%(upstream:remoteref) refs/heads/main refs/remotes/main [3ms]
2023-09-22 18:59:48.526 [info] > git status -z -uall [8ms]
2023-09-22 18:59:53.549 [info] > git config --get commit.template [8ms]
2023-09-22 18:59:53.551 [info] > git for-each-ref --format=%(refname)%00%(upstream:short)%00%(objectname)%00%(upstream:track)%00%(upstream:remotename)%00%(upstream:remoteref) refs/heads/main refs/remotes/main [3ms]
2023-09-22 18:59:53.568 [info] > git status -z -uall [10ms]
2023-09-22 18:59:58.587 [info] > git config --get commit.template [6ms]
2023-09-22 18:59:58.590 [info] > git for-each-ref --format=%(refname)%00%(upstream:short)%00%(objectname)%00%(upstream:track)%00%(upstream:remotename)%00%(upstream:remoteref) refs/heads/main refs/remotes/main [4ms]
2023-09-22 18:59:58.606 [info] > git status -z -uall [10ms]
2023-09-22 19:00:03.641 [info] > git config --get commit.template [10ms]
2023-09-22 19:00:03.642 [info] > git for-each-ref --format=%(refname)%00%(upstream:short)%00%(objectname)%00%(upstream:track)%00%(upstream:remotename)%00%(upstream:remoteref) refs/heads/main refs/remotes/main [4ms]
2023-09-22 19:00:03.660 [info] > git status -z -uall [10ms]
2023-09-22 19:00:08.686 [info] > git config --get commit.template [8ms]
2023-09-22 19:00:08.690 [info] > git for-each-ref --format=%(refname)%00%(upstream:short)%00%(objectname)%00%(upstream:track)%00%(upstream:remotename)%00%(upstream:remoteref) refs/heads/main refs/remotes/main [5ms]
2023-09-22 19:00:08.706 [info] > git status -z -uall [9ms]
2023-09-22 19:00:13.733 [info] > git config --get commit.template [7ms]
2023-09-22 19:00:13.735 [info] > git for-each-ref --format=%(refname)%00%(upstream:short)%00%(objectname)%00%(upstream:track)%00%(upstream:remotename)%00%(upstream:remoteref) refs/heads/main refs/remotes/main [3ms]
2023-09-22 19:00:13.750 [info] > git status -z -uall [10ms]
2023-09-22 19:00:18.784 [info] > git config --get commit.template [14ms]
2023-09-22 19:00:18.787 [info] > git for-each-ref --format=%(refname)%00%(upstream:short)%00%(objectname)%00%(upstream:track)%00%(upstream:remotename)%00%(upstream:remoteref) refs/heads/main refs/remotes/main [4ms]
2023-09-22 19:00:18.802 [info] > git status -z -uall [10ms]
2023-09-22 19:00:23.823 [info] > git config --get commit.template [6ms]
2023-09-22 19:00:23.827 [info] > git for-each-ref --format=%(refname)%00%(upstream:short)%00%(objectname)%00%(upstream:track)%00%(upstream:remotename)%00%(upstream:remoteref) refs/heads/main refs/remotes/main [5ms]
2023-09-22 19:00:23.842 [info] > git status -z -uall [10ms]
2023-09-22 19:00:28.865 [info] > git config --get commit.template [6ms]
2023-09-22 19:00:28.869 [info] > git for-each-ref --format=%(refname)%00%(upstream:short)%00%(objectname)%00%(upstream:track)%00%(upstream:remotename)%00%(upstream:remoteref) refs/heads/main refs/remotes/main [4ms]
2023-09-22 19:00:28.882 [info] > git status -z -uall [7ms]
2023-09-22 19:00:33.904 [info] > git config --get commit.template [7ms]
2023-09-22 19:00:33.906 [info] > git for-each-ref --format=%(refname)%00%(upstream:short)%00%(objectname)%00%(upstream:track)%00%(upstream:remotename)%00%(upstream:remoteref) refs/heads/main refs/remotes/main [3ms]
2023-09-22 19:00:33.920 [info] > git status -z -uall [9ms]
2023-09-22 19:00:38.948 [info] > git config --get commit.template [7ms]
2023-09-22 19:00:38.951 [info] > git for-each-ref --format=%(refname)%00%(upstream:short)%00%(objectname)%00%(upstream:track)%00%(upstream:remotename)%00%(upstream:remoteref) refs/heads/main refs/remotes/main [4ms]
2023-09-22 19:00:38.965 [info] > git status -z -uall [9ms]
