2023-09-21 12:13:01.362 [info] Reading sessions from keychain...
2023-09-21 12:13:01.362 [info] Getting sessions for all scopes...
2023-09-21 12:13:01.362 [info] Getting sessions for all scopes...
2023-09-21 12:13:01.362 [info] Got 0 sessions for ...
2023-09-21 12:13:01.362 [info] Got 0 sessions for ...
2023-09-21 12:13:01.362 [info] Getting sessions for user:email...
2023-09-21 12:13:01.362 [info] Got 0 sessions for user:email...
2023-09-21 12:13:02.612 [info] Getting sessions for all scopes...
2023-09-21 12:13:02.612 [info] Got 0 sessions for ...
2023-09-21 12:14:06.519 [info] Reading sessions from keychain...
2023-09-21 12:14:06.519 [info] Getting sessions for all scopes...
2023-09-21 12:14:06.519 [info] Getting sessions for user:email...
2023-09-21 12:14:06.627 [info] Got 0 sessions for ...
2023-09-21 12:14:06.627 [info] Got 0 sessions for user:email...
2023-09-21 12:14:06.696 [info] Getting sessions for all scopes...
2023-09-21 12:14:06.696 [info] Got 0 sessions for ...
2023-09-21 12:14:06.937 [info] Getting sessions for all scopes...
2023-09-21 12:14:06.938 [info] Got 0 sessions for ...
2023-09-21 12:14:09.907 [info] Getting sessions for read:user,repo,user:email,workflow...
2023-09-21 12:14:09.907 [info] Got 0 sessions for read:user,repo,user:email,workflow...
