2023-09-21 15:36:49.023 [info] Log level: Info
2023-09-21 15:36:49.023 [info] Validating found git in: "git"
2023-09-21 15:36:49.023 [info] Using git "2.34.1" from "git"
2023-09-21 15:36:49.023 [info] > git rev-parse --show-toplevel [89ms]
2023-09-21 15:36:49.034 [info] > git rev-parse --git-dir --git-common-dir [136ms]
2023-09-21 15:36:49.088 [info] Open repository: /home/user/webpages_tech/lab-04-201
2023-09-21 15:36:49.407 [info] > git config --get commit.template [98ms]
2023-09-21 15:36:49.485 [info] > git rev-parse --show-toplevel [91ms]
2023-09-21 15:36:49.640 [info] > git for-each-ref --format=%(refname)%00%(upstream:short)%00%(objectname)%00%(upstream:track)%00%(upstream:remotename)%00%(upstream:remoteref) refs/heads/main refs/remotes/main [68ms]
2023-09-21 15:36:49.669 [info] > git rev-parse --show-toplevel [28ms]
2023-09-21 15:36:50.240 [info] > git status -z -uall [574ms]
2023-09-21 15:36:50.240 [info] > git rev-parse --show-toplevel [525ms]
2023-09-21 15:36:50.820 [info] > git config --get commit.template [168ms]
2023-09-21 15:36:51.141 [info] > git for-each-ref --format=%(refname)%00%(upstream:short)%00%(objectname)%00%(upstream:track)%00%(upstream:remotename)%00%(upstream:remoteref) refs/heads/main refs/remotes/main [322ms]
2023-09-21 15:36:51.684 [info] > git status -z -uall [452ms]
2023-09-21 15:36:52.098 [info] > git check-ignore -v -z --stdin [115ms]
2023-09-21 15:36:56.180 [info] > git show --textconv :index.html [82ms]
2023-09-21 15:36:56.184 [info] > git ls-files --stage -- /home/user/webpages_tech/lab-04-201/index.html [74ms]
2023-09-21 15:36:56.242 [info] > git cat-file -s 364cac54dcfc03db7653fd701ba68c7cb98613b4 [14ms]
2023-09-21 15:36:58.160 [info] > git config --get commit.template [9ms]
2023-09-21 15:36:58.164 [info] > git for-each-ref --format=%(refname)%00%(upstream:short)%00%(objectname)%00%(upstream:track)%00%(upstream:remotename)%00%(upstream:remoteref) refs/heads/main refs/remotes/main [6ms]
2023-09-21 15:36:58.180 [info] > git status -z -uall [9ms]
2023-09-21 15:37:05.527 [info] > git config --get commit.template [11ms]
2023-09-21 15:37:05.531 [info] > git for-each-ref --format=%(refname)%00%(upstream:short)%00%(objectname)%00%(upstream:track)%00%(upstream:remotename)%00%(upstream:remoteref) refs/heads/main refs/remotes/main [4ms]
2023-09-21 15:37:05.552 [info] > git status -z -uall [10ms]
2023-09-21 15:37:10.587 [info] > git config --get commit.template [12ms]
2023-09-21 15:37:10.591 [info] > git for-each-ref --format=%(refname)%00%(upstream:short)%00%(objectname)%00%(upstream:track)%00%(upstream:remotename)%00%(upstream:remoteref) refs/heads/main refs/remotes/main [5ms]
2023-09-21 15:37:10.611 [info] > git status -z -uall [9ms]
2023-09-21 15:37:15.641 [info] > git config --get commit.template [9ms]
2023-09-21 15:37:15.644 [info] > git for-each-ref --format=%(refname)%00%(upstream:short)%00%(objectname)%00%(upstream:track)%00%(upstream:remotename)%00%(upstream:remoteref) refs/heads/main refs/remotes/main [4ms]
2023-09-21 15:37:15.664 [info] > git status -z -uall [10ms]
2023-09-21 15:37:26.562 [info] > git config --get commit.template [8ms]
2023-09-21 15:37:26.564 [info] > git for-each-ref --format=%(refname)%00%(upstream:short)%00%(objectname)%00%(upstream:track)%00%(upstream:remotename)%00%(upstream:remoteref) refs/heads/main refs/remotes/main [3ms]
2023-09-21 15:37:26.582 [info] > git status -z -uall [9ms]
2023-09-21 15:37:45.651 [info] > git config --get commit.template [10ms]
2023-09-21 15:37:45.655 [info] > git for-each-ref --format=%(refname)%00%(upstream:short)%00%(objectname)%00%(upstream:track)%00%(upstream:remotename)%00%(upstream:remoteref) refs/heads/main refs/remotes/main [5ms]
2023-09-21 15:37:45.674 [info] > git status -z -uall [10ms]
2023-09-21 15:40:07.344 [info] > git config --get commit.template [18ms]
2023-09-21 15:40:07.351 [info] > git ls-files --stage -- /home/user/webpages_tech/lab-04-201/index.html [10ms]
2023-09-21 15:40:07.364 [info] > git cat-file -s 364cac54dcfc03db7653fd701ba68c7cb98613b4 [4ms]
2023-09-21 15:40:07.417 [info] > git show --textconv :index.html [17ms]
2023-09-21 15:40:07.433 [info] > git for-each-ref --format=%(refname)%00%(upstream:short)%00%(objectname)%00%(upstream:track)%00%(upstream:remotename)%00%(upstream:remoteref) refs/heads/main refs/remotes/main [17ms]
2023-09-21 15:40:07.460 [info] > git status -z -uall [17ms]
