2023-09-21 15:33:44.386 [info] Log level: Info
2023-09-21 15:33:44.386 [info] Validating found git in: "git"
2023-09-21 15:33:44.386 [info] Using git "2.34.1" from "git"
2023-09-21 15:33:44.386 [info] > git rev-parse --show-toplevel [94ms]
2023-09-21 15:33:44.386 [info] > git rev-parse --git-dir --git-common-dir [40ms]
2023-09-21 15:33:44.386 [info] Open repository: /home/user/webpages_tech/lab-04-201
2023-09-21 15:33:44.386 [info] > git rev-parse --show-toplevel [62ms]
2023-09-21 15:33:44.386 [info] > git config --get commit.template [189ms]
2023-09-21 15:33:44.393 [info] > git rev-parse --show-toplevel [55ms]
2023-09-21 15:33:44.422 [info] > git for-each-ref --format=%(refname)%00%(upstream:short)%00%(objectname)%00%(upstream:track)%00%(upstream:remotename)%00%(upstream:remoteref) refs/heads/main refs/remotes/main [43ms]
2023-09-21 15:33:44.506 [info] > git rev-parse --show-toplevel [85ms]
2023-09-21 15:33:44.661 [info] > git status -z -uall [159ms]
2023-09-21 15:33:44.982 [info] > git config --get commit.template [125ms]
2023-09-21 15:33:45.766 [info] > git for-each-ref --format=%(refname)%00%(upstream:short)%00%(objectname)%00%(upstream:track)%00%(upstream:remotename)%00%(upstream:remoteref) refs/heads/main refs/remotes/main [35ms]
2023-09-21 15:33:46.018 [info] > git status -z -uall [141ms]
2023-09-21 15:33:47.556 [info] > git check-ignore -v -z --stdin [240ms]
2023-09-21 15:33:50.989 [info] > git show --textconv :index.html [24ms]
2023-09-21 15:33:51.098 [info] > git ls-files --stage -- /home/user/webpages_tech/lab-04-201/index.html [110ms]
2023-09-21 15:33:51.211 [info] > git cat-file -s 364cac54dcfc03db7653fd701ba68c7cb98613b4 [48ms]
2023-09-21 15:33:53.140 [info] > git config --get commit.template [10ms]
2023-09-21 15:33:53.147 [info] > git for-each-ref --format=%(refname)%00%(upstream:short)%00%(objectname)%00%(upstream:track)%00%(upstream:remotename)%00%(upstream:remoteref) refs/heads/main refs/remotes/main [8ms]
2023-09-21 15:33:53.168 [info] > git status -z -uall [12ms]
2023-09-21 15:33:58.196 [info] > git config --get commit.template [11ms]
2023-09-21 15:33:58.201 [info] > git for-each-ref --format=%(refname)%00%(upstream:short)%00%(objectname)%00%(upstream:track)%00%(upstream:remotename)%00%(upstream:remoteref) refs/heads/main refs/remotes/main [4ms]
2023-09-21 15:33:58.218 [info] > git status -z -uall [7ms]
2023-09-21 15:34:07.060 [info] > git config --get commit.template [25ms]
2023-09-21 15:34:07.065 [info] > git for-each-ref --format=%(refname)%00%(upstream:short)%00%(objectname)%00%(upstream:track)%00%(upstream:remotename)%00%(upstream:remoteref) refs/heads/main refs/remotes/main [14ms]
2023-09-21 15:34:07.090 [info] > git status -z -uall [12ms]
2023-09-21 15:34:41.491 [info] > git config --get commit.template [8ms]
2023-09-21 15:34:41.521 [info] > git for-each-ref --format=%(refname)%00%(upstream:short)%00%(objectname)%00%(upstream:track)%00%(upstream:remotename)%00%(upstream:remoteref) refs/heads/main refs/remotes/main [14ms]
2023-09-21 15:34:41.564 [info] > git status -z -uall [24ms]
2023-09-21 15:34:46.590 [info] > git config --get commit.template [12ms]
2023-09-21 15:34:46.591 [info] > git for-each-ref --format=%(refname)%00%(upstream:short)%00%(objectname)%00%(upstream:track)%00%(upstream:remotename)%00%(upstream:remoteref) refs/heads/main refs/remotes/main [3ms]
2023-09-21 15:34:46.607 [info] > git status -z -uall [9ms]
